#
# There is insufficient memory for the Java Runtime Environment to continue.
# Native memory allocation (malloc) failed to allocate 1924656 bytes for Chunk::new
# Possible reasons:
#   The system is out of physical RAM or swap space
#   The process is running with CompressedOops enabled, and the Java Heap may be blocking the growth of the native heap
# Possible solutions:
#   Reduce memory load on the system
#   Increase physical memory or swap space
#   Check if swap backing store is full
#   Decrease Java heap size (-Xmx/-Xms)
#   Decrease number of Java threads
#   Decrease Java thread stack sizes (-Xss)
#   Set larger code cache with -XX:ReservedCodeCacheSize=
#   JVM is running with Unscaled Compressed Oops mode in which the Java heap is
#     placed in the first 4GB address space. The Java Heap base address is the
#     maximum limit for the native heap growth. Please use -XX:HeapBaseMinAddress
#     to set the Java Heap base and to place the Java Heap above 4GB virtual address.
# This output file may be truncated or incomplete.
#
#  Out of Memory Error (./src/hotspot/share/memory/arena.cpp:197), pid=9024, tid=4468
#
# JRE version: OpenJDK Runtime Environment (11.0.10) (build 11.0.10+0-b96-7249189)
# Java VM: OpenJDK 64-Bit Server VM (11.0.10+0-b96-7249189, mixed mode, tiered, compressed oops, g1 gc, windows-amd64)
# No core dump will be written. Minidumps are not enabled by default on client versions of Windows
#

---------------  S U M M A R Y ------------

Command Line: --add-opens=java.base/java.util=ALL-UNNAMED --add-opens=java.base/java.lang=ALL-UNNAMED --add-opens=java.base/java.lang.invoke=ALL-UNNAMED --add-opens=java.base/java.util=ALL-UNNAMED --add-opens=java.prefs/java.util.prefs=ALL-UNNAMED --add-opens=java.prefs/java.util.prefs=ALL-UNNAMED --add-opens=java.base/java.nio.charset=ALL-UNNAMED --add-opens=java.base/java.net=ALL-UNNAMED --add-opens=java.base/java.util.concurrent.atomic=ALL-UNNAMED -Xmx2048m -Dfile.encoding=UTF-8 -Duser.country=US -Duser.language=en -Duser.variant org.gradle.launcher.daemon.bootstrap.GradleDaemon 7.0.2

Host: Intel(R) Core(TM) i3-3240 CPU @ 3.40GHz, 4 cores, 3G,  Windows 7 , 64 bit Build 7601 (6.1.7601.24384)
Time: Wed Oct  6 05:56:04 2021 Taipei Standard Time elapsed time: 13.243305 seconds (0d 0h 0m 13s)

---------------  T H R E A D  ---------------

Current thread (0x000000005d833800):  JavaThread "C2 CompilerThread0" daemon [_thread_in_native, id=4468, stack(0x000000005e3f0000,0x000000005e4f0000)]


Current CompileTask:
C2:  13243 7573   !   4       jdk.internal.loader.Resource::getBytes (242 bytes)

Stack: [0x000000005e3f0000,0x000000005e4f0000]
Native frames: (J=compiled Java code, j=interpreted, Vv=VM code, C=native code)
V  [jvm.dll+0x5ecfaa]
V  [jvm.dll+0x722bd5]
V  [jvm.dll+0x72412d]
V  [jvm.dll+0x7247e3]
V  [jvm.dll+0x242928]
V  [jvm.dll+0xbc4fc]
V  [jvm.dll+0xbca0c]
V  [jvm.dll+0x352d3b]
V  [jvm.dll+0x320ad3]
V  [jvm.dll+0x31ffca]
V  [jvm.dll+0x1fb602]
V  [jvm.dll+0x1fa7f4]
V  [jvm.dll+0x18354c]
V  [jvm.dll+0x208ee7]
V  [jvm.dll+0x207731]
V  [jvm.dll+0x6eb1cf]
V  [jvm.dll+0x6e3d45]
V  [jvm.dll+0x5ebe96]
C  [ucrtbase.DLL+0x682dd]
C  [kernel32.dll+0x1570d]
C  [ntdll.dll+0x5385d]


---------------  P R O C E S S  ---------------

Threads class SMR info:
_java_thread_list=0x0000000067982d60, length=42, elements={
0x00000000003fe000, 0x000000005d810800, 0x000000005d811800, 0x000000005d826800,
0x000000005d82a000, 0x000000005d82d000, 0x000000005d833800, 0x000000005d834800,
0x000000005d836000, 0x000000005e974800, 0x00000000600a1800, 0x0000000060a32800,
0x0000000060222000, 0x00000000600bb800, 0x000000006075d800, 0x0000000060a7d000,
0x00000000609f8800, 0x0000000060948800, 0x0000000060942000, 0x000000006099e000,
0x000000006099f000, 0x00000000609a0000, 0x00000000609a0800, 0x00000000609a1800,
0x00000000609a2000, 0x00000000609a3000, 0x00000000609a4000, 0x00000000609a4800,
0x00000000641f9800, 0x00000000641fa000, 0x00000000641fb000, 0x00000000641fb800,
0x00000000641fc800, 0x00000000641fd800, 0x00000000641ff000, 0x0000000064fa8800,
0x0000000064fa9000, 0x0000000064faa000, 0x0000000064fab000, 0x0000000064e5b800,
0x0000000064e5c000, 0x0000000064e5d000
}

Java Threads: ( => current thread )
  0x00000000003fe000 JavaThread "main" [_thread_blocked, id=3300, stack(0x0000000002180000,0x0000000002280000)]
  0x000000005d810800 JavaThread "Reference Handler" daemon [_thread_blocked, id=4476, stack(0x000000005db80000,0x000000005dc80000)]
  0x000000005d811800 JavaThread "Finalizer" daemon [_thread_blocked, id=4044, stack(0x000000005ddf0000,0x000000005def0000)]
  0x000000005d826800 JavaThread "Signal Dispatcher" daemon [_thread_blocked, id=6312, stack(0x000000005dfc0000,0x000000005e0c0000)]
  0x000000005d82a000 JavaThread "Attach Listener" daemon [_thread_blocked, id=4068, stack(0x000000005dc90000,0x000000005dd90000)]
  0x000000005d82d000 JavaThread "Service Thread" daemon [_thread_blocked, id=6836, stack(0x000000005e110000,0x000000005e210000)]
=>0x000000005d833800 JavaThread "C2 CompilerThread0" daemon [_thread_in_native, id=4468, stack(0x000000005e3f0000,0x000000005e4f0000)]
  0x000000005d834800 JavaThread "C1 CompilerThread0" daemon [_thread_blocked, id=424, stack(0x000000005e5e0000,0x000000005e6e0000)]
  0x000000005d836000 JavaThread "Sweeper thread" daemon [_thread_blocked, id=5892, stack(0x000000005e790000,0x000000005e890000)]
  0x000000005e974800 JavaThread "Common-Cleaner" daemon [_thread_blocked, id=3304, stack(0x000000005e2f0000,0x000000005e3f0000)]
  0x00000000600a1800 JavaThread "Daemon health stats" [_thread_blocked, id=8248, stack(0x000000005f770000,0x000000005f870000)]
  0x0000000060a32800 JavaThread "Incoming local TCP Connector on port 62780" [_thread_in_native, id=8300, stack(0x0000000062230000,0x0000000062330000)]
  0x0000000060222000 JavaThread "Daemon periodic checks" [_thread_blocked, id=6244, stack(0x0000000061fd0000,0x00000000620d0000)]
  0x00000000600bb800 JavaThread "Daemon" [_thread_blocked, id=3660, stack(0x0000000062620000,0x0000000062720000)]
  0x000000006075d800 JavaThread "Handler for socket connection from /127.0.0.1:62780 to /127.0.0.1:62781" [_thread_in_native, id=6668, stack(0x00000000628f0000,0x00000000629f0000)]
  0x0000000060a7d000 JavaThread "Cancel handler" [_thread_blocked, id=6204, stack(0x0000000062760000,0x0000000062860000)]
  0x00000000609f8800 JavaThread "Daemon worker" [_thread_blocked, id=4808, stack(0x0000000062bd0000,0x0000000062cd0000)]
  0x0000000060948800 JavaThread "Asynchronous log dispatcher for DefaultDaemonConnection: socket connection from /127.0.0.1:62780 to /127.0.0.1:62781" [_thread_blocked, id=5832, stack(0x0000000062a90000,0x0000000062b90000)]
  0x0000000060942000 JavaThread "Stdin handler" [_thread_blocked, id=1860, stack(0x0000000062de0000,0x0000000062ee0000)]
  0x000000006099e000 JavaThread "Daemon client event forwarder" [_thread_blocked, id=3228, stack(0x0000000062fb0000,0x00000000630b0000)]
  0x000000006099f000 JavaThread "Cache worker for file hash cache (C:\Users\KL_Schweizer\.gradle\caches\7.0.2\fileHashes)" [_thread_blocked, id=8600, stack(0x0000000063630000,0x0000000063730000)]
  0x00000000609a0000 JavaThread "File lock request listener" [_thread_in_native, id=3948, stack(0x0000000063800000,0x0000000063900000)]
  0x00000000609a0800 JavaThread "Cache worker for journal cache (C:\Users\KL_Schweizer\.gradle\caches\journal-1)" [_thread_blocked, id=6848, stack(0x0000000063c40000,0x0000000063d40000)]
  0x00000000609a1800 JavaThread "Cache worker for file hash cache (D:\Programming Workspaces\Android Studio\Um-Online-Appointment-System\.gradle\7.0.2\fileHashes)" [_thread_blocked, id=892, stack(0x0000000063fb0000,0x00000000640b0000)]
  0x00000000609a2000 JavaThread "File watcher server" daemon [_thread_in_native, id=5668, stack(0x0000000065130000,0x0000000065230000)]
  0x00000000609a3000 JavaThread "File watcher consumer" daemon [_thread_blocked, id=1668, stack(0x0000000065350000,0x0000000065450000)]
  0x00000000609a4000 JavaThread "jar transforms" [_thread_blocked, id=6612, stack(0x0000000065670000,0x0000000065770000)]
  0x00000000609a4800 JavaThread "jar transforms Thread 2" [_thread_blocked, id=7184, stack(0x00000000657e0000,0x00000000658e0000)]
  0x00000000641f9800 JavaThread "jar transforms Thread 3" [_thread_blocked, id=4748, stack(0x0000000065230000,0x0000000065330000)]
  0x00000000641fa000 JavaThread "jar transforms Thread 4" [_thread_blocked, id=1648, stack(0x00000000659f0000,0x0000000065af0000)]
  0x00000000641fb000 JavaThread "Cache worker for checksums cache (D:\Programming Workspaces\Android Studio\Um-Online-Appointment-System\.gradle\checksums)" [_thread_blocked, id=7812, stack(0x0000000063b10000,0x0000000063c10000)]
  0x00000000641fb800 JavaThread "Cache worker for cache directory md-supplier (C:\Users\KL_Schweizer\.gradle\caches\7.0.2\md-supplier)" [_thread_blocked, id=1432, stack(0x0000000065ba0000,0x0000000065ca0000)]
  0x00000000641fc800 JavaThread "Cache worker for cache directory md-rule (C:\Users\KL_Schweizer\.gradle\caches\7.0.2\md-rule)" [_thread_blocked, id=7112, stack(0x0000000066040000,0x0000000066140000)]
  0x00000000641fd800 JavaThread "Cache worker for execution history cache (C:\Users\KL_Schweizer\.gradle\caches\7.0.2\executionHistory)" [_thread_blocked, id=7424, stack(0x0000000066220000,0x0000000066320000)]
  0x00000000641ff000 JavaThread "Cache worker for file content cache (C:\Users\KL_Schweizer\.gradle\caches\7.0.2\fileContent)" [_thread_blocked, id=7628, stack(0x00000000658f0000,0x00000000659f0000)]
  0x0000000064fa8800 JavaThread "Cache worker for dependencies-accessors (D:\Programming Workspaces\Android Studio\Um-Online-Appointment-System\.gradle\7.0.2\dependencies-accessors)" [_thread_blocked, id=3572, stack(0x0000000068290000,0x0000000068390000)]
  0x0000000064fa9000 JavaThread "Cache worker for Build Output Cleanup Cache (D:\Programming Workspaces\Android Studio\Um-Online-Appointment-System\.gradle\buildOutputCleanup)" [_thread_blocked, id=1688, stack(0x0000000065f10000,0x0000000066010000)]
  0x0000000064faa000 JavaThread "Build operations" [_thread_blocked, id=5872, stack(0x00000000689a0000,0x0000000068aa0000)]
  0x0000000064fab000 JavaThread "Build operations Thread 2" [_thread_blocked, id=6588, stack(0x0000000068ad0000,0x0000000068bd0000)]
  0x0000000064e5b800 JavaThread "Build operations Thread 3" [_thread_blocked, id=2412, stack(0x0000000062cd0000,0x0000000062dd0000)]
  0x0000000064e5c000 JavaThread "Build operations Thread 4" [_thread_blocked, id=5720, stack(0x00000000683c0000,0x00000000684c0000)]
  0x0000000064e5d000 JavaThread "Memory manager" [_thread_blocked, id=9008, stack(0x000000006a9a0000,0x000000006aaa0000)]

Other Threads:
  0x000000005d80d000 VMThread "VM Thread" [stack: 0x000000005d960000,0x000000005da60000] [id=5532]
  0x000000005e9b7000 WatcherThread [stack: 0x000000005ecb0000,0x000000005edb0000] [id=6704]
  0x0000000000416000 GCTaskThread "GC Thread#0" [stack: 0x0000000015300000,0x0000000015400000] [id=7272]
  0x000000005f1ab000 GCTaskThread "GC Thread#1" [stack: 0x000000005f870000,0x000000005f970000] [id=952]
  0x000000006098a000 GCTaskThread "GC Thread#2" [stack: 0x0000000063270000,0x0000000063370000] [id=9128]
  0x000000006098b000 GCTaskThread "GC Thread#3" [stack: 0x00000000630b0000,0x00000000631b0000] [id=7864]
  0x0000000000446000 ConcurrentGCThread "G1 Main Marker" [stack: 0x000000001a5d0000,0x000000001a6d0000] [id=7524]
  0x0000000000447800 ConcurrentGCThread "G1 Conc#0" [stack: 0x000000001a490000,0x000000001a590000] [id=6784]
  0x000000001cb30800 ConcurrentGCThread "G1 Refine#0" [stack: 0x000000001cc70000,0x000000001cd70000] [id=888]
  0x000000001cb31000 ConcurrentGCThread "G1 Young RemSet Sampling" [stack: 0x000000001ce10000,0x000000001cf10000] [id=1640]

Threads with active compile tasks:
C2 CompilerThread0  13323 7573   !   4       jdk.internal.loader.Resource::getBytes (242 bytes)

VM state:at safepoint (normal execution)

VM Mutex/Monitor currently owned by a thread:  ([mutex/lock_event])
[0x00000000003f9e30] Threads_lock - owner thread: 0x000000005d80d000
[0x00000000003fa610] Heap_lock - owner thread: 0x00000000609f8800

Heap address: 0x0000000080000000, size: 2048 MB, Compressed Oops mode: 32-bit
Narrow klass base: 0x0000000000000000, Narrow klass shift: 0
Compressed class space size: 1073741824 Address: 0x000000001cf10000

Heap:
 garbage-first heap   total 174080K, used 83744K [0x0000000080000000, 0x0000000100000000)
  region size 1024K, 4 young (4096K), 4 survivors (4096K)
 Metaspace       used 77799K, capacity 80029K, committed 80100K, reserved 1126400K
  class space    used 10200K, capacity 10940K, committed 11008K, reserved 1048576K
Heap Regions: E=young(eden), S=young(survivor), O=old, HS=humongous(starts), HC=humongous(continues), CS=collection set, F=free, A=archive, TAMS=top-at-mark-start (previous, next)
|   0|0x0000000080000000, 0x0000000080100000, 0x0000000080100000|100%| O|  |TAMS 0x0000000080100000, 0x0000000080100000| Untracked 
|   1|0x0000000080100000, 0x0000000080200000, 0x0000000080200000|100%| O|  |TAMS 0x0000000080200000, 0x0000000080200000| Untracked 
|   2|0x0000000080200000, 0x0000000080300000, 0x0000000080300000|100%| O|  |TAMS 0x0000000080300000, 0x0000000080300000| Untracked 
|   3|0x0000000080300000, 0x0000000080400000, 0x0000000080400000|100%|HS|  |TAMS 0x0000000080400000, 0x0000000080400000| Complete 
|   4|0x0000000080400000, 0x0000000080500000, 0x0000000080500000|100%|HC|  |TAMS 0x0000000080500000, 0x0000000080500000| Complete 
|   5|0x0000000080500000, 0x0000000080600000, 0x0000000080600000|100%|HC|  |TAMS 0x0000000080600000, 0x0000000080600000| Complete 
|   6|0x0000000080600000, 0x0000000080700000, 0x0000000080700000|100%| O|  |TAMS 0x0000000080700000, 0x0000000080700000| Untracked 
|   7|0x0000000080700000, 0x0000000080800000, 0x0000000080800000|100%| O|  |TAMS 0x0000000080800000, 0x0000000080800000| Untracked 
|   8|0x0000000080800000, 0x0000000080900000, 0x0000000080900000|100%| O|  |TAMS 0x0000000080900000, 0x0000000080900000| Untracked 
|   9|0x0000000080900000, 0x0000000080a00000, 0x0000000080a00000|100%| O|  |TAMS 0x0000000080a00000, 0x0000000080a00000| Untracked 
|  10|0x0000000080a00000, 0x0000000080b00000, 0x0000000080b00000|100%| O|  |TAMS 0x0000000080b00000, 0x0000000080b00000| Untracked 
|  11|0x0000000080b00000, 0x0000000080c00000, 0x0000000080c00000|100%| O|  |TAMS 0x0000000080c00000, 0x0000000080c00000| Untracked 
|  12|0x0000000080c00000, 0x0000000080d00000, 0x0000000080d00000|100%| O|  |TAMS 0x0000000080d00000, 0x0000000080d00000| Untracked 
|  13|0x0000000080d00000, 0x0000000080e00000, 0x0000000080e00000|100%| O|  |TAMS 0x0000000080e00000, 0x0000000080e00000| Untracked 
|  14|0x0000000080e00000, 0x0000000080f00000, 0x0000000080f00000|100%| O|  |TAMS 0x0000000080f00000, 0x0000000080f00000| Untracked 
|  15|0x0000000080f00000, 0x0000000081000000, 0x0000000081000000|100%| O|  |TAMS 0x0000000081000000, 0x0000000081000000| Untracked 
|  16|0x0000000081000000, 0x0000000081100000, 0x0000000081100000|100%|HS|  |TAMS 0x0000000081100000, 0x0000000081100000| Complete 
|  17|0x0000000081100000, 0x0000000081200000, 0x0000000081200000|100%|HC|  |TAMS 0x0000000081200000, 0x0000000081200000| Complete 
|  18|0x0000000081200000, 0x0000000081300000, 0x0000000081300000|100%|HS|  |TAMS 0x0000000081300000, 0x0000000081300000| Complete 
|  19|0x0000000081300000, 0x0000000081400000, 0x0000000081400000|100%|HC|  |TAMS 0x0000000081400000, 0x0000000081400000| Complete 
|  20|0x0000000081400000, 0x0000000081500000, 0x0000000081500000|100%|HC|  |TAMS 0x0000000081500000, 0x0000000081500000| Complete 
|  21|0x0000000081500000, 0x0000000081600000, 0x0000000081600000|100%|HS|  |TAMS 0x0000000081600000, 0x0000000081600000| Complete 
|  22|0x0000000081600000, 0x0000000081700000, 0x0000000081700000|100%|HC|  |TAMS 0x0000000081700000, 0x0000000081700000| Complete 
|  23|0x0000000081700000, 0x0000000081800000, 0x0000000081800000|100%|HC|  |TAMS 0x0000000081800000, 0x0000000081800000| Complete 
|  24|0x0000000081800000, 0x0000000081900000, 0x0000000081900000|100%|HC|  |TAMS 0x0000000081900000, 0x0000000081900000| Complete 
|  25|0x0000000081900000, 0x0000000081a00000, 0x0000000081a00000|100%|HC|  |TAMS 0x0000000081a00000, 0x0000000081a00000| Complete 
|  26|0x0000000081a00000, 0x0000000081b00000, 0x0000000081b00000|100%| O|  |TAMS 0x0000000081b00000, 0x0000000081b00000| Untracked 
|  27|0x0000000081b00000, 0x0000000081c00000, 0x0000000081c00000|100%| O|  |TAMS 0x0000000081c00000, 0x0000000081c00000| Untracked 
|  28|0x0000000081c00000, 0x0000000081d00000, 0x0000000081d00000|100%| O|  |TAMS 0x0000000081d00000, 0x0000000081d00000| Untracked 
|  29|0x0000000081d00000, 0x0000000081e00000, 0x0000000081e00000|100%| O|  |TAMS 0x0000000081e00000, 0x0000000081e00000| Untracked 
|  30|0x0000000081e00000, 0x0000000081f00000, 0x0000000081f00000|100%| O|  |TAMS 0x0000000081f00000, 0x0000000081f00000| Untracked 
|  31|0x0000000081f00000, 0x0000000082000000, 0x0000000082000000|100%| O|  |TAMS 0x0000000082000000, 0x0000000082000000| Untracked 
|  32|0x0000000082000000, 0x0000000082100000, 0x0000000082100000|100%| O|  |TAMS 0x0000000082100000, 0x0000000082100000| Untracked 
|  33|0x0000000082100000, 0x0000000082200000, 0x0000000082200000|100%|HS|  |TAMS 0x0000000082200000, 0x0000000082200000| Complete 
|  34|0x0000000082200000, 0x0000000082300000, 0x0000000082300000|100%|HC|  |TAMS 0x0000000082300000, 0x0000000082300000| Complete 
|  35|0x0000000082300000, 0x0000000082400000, 0x0000000082400000|100%|HC|  |TAMS 0x0000000082400000, 0x0000000082400000| Complete 
|  36|0x0000000082400000, 0x0000000082500000, 0x0000000082500000|100%| O|  |TAMS 0x0000000082500000, 0x0000000082500000| Untracked 
|  37|0x0000000082500000, 0x0000000082600000, 0x0000000082600000|100%| O|  |TAMS 0x0000000082600000, 0x0000000082600000| Untracked 
|  38|0x0000000082600000, 0x0000000082700000, 0x0000000082700000|100%| O|  |TAMS 0x0000000082700000, 0x0000000082700000| Untracked 
|  39|0x0000000082700000, 0x0000000082800000, 0x0000000082800000|100%| O|  |TAMS 0x0000000082800000, 0x0000000082800000| Untracked 
|  40|0x0000000082800000, 0x0000000082900000, 0x0000000082900000|100%|HS|  |TAMS 0x0000000082900000, 0x0000000082900000| Complete 
|  41|0x0000000082900000, 0x0000000082a00000, 0x0000000082a00000|100%|HC|  |TAMS 0x0000000082a00000, 0x0000000082a00000| Complete 
|  42|0x0000000082a00000, 0x0000000082b00000, 0x0000000082b00000|100%|HC|  |TAMS 0x0000000082b00000, 0x0000000082b00000| Complete 
|  43|0x0000000082b00000, 0x0000000082c00000, 0x0000000082c00000|100%|HC|  |TAMS 0x0000000082c00000, 0x0000000082c00000| Complete 
|  44|0x0000000082c00000, 0x0000000082d00000, 0x0000000082d00000|100%|HC|  |TAMS 0x0000000082d00000, 0x0000000082d00000| Complete 
|  45|0x0000000082d00000, 0x0000000082e00000, 0x0000000082e00000|100%| O|  |TAMS 0x0000000082e00000, 0x0000000082e00000| Untracked 
|  46|0x0000000082e00000, 0x0000000082f00000, 0x0000000082f00000|100%| O|  |TAMS 0x0000000082f00000, 0x0000000082f00000| Untracked 
|  47|0x0000000082f00000, 0x0000000083000000, 0x0000000083000000|100%| O|  |TAMS 0x0000000083000000, 0x0000000083000000| Untracked 
|  48|0x0000000083000000, 0x0000000083100000, 0x0000000083100000|100%| O|  |TAMS 0x0000000083100000, 0x0000000083100000| Untracked 
|  49|0x0000000083100000, 0x0000000083200000, 0x0000000083200000|100%| O|  |TAMS 0x0000000083200000, 0x0000000083200000| Untracked 
|  50|0x0000000083200000, 0x0000000083300000, 0x0000000083300000|100%| O|  |TAMS 0x0000000083300000, 0x0000000083300000| Untracked 
|  51|0x0000000083300000, 0x0000000083400000, 0x0000000083400000|100%| O|  |TAMS 0x0000000083400000, 0x0000000083400000| Untracked 
|  52|0x0000000083400000, 0x0000000083500000, 0x0000000083500000|100%|HS|  |TAMS 0x0000000083500000, 0x0000000083500000| Complete 
|  53|0x0000000083500000, 0x0000000083600000, 0x0000000083600000|100%| O|  |TAMS 0x0000000083600000, 0x0000000083600000| Untracked 
|  54|0x0000000083600000, 0x0000000083700000, 0x0000000083700000|100%| O|  |TAMS 0x0000000083700000, 0x0000000083700000| Untracked 
|  55|0x0000000083700000, 0x0000000083800000, 0x0000000083800000|100%|HS|  |TAMS 0x0000000083800000, 0x0000000083800000| Complete 
|  56|0x0000000083800000, 0x0000000083900000, 0x0000000083900000|100%|HS|  |TAMS 0x0000000083900000, 0x0000000083900000| Complete 
|  57|0x0000000083900000, 0x0000000083a00000, 0x0000000083a00000|100%|HC|  |TAMS 0x0000000083a00000, 0x0000000083a00000| Complete 
|  58|0x0000000083a00000, 0x0000000083b00000, 0x0000000083b00000|100%| O|  |TAMS 0x0000000083b00000, 0x0000000083b00000| Untracked 
|  59|0x0000000083b00000, 0x0000000083c00000, 0x0000000083c00000|100%| O|  |TAMS 0x0000000083c00000, 0x0000000083c00000| Untracked 
|  60|0x0000000083c00000, 0x0000000083d00000, 0x0000000083d00000|100%| O|  |TAMS 0x0000000083d00000, 0x0000000083d00000| Untracked 
|  61|0x0000000083d00000, 0x0000000083e00000, 0x0000000083e00000|100%| O|  |TAMS 0x0000000083e00000, 0x0000000083e00000| Untracked 
|  62|0x0000000083e00000, 0x0000000083f00000, 0x0000000083f00000|100%| O|  |TAMS 0x0000000083f00000, 0x0000000083f00000| Untracked 
|  63|0x0000000083f00000, 0x0000000084000000, 0x0000000084000000|100%| O|  |TAMS 0x0000000084000000, 0x0000000084000000| Untracked 
|  64|0x0000000084000000, 0x0000000084100000, 0x0000000084100000|100%| O|  |TAMS 0x0000000084100000, 0x0000000084100000| Untracked 
|  65|0x0000000084100000, 0x0000000084200000, 0x0000000084200000|100%| O|  |TAMS 0x0000000084200000, 0x0000000084200000| Untracked 
|  66|0x0000000084200000, 0x0000000084300000, 0x0000000084300000|100%| O|  |TAMS 0x00000000842e6c00, 0x0000000084300000| Untracked 
|  67|0x0000000084300000, 0x0000000084400000, 0x0000000084400000|100%| O|  |TAMS 0x0000000084300000, 0x0000000084400000| Untracked 
|  68|0x0000000084400000, 0x0000000084500000, 0x0000000084500000|100%| O|  |TAMS 0x0000000084400000, 0x0000000084500000| Untracked 
|  69|0x0000000084500000, 0x0000000084600000, 0x0000000084600000|100%| O|  |TAMS 0x0000000084500000, 0x0000000084600000| Untracked 
|  70|0x0000000084600000, 0x0000000084700000, 0x0000000084700000|100%| O|  |TAMS 0x0000000084600000, 0x0000000084700000| Untracked 
|  71|0x0000000084700000, 0x0000000084800000, 0x0000000084800000|100%| O|  |TAMS 0x0000000084700000, 0x0000000084800000| Untracked 
|  72|0x0000000084800000, 0x0000000084900000, 0x0000000084900000|100%| O|  |TAMS 0x0000000084800000, 0x0000000084900000| Untracked 
|  73|0x0000000084900000, 0x0000000084a00000, 0x0000000084a00000|100%| O|  |TAMS 0x0000000084900000, 0x0000000084a00000| Untracked 
|  74|0x0000000084a00000, 0x0000000084b00000, 0x0000000084b00000|100%| O|  |TAMS 0x0000000084a00000, 0x0000000084b00000| Untracked 
|  75|0x0000000084b00000, 0x0000000084c00000, 0x0000000084c00000|100%| O|  |TAMS 0x0000000084b00000, 0x0000000084c00000| Untracked 
|  76|0x0000000084c00000, 0x0000000084d00000, 0x0000000084d00000|100%| O|  |TAMS 0x0000000084c00000, 0x0000000084d00000| Untracked 
|  77|0x0000000084d00000, 0x0000000084e00000, 0x0000000084e00000|100%| O|  |TAMS 0x0000000084d00000, 0x0000000084e00000| Untracked 
|  78|0x0000000084e00000, 0x0000000084e77c08, 0x0000000084f00000| 46%| O|  |TAMS 0x0000000084e00000, 0x0000000084e77c08| Untracked 
|  79|0x0000000084f00000, 0x0000000084f00000, 0x0000000085000000|  0%| F|  |TAMS 0x0000000084f00000, 0x0000000084f00000| Untracked 
|  80|0x0000000085000000, 0x0000000085000000, 0x0000000085100000|  0%| F|  |TAMS 0x0000000085000000, 0x0000000085000000| Untracked 
|  81|0x0000000085100000, 0x0000000085100000, 0x0000000085200000|  0%| F|  |TAMS 0x0000000085100000, 0x0000000085100000| Untracked 
|  82|0x0000000085200000, 0x0000000085200000, 0x0000000085300000|  0%| F|  |TAMS 0x0000000085200000, 0x0000000085200000| Untracked 
|  83|0x0000000085300000, 0x0000000085300000, 0x0000000085400000|  0%| F|  |TAMS 0x0000000085300000, 0x0000000085300000| Untracked 
|  84|0x0000000085400000, 0x0000000085400000, 0x0000000085500000|  0%| F|  |TAMS 0x0000000085400000, 0x0000000085400000| Untracked 
|  85|0x0000000085500000, 0x0000000085500000, 0x0000000085600000|  0%| F|  |TAMS 0x0000000085500000, 0x0000000085500000| Untracked 
|  86|0x0000000085600000, 0x0000000085600000, 0x0000000085700000|  0%| F|  |TAMS 0x0000000085600000, 0x0000000085600000| Untracked 
|  87|0x0000000085700000, 0x0000000085700000, 0x0000000085800000|  0%| F|  |TAMS 0x0000000085700000, 0x0000000085700000| Untracked 
|  88|0x0000000085800000, 0x0000000085800000, 0x0000000085900000|  0%| F|  |TAMS 0x0000000085800000, 0x0000000085800000| Untracked 
|  89|0x0000000085900000, 0x0000000085900000, 0x0000000085a00000|  0%| F|  |TAMS 0x0000000085900000, 0x0000000085900000| Untracked 
|  90|0x0000000085a00000, 0x0000000085a00000, 0x0000000085b00000|  0%| F|  |TAMS 0x0000000085a00000, 0x0000000085a00000| Untracked 
|  91|0x0000000085b00000, 0x0000000085b00000, 0x0000000085c00000|  0%| F|  |TAMS 0x0000000085b00000, 0x0000000085b00000| Untracked 
|  92|0x0000000085c00000, 0x0000000085c00000, 0x0000000085d00000|  0%| F|  |TAMS 0x0000000085c00000, 0x0000000085c00000| Untracked 
|  93|0x0000000085d00000, 0x0000000085d00000, 0x0000000085e00000|  0%| F|  |TAMS 0x0000000085d00000, 0x0000000085d00000| Untracked 
|  94|0x0000000085e00000, 0x0000000085e00000, 0x0000000085f00000|  0%| F|  |TAMS 0x0000000085e00000, 0x0000000085e00000| Untracked 
|  95|0x0000000085f00000, 0x0000000085f00000, 0x0000000086000000|  0%| F|  |TAMS 0x0000000085f00000, 0x0000000085f00000| Untracked 
|  96|0x0000000086000000, 0x0000000086000000, 0x0000000086100000|  0%| F|  |TAMS 0x0000000086000000, 0x0000000086000000| Untracked 
|  97|0x0000000086100000, 0x0000000086100000, 0x0000000086200000|  0%| F|  |TAMS 0x0000000086100000, 0x0000000086100000| Untracked 
|  98|0x0000000086200000, 0x0000000086200000, 0x0000000086300000|  0%| F|  |TAMS 0x0000000086200000, 0x0000000086200000| Untracked 
|  99|0x0000000086300000, 0x0000000086300000, 0x0000000086400000|  0%| F|  |TAMS 0x0000000086300000, 0x0000000086300000| Untracked 
| 100|0x0000000086400000, 0x0000000086400000, 0x0000000086500000|  0%| F|  |TAMS 0x0000000086400000, 0x0000000086400000| Untracked 
| 101|0x0000000086500000, 0x0000000086500000, 0x0000000086600000|  0%| F|  |TAMS 0x0000000086500000, 0x0000000086500000| Untracked 
| 102|0x0000000086600000, 0x0000000086600000, 0x0000000086700000|  0%| F|  |TAMS 0x0000000086600000, 0x0000000086600000| Untracked 
| 103|0x0000000086700000, 0x0000000086700000, 0x0000000086800000|  0%| F|  |TAMS 0x0000000086700000, 0x0000000086700000| Untracked 
| 104|0x0000000086800000, 0x0000000086800000, 0x0000000086900000|  0%| F|  |TAMS 0x0000000086800000, 0x0000000086800000| Untracked 
| 105|0x0000000086900000, 0x0000000086900000, 0x0000000086a00000|  0%| F|  |TAMS 0x0000000086900000, 0x0000000086900000| Untracked 
| 106|0x0000000086a00000, 0x0000000086a00000, 0x0000000086b00000|  0%| F|  |TAMS 0x0000000086a00000, 0x0000000086a00000| Untracked 
| 107|0x0000000086b00000, 0x0000000086b00000, 0x0000000086c00000|  0%| F|  |TAMS 0x0000000086b00000, 0x0000000086b00000| Untracked 
| 108|0x0000000086c00000, 0x0000000086c00000, 0x0000000086d00000|  0%| F|  |TAMS 0x0000000086c00000, 0x0000000086c00000| Untracked 
| 109|0x0000000086d00000, 0x0000000086d00000, 0x0000000086e00000|  0%| F|  |TAMS 0x0000000086d00000, 0x0000000086d00000| Untracked 
| 110|0x0000000086e00000, 0x0000000086e00000, 0x0000000086f00000|  0%| F|  |TAMS 0x0000000086e00000, 0x0000000086e00000| Untracked 
| 111|0x0000000086f00000, 0x0000000086f00000, 0x0000000087000000|  0%| F|  |TAMS 0x0000000086f00000, 0x0000000086f00000| Untracked 
| 112|0x0000000087000000, 0x0000000087000000, 0x0000000087100000|  0%| F|  |TAMS 0x0000000087000000, 0x0000000087000000| Untracked 
| 113|0x0000000087100000, 0x0000000087100000, 0x0000000087200000|  0%| F|  |TAMS 0x0000000087100000, 0x0000000087100000| Untracked 
| 114|0x0000000087200000, 0x0000000087200000, 0x0000000087300000|  0%| F|  |TAMS 0x0000000087200000, 0x0000000087200000| Untracked 
| 115|0x0000000087300000, 0x0000000087300000, 0x0000000087400000|  0%| F|  |TAMS 0x0000000087300000, 0x0000000087300000| Untracked 
| 116|0x0000000087400000, 0x0000000087400000, 0x0000000087500000|  0%| F|  |TAMS 0x0000000087400000, 0x0000000087400000| Untracked 
| 117|0x0000000087500000, 0x0000000087500000, 0x0000000087600000|  0%| F|  |TAMS 0x0000000087500000, 0x0000000087500000| Untracked 
| 118|0x0000000087600000, 0x0000000087600000, 0x0000000087700000|  0%| F|  |TAMS 0x0000000087600000, 0x0000000087600000| Untracked 
| 119|0x0000000087700000, 0x0000000087700000, 0x0000000087800000|  0%| F|  |TAMS 0x0000000087700000, 0x0000000087700000| Untracked 
| 120|0x0000000087800000, 0x0000000087800000, 0x0000000087900000|  0%| F|  |TAMS 0x0000000087800000, 0x0000000087800000| Untracked 
| 121|0x0000000087900000, 0x0000000087900000, 0x0000000087a00000|  0%| F|  |TAMS 0x0000000087900000, 0x0000000087900000| Untracked 
| 122|0x0000000087a00000, 0x0000000087a00000, 0x0000000087b00000|  0%| F|  |TAMS 0x0000000087a00000, 0x0000000087a00000| Untracked 
| 123|0x0000000087b00000, 0x0000000087b00000, 0x0000000087c00000|  0%| F|  |TAMS 0x0000000087b00000, 0x0000000087b00000| Untracked 
| 124|0x0000000087c00000, 0x0000000087c00000, 0x0000000087d00000|  0%| F|  |TAMS 0x0000000087c00000, 0x0000000087c00000| Untracked 
| 125|0x0000000087d00000, 0x0000000087d00000, 0x0000000087e00000|  0%| F|  |TAMS 0x0000000087d00000, 0x0000000087d00000| Untracked 
| 126|0x0000000087e00000, 0x0000000087e00000, 0x0000000087f00000|  0%| F|  |TAMS 0x0000000087e00000, 0x0000000087e00000| Untracked 
| 127|0x0000000087f00000, 0x0000000087f00000, 0x0000000088000000|  0%| F|  |TAMS 0x0000000087f00000, 0x0000000087f00000| Untracked 
| 128|0x0000000088000000, 0x0000000088000000, 0x0000000088100000|  0%| F|  |TAMS 0x0000000088000000, 0x0000000088000000| Untracked 
| 129|0x0000000088100000, 0x0000000088100000, 0x0000000088200000|  0%| F|  |TAMS 0x0000000088100000, 0x0000000088100000| Untracked 
| 130|0x0000000088200000, 0x0000000088200000, 0x0000000088300000|  0%| F|  |TAMS 0x0000000088200000, 0x0000000088200000| Untracked 
| 131|0x0000000088300000, 0x0000000088300000, 0x0000000088400000|  0%| F|  |TAMS 0x0000000088300000, 0x0000000088300000| Untracked 
| 132|0x0000000088400000, 0x0000000088400000, 0x0000000088500000|  0%| F|  |TAMS 0x0000000088400000, 0x0000000088400000| Untracked 
| 133|0x0000000088500000, 0x0000000088500000, 0x0000000088600000|  0%| F|  |TAMS 0x0000000088500000, 0x0000000088500000| Untracked 
| 134|0x0000000088600000, 0x0000000088600000, 0x0000000088700000|  0%| F|  |TAMS 0x0000000088600000, 0x0000000088600000| Untracked 
| 135|0x0000000088700000, 0x0000000088700000, 0x0000000088800000|  0%| F|  |TAMS 0x0000000088700000, 0x0000000088700000| Untracked 
| 136|0x0000000088800000, 0x0000000088800000, 0x0000000088900000|  0%| F|  |TAMS 0x0000000088800000, 0x0000000088800000| Untracked 
| 137|0x0000000088900000, 0x0000000088900000, 0x0000000088a00000|  0%| F|  |TAMS 0x0000000088900000, 0x0000000088900000| Untracked 
| 138|0x0000000088a00000, 0x0000000088a00000, 0x0000000088b00000|  0%| F|  |TAMS 0x0000000088a00000, 0x0000000088a00000| Untracked 
| 139|0x0000000088b00000, 0x0000000088b00000, 0x0000000088c00000|  0%| F|  |TAMS 0x0000000088b00000, 0x0000000088b00000| Untracked 
| 140|0x0000000088c00000, 0x0000000088c00000, 0x0000000088d00000|  0%| F|  |TAMS 0x0000000088c00000, 0x0000000088c00000| Untracked 
| 141|0x0000000088d00000, 0x0000000088d00000, 0x0000000088e00000|  0%| F|  |TAMS 0x0000000088d00000, 0x0000000088d00000| Untracked 
| 142|0x0000000088e00000, 0x0000000088e00000, 0x0000000088f00000|  0%| F|  |TAMS 0x0000000088e00000, 0x0000000088e00000| Untracked 
| 143|0x0000000088f00000, 0x0000000088f00000, 0x0000000089000000|  0%| F|  |TAMS 0x0000000088f00000, 0x0000000088f00000| Untracked 
| 144|0x0000000089000000, 0x0000000089000000, 0x0000000089100000|  0%| F|  |TAMS 0x0000000089000000, 0x0000000089000000| Untracked 
| 145|0x0000000089100000, 0x0000000089100000, 0x0000000089200000|  0%| F|  |TAMS 0x0000000089100000, 0x0000000089100000| Untracked 
| 146|0x0000000089200000, 0x0000000089200000, 0x0000000089300000|  0%| F|  |TAMS 0x0000000089200000, 0x0000000089200000| Untracked 
| 147|0x0000000089300000, 0x0000000089300000, 0x0000000089400000|  0%| F|  |TAMS 0x0000000089300000, 0x0000000089300000| Untracked 
| 148|0x0000000089400000, 0x0000000089400000, 0x0000000089500000|  0%| F|  |TAMS 0x0000000089400000, 0x0000000089400000| Untracked 
| 149|0x0000000089500000, 0x0000000089500000, 0x0000000089600000|  0%| F|  |TAMS 0x0000000089500000, 0x0000000089500000| Untracked 
| 150|0x0000000089600000, 0x0000000089600000, 0x0000000089700000|  0%| F|  |TAMS 0x0000000089600000, 0x0000000089600000| Untracked 
| 151|0x0000000089700000, 0x0000000089700000, 0x0000000089800000|  0%| F|  |TAMS 0x0000000089700000, 0x0000000089700000| Untracked 
| 152|0x0000000089800000, 0x0000000089800000, 0x0000000089900000|  0%| F|  |TAMS 0x0000000089800000, 0x0000000089800000| Untracked 
| 153|0x0000000089900000, 0x0000000089900000, 0x0000000089a00000|  0%| F|  |TAMS 0x0000000089900000, 0x0000000089900000| Untracked 
| 154|0x0000000089a00000, 0x0000000089a50650, 0x0000000089b00000| 31%| S|CS|TAMS 0x0000000089a00000, 0x0000000089a00000| Complete 
| 155|0x0000000089b00000, 0x0000000089c00000, 0x0000000089c00000|100%| S|CS|TAMS 0x0000000089b00000, 0x0000000089b00000| Complete 
| 156|0x0000000089c00000, 0x0000000089d00000, 0x0000000089d00000|100%| S|CS|TAMS 0x0000000089c00000, 0x0000000089c00000| Complete 
| 157|0x0000000089d00000, 0x0000000089e00000, 0x0000000089e00000|100%| S|CS|TAMS 0x0000000089d00000, 0x0000000089d00000| Complete 
| 158|0x0000000089e00000, 0x0000000089e00000, 0x0000000089f00000|  0%| F|  |TAMS 0x0000000089e00000, 0x0000000089e00000| Untracked 
| 159|0x0000000089f00000, 0x0000000089f00000, 0x000000008a000000|  0%| F|  |TAMS 0x0000000089f00000, 0x0000000089f00000| Untracked 
| 160|0x000000008a000000, 0x000000008a000000, 0x000000008a100000|  0%| F|  |TAMS 0x000000008a000000, 0x000000008a000000| Untracked 
| 161|0x000000008a100000, 0x000000008a100000, 0x000000008a200000|  0%| F|  |TAMS 0x000000008a100000, 0x000000008a100000| Untracked 
| 162|0x000000008a200000, 0x000000008a200000, 0x000000008a300000|  0%| F|  |TAMS 0x000000008a200000, 0x000000008a200000| Untracked 
| 163|0x000000008a300000, 0x000000008a300000, 0x000000008a400000|  0%| F|  |TAMS 0x000000008a300000, 0x000000008a300000| Untracked 
| 164|0x000000008a400000, 0x000000008a400000, 0x000000008a500000|  0%| F|  |TAMS 0x000000008a400000, 0x000000008a400000| Untracked 
| 165|0x000000008a500000, 0x000000008a500000, 0x000000008a600000|  0%| F|  |TAMS 0x000000008a500000, 0x000000008a500000| Untracked 
| 166|0x000000008a600000, 0x000000008a600000, 0x000000008a700000|  0%| F|  |TAMS 0x000000008a600000, 0x000000008a600000| Untracked 
| 167|0x000000008a700000, 0x000000008a700000, 0x000000008a800000|  0%| F|  |TAMS 0x000000008a700000, 0x000000008a700000| Untracked 
| 168|0x000000008a800000, 0x000000008a800000, 0x000000008a900000|  0%| F|  |TAMS 0x000000008a800000, 0x000000008a800000| Untracked 
| 169|0x000000008a900000, 0x000000008a900000, 0x000000008aa00000|  0%| F|  |TAMS 0x000000008a900000, 0x000000008a900000| Untracked 

Card table byte_map: [0x0000000015c40000,0x0000000016040000] _byte_map_base: 0x0000000015840000

Marking Bits (Prev, Next): (CMBitMap*) 0x000000000043d5c8, (CMBitMap*) 0x000000000043d600
 Prev Bits: [0x0000000016440000, 0x0000000018440000)
 Next Bits: [0x0000000018440000, 0x000000001a440000)

Polling page: 0x0000000000330000

Metaspace:

Usage:
  Non-class:     67.47 MB capacity,    66.02 MB ( 98%) used,     1.26 MB (  2%) free+waste,   196.44 KB ( <1%) overhead. 
      Class:     10.68 MB capacity,     9.96 MB ( 93%) used,   647.24 KB (  6%) free+waste,    92.56 KB ( <1%) overhead. 
       Both:     78.15 MB capacity,    75.98 MB ( 97%) used,     1.89 MB (  2%) free+waste,   289.00 KB ( <1%) overhead. 

Virtual space:
  Non-class space:       76.00 MB reserved,      67.47 MB ( 89%) committed 
      Class space:        1.00 GB reserved,      10.75 MB (  1%) committed 
             Both:        1.07 GB reserved,      78.22 MB (  7%) committed 

Chunk freelists:
   Non-Class:  3.00 KB
       Class:  4.00 KB
        Both:  7.00 KB

MaxMetaspaceSize: 17179869184.00 GB
CompressedClassSpaceSize: 1.00 GB

CodeHeap 'non-profiled nmethods': size=120064Kb used=3258Kb max_used=3258Kb free=116805Kb
 bounds [0x000000000dc60000, 0x000000000df90000, 0x00000000151a0000]
CodeHeap 'profiled nmethods': size=120000Kb used=14908Kb max_used=14908Kb free=105091Kb
 bounds [0x0000000006730000, 0x00000000075c0000, 0x000000000dc60000]
CodeHeap 'non-nmethods': size=5696Kb used=2272Kb max_used=2297Kb free=3423Kb
 bounds [0x00000000061a0000, 0x0000000006410000, 0x0000000006730000]
 total_blobs=8414 nmethods=7536 adapters=789
 compilation: enabled
              stopped_count=0, restarted_count=0
 full_count=0

Compilation events (20 events):
Event: 13.135 Thread 0x000000005d834800 7667       3       org.gradle.internal.event.ListenerBroadcast::dispatch (9 bytes)
Event: 13.135 Thread 0x000000005d834800 nmethod 7667 0x00000000075b5b90 code [0x00000000075b5d40, 0x00000000075b5f08]
Event: 13.135 Thread 0x000000005d834800 7668       1       org.gradle.api.internal.artifacts.configurations.DefaultConfiguration::access$1000 (5 bytes)
Event: 13.135 Thread 0x000000005d834800 nmethod 7668 0x000000000df8da10 code [0x000000000df8dbc0, 0x000000000df8dc58]
Event: 13.142 Thread 0x000000005d834800 7669       3       java.util.LinkedList::<init> (11 bytes)
Event: 13.143 Thread 0x000000005d834800 nmethod 7669 0x00000000075b6010 code [0x00000000075b6200, 0x00000000075b65a8]
Event: 13.145 Thread 0x000000005d834800 7670       3       java.util.TreeSet::add (22 bytes)
Event: 13.145 Thread 0x000000005d834800 nmethod 7670 0x00000000075b6710 code [0x00000000075b68e0, 0x00000000075b6b08]
Event: 13.145 Thread 0x000000005d834800 7671       2       java.util.TreeMap$Entry::<init> (25 bytes)
Event: 13.146 Thread 0x000000005d834800 nmethod 7671 0x00000000075b6c10 code [0x00000000075b6dc0, 0x00000000075b6fd8]
Event: 13.159 Thread 0x000000005d834800 7672       3       org.gradle.api.internal.project.taskfactory.DefaultTaskClassInfoStore::createTaskAction (215 bytes)
Event: 13.163 Thread 0x000000005d834800 nmethod 7672 0x00000000075b7090 code [0x00000000075b7700, 0x00000000075bb098]
Event: 13.231 Thread 0x000000005d834800 7674   !   2       org.codehaus.groovy.reflection.ClassInfo::getMetaClass (33 bytes)
Event: 13.232 Thread 0x000000005d834800 nmethod 7674 0x00000000075bc290 code [0x00000000075bc500, 0x00000000075bcb38]
Event: 13.233 Thread 0x000000005d834800 7675       2       org.codehaus.groovy.reflection.ClassInfo::getMetaClassForClass (27 bytes)
Event: 13.233 Thread 0x000000005d834800 nmethod 7675 0x00000000075bd090 code [0x00000000075bd260, 0x00000000075bd4e8]
Event: 13.233 Thread 0x000000005d834800 7676       1       java.lang.Thread::getId (5 bytes)
Event: 13.233 Thread 0x000000005d834800 nmethod 7676 0x000000000df8dd10 code [0x000000000df8dec0, 0x000000000df8df78]
Event: 13.233 Thread 0x000000005d834800 7677       1       org.gradle.launcher.daemon.server.exec.LogToClient::access$100 (5 bytes)
Event: 13.233 Thread 0x000000005d834800 nmethod 7677 0x000000000df8e010 code [0x000000000df8e1c0, 0x000000000df8e258]

GC Heap History (20 events):
Event: 6.311 GC heap before
{Heap before GC invocations=17 (full 0):
 garbage-first heap   total 119808K, used 84159K [0x0000000080000000, 0x0000000100000000)
  region size 1024K, 38 young (38912K), 4 survivors (4096K)
 Metaspace       used 44459K, capacity 45680K, committed 45796K, reserved 1089536K
  class space    used 5605K, capacity 6053K, committed 6144K, reserved 1048576K
}
Event: 6.324 GC heap after
{Heap after GC invocations=18 (full 0):
 garbage-first heap   total 119808K, used 52859K [0x0000000080000000, 0x0000000100000000)
  region size 1024K, 5 young (5120K), 5 survivors (5120K)
 Metaspace       used 44459K, capacity 45680K, committed 45796K, reserved 1089536K
  class space    used 5605K, capacity 6053K, committed 6144K, reserved 1048576K
}
Event: 6.732 GC heap before
{Heap before GC invocations=18 (full 0):
 garbage-first heap   total 119808K, used 86651K [0x0000000080000000, 0x0000000100000000)
  region size 1024K, 38 young (38912K), 5 survivors (5120K)
 Metaspace       used 46579K, capacity 47861K, committed 48100K, reserved 1091584K
  class space    used 5947K, capacity 6398K, committed 6400K, reserved 1048576K
}
Event: 6.744 GC heap after
{Heap after GC invocations=19 (full 0):
 garbage-first heap   total 119808K, used 55107K [0x0000000080000000, 0x0000000100000000)
  region size 1024K, 3 young (3072K), 3 survivors (3072K)
 Metaspace       used 46579K, capacity 47861K, committed 48100K, reserved 1091584K
  class space    used 5947K, capacity 6398K, committed 6400K, reserved 1048576K
}
Event: 7.198 GC heap before
{Heap before GC invocations=19 (full 0):
 garbage-first heap   total 119808K, used 88899K [0x0000000080000000, 0x0000000100000000)
  region size 1024K, 36 young (36864K), 3 survivors (3072K)
 Metaspace       used 48680K, capacity 50113K, committed 50276K, reserved 1093632K
  class space    used 6269K, capacity 6741K, committed 6784K, reserved 1048576K
}
Event: 7.204 GC heap after
{Heap after GC invocations=20 (full 0):
 garbage-first heap   total 119808K, used 56532K [0x0000000080000000, 0x0000000100000000)
  region size 1024K, 4 young (4096K), 4 survivors (4096K)
 Metaspace       used 48680K, capacity 50113K, committed 50276K, reserved 1093632K
  class space    used 6269K, capacity 6741K, committed 6784K, reserved 1048576K
}
Event: 7.840 GC heap before
{Heap before GC invocations=20 (full 0):
 garbage-first heap   total 119808K, used 79060K [0x0000000080000000, 0x0000000100000000)
  region size 1024K, 26 young (26624K), 4 survivors (4096K)
 Metaspace       used 49611K, capacity 51125K, committed 51428K, reserved 1093632K
  class space    used 6351K, capacity 6855K, committed 6912K, reserved 1048576K
}
Event: 7.850 GC heap after
{Heap after GC invocations=21 (full 0):
 garbage-first heap   total 144384K, used 59697K [0x0000000080000000, 0x0000000100000000)
  region size 1024K, 4 young (4096K), 4 survivors (4096K)
 Metaspace       used 49611K, capacity 51125K, committed 51428K, reserved 1093632K
  class space    used 6351K, capacity 6855K, committed 6912K, reserved 1048576K
}
Event: 8.772 GC heap before
{Heap before GC invocations=22 (full 0):
 garbage-first heap   total 144384K, used 106801K [0x0000000080000000, 0x0000000100000000)
  region size 1024K, 48 young (49152K), 4 survivors (4096K)
 Metaspace       used 53021K, capacity 54513K, committed 54756K, reserved 1097728K
  class space    used 6888K, capacity 7389K, committed 7424K, reserved 1048576K
}
Event: 8.786 GC heap after
{Heap after GC invocations=23 (full 0):
 garbage-first heap   total 144384K, used 68265K [0x0000000080000000, 0x0000000100000000)
  region size 1024K, 6 young (6144K), 6 survivors (6144K)
 Metaspace       used 53021K, capacity 54513K, committed 54756K, reserved 1097728K
  class space    used 6888K, capacity 7389K, committed 7424K, reserved 1048576K
}
Event: 9.641 GC heap before
{Heap before GC invocations=23 (full 0):
 garbage-first heap   total 144384K, used 108201K [0x0000000080000000, 0x0000000100000000)
  region size 1024K, 45 young (46080K), 6 survivors (6144K)
 Metaspace       used 58278K, capacity 59965K, committed 60132K, reserved 1101824K
  class space    used 7528K, capacity 8074K, committed 8192K, reserved 1048576K
}
Event: 9.652 GC heap after
{Heap after GC invocations=24 (full 0):
 garbage-first heap   total 144384K, used 70707K [0x0000000080000000, 0x0000000100000000)
  region size 1024K, 3 young (3072K), 3 survivors (3072K)
 Metaspace       used 58278K, capacity 59965K, committed 60132K, reserved 1101824K
  class space    used 7528K, capacity 8074K, committed 8192K, reserved 1048576K
}
Event: 10.475 GC heap before
{Heap before GC invocations=24 (full 0):
 garbage-first heap   total 144384K, used 110643K [0x0000000080000000, 0x0000000100000000)
  region size 1024K, 42 young (43008K), 3 survivors (3072K)
 Metaspace       used 64314K, capacity 66230K, committed 66276K, reserved 1105920K
  class space    used 8293K, capacity 8944K, committed 8960K, reserved 1048576K
}
Event: 10.493 GC heap after
{Heap after GC invocations=25 (full 0):
 garbage-first heap   total 144384K, used 72109K [0x0000000080000000, 0x0000000100000000)
  region size 1024K, 4 young (4096K), 4 survivors (4096K)
 Metaspace       used 64314K, capacity 66230K, committed 66276K, reserved 1105920K
  class space    used 8293K, capacity 8944K, committed 8960K, reserved 1048576K
}
Event: 11.205 GC heap before
{Heap before GC invocations=26 (full 0):
 garbage-first heap   total 144384K, used 112045K [0x0000000080000000, 0x0000000100000000)
  region size 1024K, 44 young (45056K), 4 survivors (4096K)
 Metaspace       used 68384K, capacity 70167K, committed 70372K, reserved 1110016K
  class space    used 8776K, capacity 9396K, committed 9472K, reserved 1048576K
}
Event: 11.217 GC heap after
{Heap after GC invocations=27 (full 0):
 garbage-first heap   total 174080K, used 76144K [0x0000000080000000, 0x0000000100000000)
  region size 1024K, 6 young (6144K), 6 survivors (6144K)
 Metaspace       used 68384K, capacity 70167K, committed 70372K, reserved 1110016K
  class space    used 8776K, capacity 9396K, committed 9472K, reserved 1048576K
}
Event: 12.003 GC heap before
{Heap before GC invocations=27 (full 0):
 garbage-first heap   total 174080K, used 129392K [0x0000000080000000, 0x0000000100000000)
  region size 1024K, 57 young (58368K), 6 survivors (6144K)
 Metaspace       used 71347K, capacity 73335K, committed 73700K, reserved 1114112K
  class space    used 9178K, capacity 9869K, committed 9984K, reserved 1048576K
}
Event: 12.017 GC heap after
{Heap after GC invocations=28 (full 0):
 garbage-first heap   total 174080K, used 80166K [0x0000000080000000, 0x0000000100000000)
  region size 1024K, 8 young (8192K), 8 survivors (8192K)
 Metaspace       used 71347K, capacity 73335K, committed 73700K, reserved 1114112K
  class space    used 9178K, capacity 9869K, committed 9984K, reserved 1048576K
}
Event: 13.000 GC heap before
{Heap before GC invocations=28 (full 0):
 garbage-first heap   total 174080K, used 135462K [0x0000000080000000, 0x0000000100000000)
  region size 1024K, 62 young (63488K), 8 survivors (8192K)
 Metaspace       used 76965K, capacity 78972K, committed 79076K, reserved 1118208K
  class space    used 10087K, capacity 10740K, committed 10752K, reserved 1048576K
}
Event: 13.013 GC heap after
{Heap after GC invocations=29 (full 0):
 garbage-first heap   total 174080K, used 83162K [0x0000000080000000, 0x0000000100000000)
  region size 1024K, 7 young (7168K), 7 survivors (7168K)
 Metaspace       used 76965K, capacity 78972K, committed 79076K, reserved 1118208K
  class space    used 10087K, capacity 10740K, committed 10752K, reserved 1048576K
}

Deoptimization events (20 events):
Event: 12.638 Thread 0x00000000609f8800 DEOPT PACKING pc=0x000000000df70f4c sp=0x0000000062cc8a40
Event: 12.638 Thread 0x00000000609f8800 DEOPT UNPACKING pc=0x00000000061c76af sp=0x0000000062cc8a10 mode 2
Event: 12.787 Thread 0x00000000609f8800 Uncommon trap: trap_request=0xffffff4d fr.pc=0x000000000df1dacc relative=0x0000000000000b8c
Event: 12.787 Thread 0x00000000609f8800 Uncommon trap: reason=unstable_if action=reinterpret pc=0x000000000df1dacc method=java.lang.ClassLoader.loadClass(Ljava/lang/String;Z)Ljava/lang/Class; @ 29 c2
Event: 12.787 Thread 0x00000000609f8800 DEOPT PACKING pc=0x000000000df1dacc sp=0x0000000062cc7460
Event: 12.787 Thread 0x00000000609f8800 DEOPT UNPACKING pc=0x00000000061c76af sp=0x0000000062cc7428 mode 2
Event: 12.970 Thread 0x00000000609f8800 Uncommon trap: trap_request=0xffffff4d fr.pc=0x000000000df36cdc relative=0x0000000000000edc
Event: 12.970 Thread 0x00000000609f8800 Uncommon trap: reason=unstable_if action=reinterpret pc=0x000000000df36cdc method=java.util.TreeMap.put(Ljava/lang/Object;Ljava/lang/Object;)Ljava/lang/Object; @ 163 c2
Event: 12.970 Thread 0x00000000609f8800 DEOPT PACKING pc=0x000000000df36cdc sp=0x0000000062cc9310
Event: 12.970 Thread 0x00000000609f8800 DEOPT UNPACKING pc=0x00000000061c76af sp=0x0000000062cc92e8 mode 2
Event: 13.064 Thread 0x00000000609f8800 Uncommon trap: trap_request=0xffffff4d fr.pc=0x000000000dd65af8 relative=0x0000000000000058
Event: 13.064 Thread 0x00000000609f8800 Uncommon trap: reason=unstable_if action=reinterpret pc=0x000000000dd65af8 method=java.util.Objects.equals(Ljava/lang/Object;Ljava/lang/Object;)Z @ 6 c2
Event: 13.064 Thread 0x00000000609f8800 DEOPT PACKING pc=0x000000000dd65af8 sp=0x0000000062cc9070
Event: 13.064 Thread 0x00000000609f8800 DEOPT UNPACKING pc=0x00000000061c76af sp=0x0000000062cc9010 mode 2
Event: 13.086 Thread 0x000000006099e000 DEOPT PACKING pc=0x0000000006a31e49 sp=0x00000000630aab50
Event: 13.086 Thread 0x000000006099e000 DEOPT UNPACKING pc=0x00000000061c74ce sp=0x00000000630a9fc8 mode 0
Event: 13.095 Thread 0x00000000609f8800 Uncommon trap: trap_request=0xffffff4d fr.pc=0x000000000de214d0 relative=0x0000000000000190
Event: 13.095 Thread 0x00000000609f8800 Uncommon trap: reason=unstable_if action=reinterpret pc=0x000000000de214d0 method=com.esotericsoftware.kryo.io.Input.require(I)I @ 65 c2
Event: 13.095 Thread 0x00000000609f8800 DEOPT PACKING pc=0x000000000de214d0 sp=0x0000000062cc8770
Event: 13.095 Thread 0x00000000609f8800 DEOPT UNPACKING pc=0x00000000061c76af sp=0x0000000062cc8730 mode 2

Classes redefined (0 events):
No events

Internal exceptions (20 events):
Event: 11.773 Thread 0x00000000609f8800 Exception <a 'java/lang/ClassNotFoundException'{0x0000000088407e98}: com/android/build/gradle/internal/dsl/BuildFeaturesImplBeanInfo> (0x0000000088407e98) thrown at [./src/hotspot/share/classfile/systemDictionary.cpp, line 231]
Event: 11.773 Thread 0x00000000609f8800 Exception <a 'java/lang/ClassNotFoundException'{0x0000000088420548}: com/android/build/gradle/internal/dsl/BuildFeaturesImplCustomizer> (0x0000000088420548) thrown at [./src/hotspot/share/classfile/systemDictionary.cpp, line 231]
Event: 11.774 Thread 0x00000000609f8800 Exception <a 'java/lang/ClassNotFoundException'{0x0000000088445d88}: com/android/build/gradle/internal/dsl/ApplicationBuildFeaturesImplCustomizer> (0x0000000088445d88) thrown at [./src/hotspot/share/classfile/systemDictionary.cpp, line 231]
Event: 11.774 Thread 0x00000000609f8800 Exception <a 'java/lang/ClassNotFoundException'{0x00000000884675e0}: com/android/build/gradle/internal/dsl/ApplicationBuildFeaturesImpl_DecoratedCustomizer> (0x00000000884675e0) thrown at [./src/hotspot/share/classfile/systemDictionary.cpp, line 231]
Event: 12.679 Thread 0x00000000609f8800 Exception <a 'java/lang/ClassNotFoundException'{0x0000000088dcf0e0}: com/android/build/gradle/internal/api/ApkVariantOutputImpl_DecoratedBeanInfo> (0x0000000088dcf0e0) thrown at [./src/hotspot/share/classfile/systemDictionary.cpp, line 231]
Event: 12.680 Thread 0x00000000609f8800 Exception <a 'java/lang/ClassNotFoundException'{0x0000000088de8b00}: com/android/build/gradle/internal/api/ApkVariantOutputImplBeanInfo> (0x0000000088de8b00) thrown at [./src/hotspot/share/classfile/systemDictionary.cpp, line 231]
Event: 12.680 Thread 0x00000000609f8800 Exception <a 'java/lang/ClassNotFoundException'{0x0000000088c031b8}: com/android/build/gradle/internal/api/BaseVariantOutputImplBeanInfo> (0x0000000088c031b8) thrown at [./src/hotspot/share/classfile/systemDictionary.cpp, line 231]
Event: 12.681 Thread 0x00000000609f8800 Exception <a 'java/lang/ClassNotFoundException'{0x0000000088c1d3f0}: com/android/build/gradle/internal/api/BaseVariantOutputImplCustomizer> (0x0000000088c1d3f0) thrown at [./src/hotspot/share/classfile/systemDictionary.cpp, line 231]
Event: 12.682 Thread 0x00000000609f8800 Exception <a 'java/lang/ClassNotFoundException'{0x0000000088c49cc0}: com/android/build/gradle/internal/api/ApkVariantOutputImplCustomizer> (0x0000000088c49cc0) thrown at [./src/hotspot/share/classfile/systemDictionary.cpp, line 231]
Event: 12.682 Thread 0x00000000609f8800 Exception <a 'java/lang/ClassNotFoundException'{0x0000000088c72998}: com/android/build/gradle/internal/api/ApkVariantOutputImpl_DecoratedCustomizer> (0x0000000088c72998) thrown at [./src/hotspot/share/classfile/systemDictionary.cpp, line 231]
Event: 12.700 Thread 0x00000000609f8800 Exception <a 'java/lang/NoClassDefFoundError'{0x0000000088a199f8}: org/jetbrains/kotlin/gradle/plugin/KotlinBasePluginWrapper> (0x0000000088a199f8) thrown at [./src/hotspot/share/classfile/systemDictionary.cpp, line 220]
Event: 12.784 Thread 0x00000000609f8800 Exception <a 'java/lang/ClassNotFoundException'{0x00000000883b07c0}: org/jetbrains/plugins/gradle/model/web/WebConfigurationBeanInfo> (0x00000000883b07c0) thrown at [./src/hotspot/share/classfile/systemDictionary.cpp, line 231]
Event: 12.784 Thread 0x00000000609f8800 Exception <a 'java/lang/ClassNotFoundException'{0x00000000883c2010}: org/jetbrains/plugins/gradle/model/web/WebConfigurationCustomizer> (0x00000000883c2010) thrown at [./src/hotspot/share/classfile/systemDictionary.cpp, line 231]
Event: 12.786 Thread 0x00000000609f8800 Exception <a 'java/lang/ClassNotFoundException'{0x00000000883f9728}: org/jetbrains/plugins/gradle/model/scala/ScalaModelBeanInfo> (0x00000000883f9728) thrown at [./src/hotspot/share/classfile/systemDictionary.cpp, line 231]
Event: 12.786 Thread 0x00000000609f8800 Exception <a 'java/lang/ClassNotFoundException'{0x000000008820b258}: org/jetbrains/plugins/gradle/model/scala/ScalaModelCustomizer> (0x000000008820b258) thrown at [./src/hotspot/share/classfile/systemDictionary.cpp, line 231]
Event: 12.925 Thread 0x00000000609f8800 Exception <a 'java/lang/NoSuchMethodError'{0x000000008785bd88}: 'java.lang.Object java.lang.invoke.Invokers$Holder.linkToTargetMethod(java.lang.Object, java.lang.Object, java.lang.Object, java.lang.Object, java.lang.Object, java.lang.Object, java.lang.Object)'> (0x000000008785bd88) thrown at [./src/hotspot/share/interpreter/linkResolver.cpp, line 773]
Event: 13.080 Thread 0x000000006099e000 Exception <a 'java/lang/NoSuchMethodError'{0x000000008a688ec0}: <clinit>> (0x000000008a688ec0) thrown at [./src/hotspot/share/prims/jni.cpp, line 1362]
Event: 13.085 Thread 0x000000006099e000 Exception <a 'java/lang/NoSuchMethodError'{0x000000008a69d140}: <clinit>> (0x000000008a69d140) thrown at [./src/hotspot/share/prims/jni.cpp, line 1362]
Event: 13.086 Thread 0x000000006099e000 Exception <a 'java/lang/NoSuchMethodError'{0x000000008a6a9d48}: <clinit>> (0x000000008a6a9d48) thrown at [./src/hotspot/share/prims/jni.cpp, line 1362]
Event: 13.091 Thread 0x000000006099e000 Exception <a 'java/lang/NoSuchMethodError'{0x000000008a500040}: <clinit>> (0x000000008a500040) thrown at [./src/hotspot/share/prims/jni.cpp, line 1362]

Events (20 events):
Event: 13.218 loading class org/gradle/internal/resources/ResourceLockState
Event: 13.218 loading class org/gradle/internal/resources/ResourceLockState done
Event: 13.218 loading class org/gradle/internal/resources/ResourceLockState
Event: 13.218 loading class org/gradle/internal/resources/ResourceLockState done
Event: 13.218 loading class org/gradle/execution/taskgraph/DefaultTaskExecutionGraph
Event: 13.218 loading class org/gradle/execution/taskgraph/DefaultTaskExecutionGraph done
Event: 13.218 loading class com/google/common/cache/LocalCache$Values
Event: 13.218 loading class com/google/common/cache/LocalCache$Values done
Event: 13.219 Thread 0x0000000064e5e800 Thread exited: 0x0000000064e5e800
Event: 13.219 loading class com/google/common/cache/LocalCache$ValueIterator
Event: 13.219 loading class com/google/common/cache/LocalCache$ValueIterator done
Event: 13.219 Thread 0x0000000064e5f800 Thread exited: 0x0000000064e5f800
Event: 13.220 loading class com/google/common/cache/LocalCache$HashIterator
Event: 13.220 loading class com/google/common/cache/LocalCache$HashIterator done
Event: 13.227 loading class org/jetbrains/kotlin/samWithReceiver/ide/SamWithReceiverModelImpl
Event: 13.227 loading class org/jetbrains/kotlin/samWithReceiver/ide/SamWithReceiverModelImpl done
Event: 13.230 loading class com/intellij/openapi/util/Pair
Event: 13.230 loading class com/intellij/openapi/util/Pair done
Event: 13.231 loading class com/intellij/util/Function
Event: 13.231 loading class com/intellij/util/Function done


Dynamic libraries:
0x000000013f440000 - 0x000000013f44a000 	C:\Program Files\Android\Android Studio\jre\bin\java.exe
0x00000000775d0000 - 0x000000007776f000 	C:\Windows\SYSTEM32\ntdll.dll
0x00000000773b0000 - 0x00000000774cf000 	C:\Windows\system32\kernel32.dll
0x000007fefd650000 - 0x000007fefd6ba000 	C:\Windows\system32\KERNELBASE.dll
0x000007fef6e80000 - 0x000007fef6e99000 	C:\Program Files\Android\Android Studio\jre\bin\jli.dll
0x000007fefb950000 - 0x000007fefbb44000 	C:\Windows\WinSxS\amd64_microsoft.windows.common-controls_6595b64144ccf1df_6.0.7601.17514_none_fa396087175ac9ac\COMCTL32.dll
0x000007feff820000 - 0x000007feff8bf000 	C:\Windows\system32\msvcrt.dll
0x000007fefe130000 - 0x000007fefe197000 	C:\Windows\system32\GDI32.dll
0x00000000774d0000 - 0x00000000775ca000 	C:\Windows\system32\USER32.dll
0x000007fefe860000 - 0x000007fefe86e000 	C:\Windows\system32\LPK.dll
0x000007fefe660000 - 0x000007fefe729000 	C:\Windows\system32\USP10.dll
0x000007fefd8d0000 - 0x000007fefd941000 	C:\Windows\system32\SHLWAPI.dll
0x000007fef6d70000 - 0x000007fef6d87000 	C:\Program Files\Android\Android Studio\jre\bin\VCRUNTIME140.dll
0x000007fef9570000 - 0x000007fef9574000 	C:\Windows\system32\api-ms-win-crt-runtime-l1-1-0.dll
0x000007fef9470000 - 0x000007fef9562000 	C:\Windows\system32\ucrtbase.DLL
0x000007fef9460000 - 0x000007fef9463000 	C:\Windows\system32\api-ms-win-core-timezone-l1-1-0.dll
0x000007fef9450000 - 0x000007fef9453000 	C:\Windows\system32\api-ms-win-core-file-l2-1-0.dll
0x000007fef9440000 - 0x000007fef9443000 	C:\Windows\system32\api-ms-win-core-localization-l1-2-0.dll
0x000007fefc7e0000 - 0x000007fefc7e3000 	C:\Windows\system32\api-ms-win-core-synch-l1-2-0.dll
0x000007fef9430000 - 0x000007fef9433000 	C:\Windows\system32\api-ms-win-core-processthreads-l1-1-1.dll
0x000007fef9420000 - 0x000007fef9423000 	C:\Windows\system32\api-ms-win-core-file-l1-2-0.dll
0x000007fef9400000 - 0x000007fef9404000 	C:\Windows\system32\api-ms-win-crt-string-l1-1-0.dll
0x000007fef9410000 - 0x000007fef9413000 	C:\Windows\system32\api-ms-win-crt-heap-l1-1-0.dll
0x000007fef93f0000 - 0x000007fef93f4000 	C:\Windows\system32\api-ms-win-crt-stdio-l1-1-0.dll
0x000007fef93e0000 - 0x000007fef93e4000 	C:\Windows\system32\api-ms-win-crt-convert-l1-1-0.dll
0x000007fef93c0000 - 0x000007fef93c3000 	C:\Windows\system32\api-ms-win-crt-environment-l1-1-0.dll
0x000007fef7460000 - 0x000007fef7463000 	C:\Windows\system32\api-ms-win-crt-filesystem-l1-1-0.dll
0x000007fef93a0000 - 0x000007fef93a5000 	C:\Windows\system32\api-ms-win-crt-math-l1-1-0.dll
0x000007fef9380000 - 0x000007fef9383000 	C:\Windows\system32\api-ms-win-crt-locale-l1-1-0.dll
0x000007fefe000000 - 0x000007fefe02e000 	C:\Windows\system32\IMM32.DLL
0x000007fefd950000 - 0x000007fefda59000 	C:\Windows\system32\MSCTF.dll
0x000007fee9570000 - 0x000007fee960d000 	C:\Program Files\Android\Android Studio\jre\bin\msvcp140.dll
0x000007fef5a50000 - 0x000007fef5a55000 	C:\Windows\system32\api-ms-win-crt-multibyte-l1-1-0.dll
0x000007fef9390000 - 0x000007fef9393000 	C:\Windows\system32\api-ms-win-crt-time-l1-1-0.dll
0x000007fef93d0000 - 0x000007fef93d3000 	C:\Windows\system32\api-ms-win-crt-utility-l1-1-0.dll
0x000007fee4910000 - 0x000007fee53df000 	C:\Program Files\Android\Android Studio\jre\bin\server\jvm.dll
0x000007fefe780000 - 0x000007fefe85b000 	C:\Windows\system32\ADVAPI32.dll
0x000007fefe870000 - 0x000007fefe88f000 	C:\Windows\SYSTEM32\sechost.dll
0x000007fefe1a0000 - 0x000007fefe2cc000 	C:\Windows\system32\RPCRT4.dll
0x000007fed8ad0000 - 0x000007fed8ad9000 	C:\Windows\system32\WSOCK32.dll
0x000007fefe730000 - 0x000007fefe77d000 	C:\Windows\system32\WS2_32.dll
0x000007fefdff0000 - 0x000007fefdff8000 	C:\Windows\system32\NSI.dll
0x000007fef9c70000 - 0x000007fef9cab000 	C:\Windows\system32\WINMM.dll
0x000007fefc7a0000 - 0x000007fefc7ac000 	C:\Windows\system32\VERSION.dll
0x0000000077780000 - 0x0000000077787000 	C:\Windows\system32\PSAPI.DLL
0x000007fefa960000 - 0x000007fefa971000 	C:\Program Files\Android\Android Studio\jre\bin\verify.dll
0x000007fef0210000 - 0x000007fef0335000 	C:\Windows\system32\DBGHELP.DLL
0x000007fefa740000 - 0x000007fefa769000 	C:\Program Files\Android\Android Studio\jre\bin\java.dll
0x000007fefa950000 - 0x000007fefa95b000 	C:\Program Files\Android\Android Studio\jre\bin\jimage.dll
0x000007fef6e60000 - 0x000007fef6e78000 	C:\Program Files\Android\Android Studio\jre\bin\zip.dll
0x000007fefea90000 - 0x000007feff818000 	C:\Windows\system32\SHELL32.dll
0x000007fefdde0000 - 0x000007fefdfe3000 	C:\Windows\system32\ole32.dll
0x000007fefd500000 - 0x000007fefd50f000 	C:\Windows\system32\profapi.dll
0x000007fef6c70000 - 0x000007fef6c8a000 	C:\Program Files\Android\Android Studio\jre\bin\net.dll
0x000007fef25f0000 - 0x000007fef2661000 	C:\Windows\system32\WINHTTP.dll
0x000007fef2580000 - 0x000007fef25e4000 	C:\Windows\system32\webio.dll
0x000007fefcce0000 - 0x000007fefcd35000 	C:\Windows\system32\mswsock.dll
0x000007fefccd0000 - 0x000007fefccd7000 	C:\Windows\System32\wship6.dll
0x000007fef6c50000 - 0x000007fef6c64000 	C:\Program Files\Android\Android Studio\jre\bin\nio.dll
0x000007fef6ea0000 - 0x000007fef6ec7000 	C:\Users\KL_Schweizer\.gradle\native\8bec1ad78214c89d9ad589b4d07fe93259594b29d510b10fafb7a158f7737e5d\windows-amd64\native-platform.dll
0x000007fee89f0000 - 0x000007fee8b2d000 	C:\Users\KL_Schweizer\.gradle\native\53dbd7edfb1c66fb8903c78663c9afc45aea4f116125fa6feffd364cf09443e8\windows-amd64\native-platform-file-events.dll
0x000007fefa940000 - 0x000007fefa94a000 	C:\Program Files\Android\Android Studio\jre\bin\management.dll
0x000007fefa730000 - 0x000007fefa73c000 	C:\Program Files\Android\Android Studio\jre\bin\management_ext.dll
0x000007fefcd40000 - 0x000007fefcd58000 	C:\Windows\system32\CRYPTSP.dll
0x000007fefca40000 - 0x000007fefca87000 	C:\Windows\system32\rsaenh.dll
0x000007fefc840000 - 0x000007fefc85e000 	C:\Windows\system32\USERENV.dll
0x000007fefd430000 - 0x000007fefd43f000 	C:\Windows\system32\CRYPTBASE.dll
0x000007fefc520000 - 0x000007fefc547000 	C:\Windows\system32\IPHLPAPI.DLL
0x000007fefc510000 - 0x000007fefc51b000 	C:\Windows\system32\WINNSI.DLL
0x000007fefa200000 - 0x000007fefa211000 	C:\Windows\system32\dhcpcsvc6.DLL
0x000007fefa1e0000 - 0x000007fefa1f8000 	C:\Windows\system32\dhcpcsvc.DLL

dbghelp: loaded successfully - version: 4.0.5 - missing functions: none
symbol engine: initialized successfully - sym options: 0x614 - pdb path: .;C:\Program Files\Android\Android Studio\jre\bin;C:\Windows\SYSTEM32;C:\Windows\WinSxS\amd64_microsoft.windows.common-controls_6595b64144ccf1df_6.0.7601.17514_none_fa396087175ac9ac;C:\Program Files\Android\Android Studio\jre\bin\server;C:\Users\KL_Schweizer\.gradle\native\8bec1ad78214c89d9ad589b4d07fe93259594b29d510b10fafb7a158f7737e5d\windows-amd64;C:\Users\KL_Schweizer\.gradle\native\53dbd7edfb1c66fb8903c78663c9afc45aea4f116125fa6feffd364cf09443e8\windows-amd64

VM Arguments:
jvm_args: --add-opens=java.base/java.util=ALL-UNNAMED --add-opens=java.base/java.lang=ALL-UNNAMED --add-opens=java.base/java.lang.invoke=ALL-UNNAMED --add-opens=java.base/java.util=ALL-UNNAMED --add-opens=java.prefs/java.util.prefs=ALL-UNNAMED --add-opens=java.prefs/java.util.prefs=ALL-UNNAMED --add-opens=java.base/java.nio.charset=ALL-UNNAMED --add-opens=java.base/java.net=ALL-UNNAMED --add-opens=java.base/java.util.concurrent.atomic=ALL-UNNAMED -Xmx2048m -Dfile.encoding=UTF-8 -Duser.country=US -Duser.language=en -Duser.variant 
java_command: org.gradle.launcher.daemon.bootstrap.GradleDaemon 7.0.2
java_class_path (initial): C:\Users\KL_Schweizer\.gradle\wrapper\dists\gradle-7.0.2-bin\857tjihv64xamwrf0h14cai3r\gradle-7.0.2\lib\gradle-launcher-7.0.2.jar
Launcher Type: SUN_STANDARD

[Global flags]
     intx CICompilerCount                          = 3                                         {product} {ergonomic}
     uint ConcGCThreads                            = 1                                         {product} {ergonomic}
     uint G1ConcRefinementThreads                  = 4                                         {product} {ergonomic}
   size_t G1HeapRegionSize                         = 1048576                                   {product} {ergonomic}
    uintx GCDrainStackTargetSize                   = 64                                        {product} {ergonomic}
   size_t InitialHeapSize                          = 67108864                                  {product} {ergonomic}
   size_t MarkStackSize                            = 4194304                                   {product} {ergonomic}
   size_t MaxHeapSize                              = 2147483648                                {product} {command line}
   size_t MaxNewSize                               = 1287651328                                {product} {ergonomic}
   size_t MinHeapDeltaBytes                        = 1048576                                   {product} {ergonomic}
    uintx NonNMethodCodeHeapSize                   = 5830732                                {pd product} {ergonomic}
    uintx NonProfiledCodeHeapSize                  = 122913754                              {pd product} {ergonomic}
    uintx ProfiledCodeHeapSize                     = 122913754                              {pd product} {ergonomic}
    uintx ReservedCodeCacheSize                    = 251658240                              {pd product} {ergonomic}
     bool SegmentedCodeCache                       = true                                      {product} {ergonomic}
     bool UseCompressedClassPointers               = true                                 {lp64_product} {ergonomic}
     bool UseCompressedOops                        = true                                 {lp64_product} {ergonomic}
     bool UseG1GC                                  = true                                      {product} {ergonomic}
     bool UseLargePagesIndividualAllocation        = false                                  {pd product} {ergonomic}

Logging:
Log output configuration:
 #0: stdout all=warning uptime,level,tags
 #1: stderr all=off uptime,level,tags

Environment Variables:
PATH=C:\ProgramData\Oracle\Java\javapath;C:\Program Files\Common Files\Oracle\Java\javapath;C:\Program Files (x86)\Common Files\Microsoft Shared\Windows Live;C:\Windows\system32;C:\Windows;C:\Windows\System32\Wbem;C:\Windows\System32\WindowsPowerShell\v1.0\;C:\Program Files (x86)\NVIDIA Corporation\PhysX\Common;C:\Program Files\nodejs\;C:\xampp\php;C:\composer;C:\Program Files\dotnet\;C:\Program Files\Git\cmd;C:\Program Files\NVIDIA Corporation\NVIDIA NvDLISR;C:\Program Files\Common Files\Microsoft Shared\Windows Live;C:\Users\KL_Schweizer\AppData\Local\Programs\Microsoft VS Code\bin;C:\Users\KL_Schweizer\AppData\Roaming\npm;C:\Users\KL_Schweizer\AppData\Roaming\Composer\vendor\bin;C:\Users\KL_Schweizer\.dotnet\tools
USERNAME=KL_Schweizer
OS=Windows_NT
PROCESSOR_IDENTIFIER=Intel64 Family 6 Model 58 Stepping 9, GenuineIntel



---------------  S Y S T E M  ---------------

OS: Windows 7 , 64 bit Build 7601 (6.1.7601.24384)
OS uptime: 0 days 0:40 hours

CPU:total 4 (initial active 4) (2 cores per cpu, 2 threads per core) family 6 model 58 stepping 9 microcode 0x0, cmov, cx8, fxsr, mmx, sse, sse2, sse3, ssse3, sse4.1, sse4.2, popcnt, avx, clmul, erms, ht, tsc, tscinvbit, tscinv

Memory: 4k page, system-wide physical 3993M (66M free)
TotalPageFile size 6108M (AvailPageFile size 5M)
current process WorkingSet (physical memory assigned to process): 379M, peak: 379M
current process commit charge ("private bytes"): 412M, peak: 414M

vm_info: OpenJDK 64-Bit Server VM (11.0.10+0-b96-7249189) for windows-amd64 JRE (11.0.10+0-b96-7249189), built on Mar 31 2021 21:44:00 by "builder" with MS VC++ 14.0 (VS2015)

END.
