#
# There is insufficient memory for the Java Runtime Environment to continue.
# Native memory allocation (mmap) failed to map 111149056 bytes for Failed to commit area from 0x000000008f000000 to 0x0000000095a00000 of length 111149056.
# Possible reasons:
#   The system is out of physical RAM or swap space
#   The process is running with CompressedOops enabled, and the Java Heap may be blocking the growth of the native heap
# Possible solutions:
#   Reduce memory load on the system
#   Increase physical memory or swap space
#   Check if swap backing store is full
#   Decrease Java heap size (-Xmx/-Xms)
#   Decrease number of Java threads
#   Decrease Java thread stack sizes (-Xss)
#   Set larger code cache with -XX:ReservedCodeCacheSize=
#   JVM is running with Unscaled Compressed Oops mode in which the Java heap is
#     placed in the first 4GB address space. The Java Heap base address is the
#     maximum limit for the native heap growth. Please use -XX:HeapBaseMinAddress
#     to set the Java Heap base and to place the Java Heap above 4GB virtual address.
# This output file may be truncated or incomplete.
#
#  Out of Memory Error (./src/hotspot/os/windows/os_windows.cpp:3301), pid=7264, tid=7520
#
# JRE version: OpenJDK Runtime Environment (11.0.10) (build 11.0.10+0-b96-7249189)
# Java VM: OpenJDK 64-Bit Server VM (11.0.10+0-b96-7249189, mixed mode, tiered, compressed oops, g1 gc, windows-amd64)
# No core dump will be written. Minidumps are not enabled by default on client versions of Windows
#

---------------  S U M M A R Y ------------

Command Line: --add-opens=java.base/java.util=ALL-UNNAMED --add-opens=java.base/java.lang=ALL-UNNAMED --add-opens=java.base/java.lang.invoke=ALL-UNNAMED --add-opens=java.base/java.util=ALL-UNNAMED --add-opens=java.prefs/java.util.prefs=ALL-UNNAMED --add-opens=java.prefs/java.util.prefs=ALL-UNNAMED --add-opens=java.base/java.nio.charset=ALL-UNNAMED --add-opens=java.base/java.net=ALL-UNNAMED --add-opens=java.base/java.util.concurrent.atomic=ALL-UNNAMED -Xmx2048m -Dfile.encoding=UTF-8 -Duser.country=US -Duser.language=en -Duser.variant org.gradle.launcher.daemon.bootstrap.GradleDaemon 7.0.2

Host: Intel(R) Core(TM) i3-3240 CPU @ 3.40GHz, 4 cores, 3G,  Windows 7 , 64 bit Build 7601 (6.1.7601.24384)
Time: Mon Oct  4 16:04:19 2021 Taipei Standard Time elapsed time: 1336.381973 seconds (0d 0h 22m 16s)

---------------  T H R E A D  ---------------

Current thread (0x000000005d5fc800):  VMThread "VM Thread" [stack: 0x000000005d8b0000,0x000000005d9b0000] [id=7520]

Stack: [0x000000005d8b0000,0x000000005d9b0000]
[error occurred during error reporting (printing stack bounds), id 0xc0000005, EXCEPTION_ACCESS_VIOLATION (0xc0000005) at pc=0x0000000006020f2d]

Native frames: (J=compiled Java code, j=interpreted, Vv=VM code, C=native code)
V  [jvm.dll+0x5ecfaa]
V  [jvm.dll+0x722bd5]
V  [jvm.dll+0x72412d]
V  [jvm.dll+0x724745]
V  [jvm.dll+0x7246fb]
V  [jvm.dll+0x5ec348]
V  [jvm.dll+0x5ecad8]
C  [ntdll.dll+0x6bf7d]
C  [ntdll.dll+0x4043a]
C  [ntdll.dll+0x6b61e]
C  0x0000000006020f2d

VM_Operation (0x000000006b448570): G1CollectForAllocation, mode: safepoint, requested by thread 0x00000000615bd800


---------------  P R O C E S S  ---------------

Threads class SMR info:
_java_thread_list=0x0000000064a411e0, length=50, elements={
0x000000000040e000, 0x000000005d601000, 0x000000005d60b000, 0x000000005d619000,
0x000000005d61c000, 0x000000005d620000, 0x000000005d627800, 0x000000005d629800,
0x000000005d62b000, 0x000000005e5bb000, 0x0000000060299000, 0x0000000060cce000,
0x00000000606b0000, 0x0000000060710800, 0x0000000060711800, 0x0000000060712000,
0x0000000060714000, 0x0000000060714800, 0x00000000610eb800, 0x00000000610ed000,
0x00000000610ee000, 0x00000000610ee800, 0x00000000610f1000, 0x00000000615be000,
0x00000000615bf000, 0x000000006483f000, 0x00000000610f0800, 0x0000000064841800,
0x0000000064840000, 0x000000006483d000, 0x000000006483e800, 0x000000006483c000,
0x0000000064841000, 0x000000006483d800, 0x000000006483b000, 0x00000000615bb000,
0x00000000615c0800, 0x00000000615bc800, 0x00000000615bf800, 0x00000000615ba000,
0x00000000615bd800, 0x00000000615bb800, 0x000000006070f800, 0x0000000060713000,
0x0000000060715800, 0x0000000060716000, 0x00000000610ea800, 0x0000000067be1000,
0x0000000067be2000, 0x0000000067be2800
}

Java Threads: ( => current thread )
  0x000000000040e000 JavaThread "main" [_thread_blocked, id=7980, stack(0x0000000002240000,0x0000000002340000)]
  0x000000005d601000 JavaThread "Reference Handler" daemon [_thread_blocked, id=8988, stack(0x000000005d9b0000,0x000000005dab0000)]
  0x000000005d60b000 JavaThread "Finalizer" daemon [_thread_blocked, id=7140, stack(0x000000005db90000,0x000000005dc90000)]
  0x000000005d619000 JavaThread "Signal Dispatcher" daemon [_thread_blocked, id=4136, stack(0x000000005dca0000,0x000000005dda0000)]
  0x000000005d61c000 JavaThread "Attach Listener" daemon [_thread_blocked, id=8824, stack(0x000000005def0000,0x000000005dff0000)]
  0x000000005d620000 JavaThread "Service Thread" daemon [_thread_blocked, id=9020, stack(0x000000005e0a0000,0x000000005e1a0000)]
  0x000000005d627800 JavaThread "C2 CompilerThread0" daemon [_thread_in_native, id=168, stack(0x000000005e250000,0x000000005e350000)]
  0x000000005d629800 JavaThread "C1 CompilerThread0" daemon [_thread_blocked, id=9112, stack(0x000000005e400000,0x000000005e500000)]
  0x000000005d62b000 JavaThread "Sweeper thread" daemon [_thread_blocked, id=6180, stack(0x000000005ddb0000,0x000000005deb0000)]
  0x000000005e5bb000 JavaThread "Common-Cleaner" daemon [_thread_blocked, id=4360, stack(0x000000005e900000,0x000000005ea00000)]
  0x0000000060299000 JavaThread "Daemon health stats" [_thread_blocked, id=8476, stack(0x0000000061b20000,0x0000000061c20000)]
  0x0000000060cce000 JavaThread "Incoming local TCP Connector on port 58390" [_thread_in_native, id=1740, stack(0x0000000061990000,0x0000000061a90000)]
  0x00000000606b0000 JavaThread "Daemon periodic checks" [_thread_blocked, id=8804, stack(0x0000000061ff0000,0x00000000620f0000)]
  0x0000000060710800 JavaThread "Cache worker for file hash cache (C:\Users\KL_Schweizer\.gradle\caches\7.0.2\fileHashes)" [_thread_blocked, id=8200, stack(0x0000000063430000,0x0000000063530000)]
  0x0000000060711800 JavaThread "File lock request listener" [_thread_in_native, id=4152, stack(0x0000000063620000,0x0000000063720000)]
  0x0000000060712000 JavaThread "Cache worker for journal cache (C:\Users\KL_Schweizer\.gradle\caches\journal-1)" [_thread_blocked, id=5656, stack(0x0000000063320000,0x0000000063420000)]
  0x0000000060714000 JavaThread "File watcher server" daemon [_thread_blocked, id=8816, stack(0x0000000063d90000,0x0000000063e90000)]
  0x0000000060714800 JavaThread "File watcher consumer" daemon [_thread_blocked, id=5408, stack(0x0000000063f50000,0x0000000064050000)]
  0x00000000610eb800 JavaThread "Cache worker for execution history cache (C:\Users\KL_Schweizer\.gradle\caches\7.0.2\executionHistory)" [_thread_blocked, id=8228, stack(0x00000000653b0000,0x00000000654b0000)]
  0x00000000610ed000 JavaThread "jar transforms" [_thread_blocked, id=5352, stack(0x0000000065f90000,0x0000000066090000)]
  0x00000000610ee000 JavaThread "jar transforms Thread 2" [_thread_blocked, id=1088, stack(0x00000000654b0000,0x00000000655b0000)]
  0x00000000610ee800 JavaThread "Cache worker for file content cache (C:\Users\KL_Schweizer\.gradle\caches\7.0.2\fileContent)" [_thread_blocked, id=5968, stack(0x0000000066430000,0x0000000066530000)]
  0x00000000610f1000 JavaThread "jar transforms Thread 3" [_thread_blocked, id=8524, stack(0x00000000662b0000,0x00000000663b0000)]
  0x00000000615be000 JavaThread "jar transforms Thread 4" [_thread_blocked, id=364, stack(0x0000000066d30000,0x0000000066e30000)]
  0x00000000615bf000 JavaThread "Memory manager" [_thread_blocked, id=5852, stack(0x0000000068fb0000,0x00000000690b0000)]
  0x000000006483f000 JavaThread "Cache worker for Java compile cache (C:\Users\KL_Schweizer\.gradle\caches\7.0.2\javaCompile)" [_thread_blocked, id=1152, stack(0x000000006b000000,0x000000006b100000)]
  0x00000000610f0800 JavaThread "ForkJoinPool.commonPool-worker-7" daemon [_thread_blocked, id=8980, stack(0x000000006fc90000,0x000000006fd90000)]
  0x0000000064841800 JavaThread "Daemon Thread 7" [_thread_blocked, id=5704, stack(0x0000000062620000,0x0000000062720000)]
  0x0000000064840000 JavaThread "Handler for socket connection from /127.0.0.1:58390 to /127.0.0.1:57804" [_thread_in_native, id=4260, stack(0x0000000062520000,0x0000000062620000)]
  0x000000006483d000 JavaThread "Cancel handler" [_thread_blocked, id=4208, stack(0x00000000628b0000,0x00000000629b0000)]
  0x000000006483e800 JavaThread "Daemon worker Thread 7" [_thread_blocked, id=5392, stack(0x0000000062aa0000,0x0000000062ba0000)]
  0x000000006483c000 JavaThread "Asynchronous log dispatcher for DefaultDaemonConnection: socket connection from /127.0.0.1:58390 to /127.0.0.1:57804" [_thread_blocked, id=9000, stack(0x0000000062c30000,0x0000000062d30000)]
  0x0000000064841000 JavaThread "Stdin handler" [_thread_blocked, id=1760, stack(0x0000000062eb0000,0x0000000062fb0000)]
  0x000000006483d800 JavaThread "Daemon client event forwarder" [_thread_blocked, id=5364, stack(0x0000000062750000,0x0000000062850000)]
  0x000000006483b000 JavaThread "Cache worker for file hash cache (D:\Programming Workspaces\Android Studio\Um-Online-Appointment-System\.gradle\7.0.2\fileHashes)" [_thread_blocked, id=8376, stack(0x0000000063c10000,0x0000000063d10000)]
  0x00000000615bb000 JavaThread "Cache worker for checksums cache (D:\Programming Workspaces\Android Studio\Um-Online-Appointment-System\.gradle\checksums)" [_thread_blocked, id=8300, stack(0x0000000065610000,0x0000000065710000)]
  0x00000000615c0800 JavaThread "Cache worker for cache directory md-supplier (C:\Users\KL_Schweizer\.gradle\caches\7.0.2\md-supplier)" [_thread_blocked, id=5300, stack(0x0000000065280000,0x0000000065380000)]
  0x00000000615bc800 JavaThread "Cache worker for cache directory md-rule (C:\Users\KL_Schweizer\.gradle\caches\7.0.2\md-rule)" [_thread_blocked, id=1524, stack(0x0000000068500000,0x0000000068600000)]
  0x00000000615bf800 JavaThread "Cache worker for dependencies-accessors (D:\Programming Workspaces\Android Studio\Um-Online-Appointment-System\.gradle\7.0.2\dependencies-accessors)" [_thread_blocked, id=8092, stack(0x0000000068610000,0x0000000068710000)]
  0x00000000615ba000 JavaThread "Cache worker for Build Output Cleanup Cache (D:\Programming Workspaces\Android Studio\Um-Online-Appointment-System\.gradle\buildOutputCleanup)" [_thread_blocked, id=6780, stack(0x00000000665b0000,0x00000000666b0000)]
  0x00000000615bd800 JavaThread "Build operations" [_thread_blocked, id=4808, stack(0x000000006b350000,0x000000006b450000)]
  0x00000000615bb800 JavaThread "Build operations Thread 2" [_thread_blocked, id=1424, stack(0x000000006b700000,0x000000006b800000)]
  0x000000006070f800 JavaThread "Build operations Thread 3" [_thread_blocked, id=8288, stack(0x000000006ba40000,0x000000006bb40000)]
  0x0000000060713000 JavaThread "Build operations Thread 4" [_thread_blocked, id=8836, stack(0x00000000687e0000,0x00000000688e0000)]
  0x0000000060715800 JavaThread "build event listener" [_thread_blocked, id=8428, stack(0x000000006c380000,0x000000006c480000)]
  0x0000000060716000 JavaThread "Execution worker for ':'" [_thread_blocked, id=7040, stack(0x000000006c4b0000,0x000000006c5b0000)]
  0x00000000610ea800 JavaThread "Execution worker for ':' Thread 2" [_thread_blocked, id=4600, stack(0x000000006c5e0000,0x000000006c6e0000)]
  0x0000000067be1000 JavaThread "Execution worker for ':' Thread 3" [_thread_blocked, id=5576, stack(0x000000006c280000,0x000000006c380000)]
  0x0000000067be2000 JavaThread "Cache worker for execution history cache (D:\Programming Workspaces\Android Studio\Um-Online-Appointment-System\.gradle\7.0.2\executionHistory)" [_thread_blocked, id=5196, stack(0x000000006ca50000,0x000000006cb50000)]
  0x0000000067be2800 JavaThread "WorkerExecutor Queue" [_thread_blocked, id=2388, stack(0x000000006cbc0000,0x000000006ccc0000)]

Other Threads:
=>0x000000005d5fc800 VMThread "VM Thread" [stack: 0x000000005d8b0000,0x000000005d9b0000] [id=7520]
  0x000000005e5ee800 WatcherThread [stack: 0x000000005ea60000,0x000000005eb60000] [id=8272]
  0x0000000000426000 GCTaskThread "GC Thread#0" [stack: 0x00000000151a0000,0x00000000152a0000] [id=1576]
  0x000000005ed5d000 GCTaskThread "GC Thread#1" [stack: 0x000000005f4e0000,0x000000005f5e0000] [id=9168]
  0x00000000607fc000 GCTaskThread "GC Thread#2" [stack: 0x0000000062da0000,0x0000000062ea0000] [id=4304]
  0x00000000607fd000 GCTaskThread "GC Thread#3" [stack: 0x0000000062fd0000,0x00000000630d0000] [id=9176]
  0x0000000000456000 ConcurrentGCThread "G1 Main Marker" [stack: 0x000000001a320000,0x000000001a420000] [id=7212]
  0x0000000000457800 ConcurrentGCThread "G1 Conc#0" [stack: 0x000000001a580000,0x000000001a680000] [id=1896]
  0x000000001c9ce800 ConcurrentGCThread "G1 Refine#0" [stack: 0x000000001cb10000,0x000000001cc10000] [id=6076]
  0x000000001c9cf800 ConcurrentGCThread "G1 Young RemSet Sampling" [stack: 0x000000001cc10000,0x000000001cd10000] [id=8564]

Threads with active compile tasks:
C2 CompilerThread01336426 24290       4       com.android.tools.r8.internal.Lv::a (455 bytes)

VM state:at safepoint (normal execution)

VM Mutex/Monitor currently owned by a thread:  ([mutex/lock_event])
[0x0000000000409e30] Threads_lock - owner thread: 0x000000005d5fc800
[0x000000000040a610] Heap_lock - owner thread: 0x00000000615bd800

Heap address: 0x0000000080000000, size: 2048 MB, Compressed Oops mode: 32-bit
Narrow klass base: 0x0000000000000000, Narrow klass shift: 0
Compressed class space size: 1073741824 Address: 0x000000001cd10000

Heap:
 garbage-first heap   total 354304K, used 115898K [0x0000000080000000, 0x0000000100000000)
  region size 1024K, 8 young (8192K), 8 survivors (8192K)
 Metaspace       used 124978K, capacity 128391K, committed 128716K, reserved 1161216K
  class space    used 15486K, capacity 16754K, committed 16844K, reserved 1048576K
Heap Regions: E=young(eden), S=young(survivor), O=old, HS=humongous(starts), HC=humongous(continues), CS=collection set, F=free, A=archive, TAMS=top-at-mark-start (previous, next)
|   0|0x0000000080000000, 0x0000000080100000, 0x0000000080100000|100%| O|  |TAMS 0x0000000080100000, 0x0000000080100000| Untracked 
|   1|0x0000000080100000, 0x0000000080200000, 0x0000000080200000|100%| O|  |TAMS 0x0000000080200000, 0x0000000080200000| Untracked 
|   2|0x0000000080200000, 0x0000000080300000, 0x0000000080300000|100%| O|  |TAMS 0x0000000080300000, 0x0000000080300000| Untracked 
|   3|0x0000000080300000, 0x0000000080400000, 0x0000000080400000|100%|HS|  |TAMS 0x0000000080400000, 0x0000000080400000| Complete 
|   4|0x0000000080400000, 0x0000000080500000, 0x0000000080500000|100%|HC|  |TAMS 0x0000000080500000, 0x0000000080500000| Complete 
|   5|0x0000000080500000, 0x0000000080600000, 0x0000000080600000|100%|HC|  |TAMS 0x0000000080600000, 0x0000000080600000| Complete 
|   6|0x0000000080600000, 0x0000000080700000, 0x0000000080700000|100%| O|  |TAMS 0x0000000080700000, 0x0000000080700000| Untracked 
|   7|0x0000000080700000, 0x0000000080800000, 0x0000000080800000|100%| O|  |TAMS 0x0000000080800000, 0x0000000080800000| Untracked 
|   8|0x0000000080800000, 0x0000000080900000, 0x0000000080900000|100%| O|  |TAMS 0x0000000080900000, 0x0000000080900000| Untracked 
|   9|0x0000000080900000, 0x0000000080a00000, 0x0000000080a00000|100%| O|  |TAMS 0x0000000080a00000, 0x0000000080a00000| Untracked 
|  10|0x0000000080a00000, 0x0000000080b00000, 0x0000000080b00000|100%| O|  |TAMS 0x0000000080b00000, 0x0000000080b00000| Untracked 
|  11|0x0000000080b00000, 0x0000000080c00000, 0x0000000080c00000|100%| O|  |TAMS 0x0000000080c00000, 0x0000000080c00000| Untracked 
|  12|0x0000000080c00000, 0x0000000080d00000, 0x0000000080d00000|100%| O|  |TAMS 0x0000000080d00000, 0x0000000080d00000| Untracked 
|  13|0x0000000080d00000, 0x0000000080e00000, 0x0000000080e00000|100%| O|  |TAMS 0x0000000080e00000, 0x0000000080e00000| Untracked 
|  14|0x0000000080e00000, 0x0000000080f00000, 0x0000000080f00000|100%| O|  |TAMS 0x0000000080f00000, 0x0000000080f00000| Untracked 
|  15|0x0000000080f00000, 0x0000000081000000, 0x0000000081000000|100%| O|  |TAMS 0x0000000081000000, 0x0000000081000000| Untracked 
|  16|0x0000000081000000, 0x0000000081100000, 0x0000000081100000|100%| O|  |TAMS 0x0000000081100000, 0x0000000081100000| Untracked 
|  17|0x0000000081100000, 0x0000000081200000, 0x0000000081200000|100%| O|  |TAMS 0x0000000081200000, 0x0000000081200000| Untracked 
|  18|0x0000000081200000, 0x0000000081300000, 0x0000000081300000|100%| O|  |TAMS 0x0000000081300000, 0x0000000081300000| Untracked 
|  19|0x0000000081300000, 0x0000000081400000, 0x0000000081400000|100%| O|  |TAMS 0x0000000081400000, 0x0000000081400000| Untracked 
|  20|0x0000000081400000, 0x0000000081500000, 0x0000000081500000|100%| O|  |TAMS 0x0000000081500000, 0x0000000081500000| Untracked 
|  21|0x0000000081500000, 0x0000000081600000, 0x0000000081600000|100%| O|  |TAMS 0x0000000081600000, 0x0000000081600000| Untracked 
|  22|0x0000000081600000, 0x0000000081700000, 0x0000000081700000|100%| O|  |TAMS 0x0000000081700000, 0x0000000081700000| Untracked 
|  23|0x0000000081700000, 0x0000000081800000, 0x0000000081800000|100%| O|  |TAMS 0x0000000081800000, 0x0000000081800000| Untracked 
|  24|0x0000000081800000, 0x0000000081900000, 0x0000000081900000|100%| O|  |TAMS 0x0000000081900000, 0x0000000081900000| Untracked 
|  25|0x0000000081900000, 0x0000000081a00000, 0x0000000081a00000|100%|HS|  |TAMS 0x0000000081a00000, 0x0000000081a00000| Complete 
|  26|0x0000000081a00000, 0x0000000081b00000, 0x0000000081b00000|100%|HS|  |TAMS 0x0000000081b00000, 0x0000000081b00000| Complete 
|  27|0x0000000081b00000, 0x0000000081c00000, 0x0000000081c00000|100%|HS|  |TAMS 0x0000000081c00000, 0x0000000081c00000| Complete 
|  28|0x0000000081c00000, 0x0000000081d00000, 0x0000000081d00000|100%|HC|  |TAMS 0x0000000081d00000, 0x0000000081d00000| Complete 
|  29|0x0000000081d00000, 0x0000000081e00000, 0x0000000081e00000|100%| O|  |TAMS 0x0000000081e00000, 0x0000000081e00000| Untracked 
|  30|0x0000000081e00000, 0x0000000081f00000, 0x0000000081f00000|100%| O|  |TAMS 0x0000000081f00000, 0x0000000081f00000| Untracked 
|  31|0x0000000081f00000, 0x0000000082000000, 0x0000000082000000|100%| O|  |TAMS 0x0000000082000000, 0x0000000082000000| Untracked 
|  32|0x0000000082000000, 0x0000000082100000, 0x0000000082100000|100%| O|  |TAMS 0x0000000082100000, 0x0000000082100000| Untracked 
|  33|0x0000000082100000, 0x0000000082200000, 0x0000000082200000|100%| O|  |TAMS 0x0000000082200000, 0x0000000082200000| Untracked 
|  34|0x0000000082200000, 0x0000000082300000, 0x0000000082300000|100%| O|  |TAMS 0x0000000082300000, 0x0000000082300000| Untracked 
|  35|0x0000000082300000, 0x0000000082400000, 0x0000000082400000|100%| O|  |TAMS 0x0000000082400000, 0x0000000082400000| Untracked 
|  36|0x0000000082400000, 0x0000000082500000, 0x0000000082500000|100%| O|  |TAMS 0x0000000082500000, 0x0000000082500000| Untracked 
|  37|0x0000000082500000, 0x0000000082600000, 0x0000000082600000|100%| O|  |TAMS 0x0000000082600000, 0x0000000082600000| Untracked 
|  38|0x0000000082600000, 0x0000000082700000, 0x0000000082700000|100%| O|  |TAMS 0x0000000082700000, 0x0000000082700000| Untracked 
|  39|0x0000000082700000, 0x0000000082800000, 0x0000000082800000|100%| O|  |TAMS 0x0000000082800000, 0x0000000082800000| Untracked 
|  40|0x0000000082800000, 0x0000000082900000, 0x0000000082900000|100%| O|  |TAMS 0x0000000082900000, 0x0000000082900000| Untracked 
|  41|0x0000000082900000, 0x0000000082a00000, 0x0000000082a00000|100%| O|  |TAMS 0x0000000082a00000, 0x0000000082a00000| Untracked 
|  42|0x0000000082a00000, 0x0000000082b00000, 0x0000000082b00000|100%| O|  |TAMS 0x0000000082b00000, 0x0000000082b00000| Untracked 
|  43|0x0000000082b00000, 0x0000000082c00000, 0x0000000082c00000|100%| O|  |TAMS 0x0000000082c00000, 0x0000000082c00000| Untracked 
|  44|0x0000000082c00000, 0x0000000082d00000, 0x0000000082d00000|100%| O|  |TAMS 0x0000000082d00000, 0x0000000082d00000| Untracked 
|  45|0x0000000082d00000, 0x0000000082e00000, 0x0000000082e00000|100%| O|  |TAMS 0x0000000082e00000, 0x0000000082e00000| Untracked 
|  46|0x0000000082e00000, 0x0000000082f00000, 0x0000000082f00000|100%| O|  |TAMS 0x0000000082f00000, 0x0000000082f00000| Untracked 
|  47|0x0000000082f00000, 0x0000000083000000, 0x0000000083000000|100%| O|  |TAMS 0x0000000083000000, 0x0000000083000000| Untracked 
|  48|0x0000000083000000, 0x0000000083100000, 0x0000000083100000|100%| O|  |TAMS 0x0000000083100000, 0x0000000083100000| Untracked 
|  49|0x0000000083100000, 0x0000000083200000, 0x0000000083200000|100%| O|  |TAMS 0x0000000083200000, 0x0000000083200000| Untracked 
|  50|0x0000000083200000, 0x0000000083300000, 0x0000000083300000|100%| O|  |TAMS 0x0000000083300000, 0x0000000083300000| Untracked 
|  51|0x0000000083300000, 0x0000000083400000, 0x0000000083400000|100%| O|  |TAMS 0x0000000083400000, 0x0000000083400000| Untracked 
|  52|0x0000000083400000, 0x0000000083500000, 0x0000000083500000|100%| O|  |TAMS 0x0000000083500000, 0x0000000083500000| Untracked 
|  53|0x0000000083500000, 0x0000000083600000, 0x0000000083600000|100%| O|  |TAMS 0x0000000083600000, 0x0000000083600000| Untracked 
|  54|0x0000000083600000, 0x0000000083700000, 0x0000000083700000|100%| O|  |TAMS 0x0000000083700000, 0x0000000083700000| Untracked 
|  55|0x0000000083700000, 0x0000000083800000, 0x0000000083800000|100%| O|  |TAMS 0x0000000083800000, 0x0000000083800000| Untracked 
|  56|0x0000000083800000, 0x0000000083900000, 0x0000000083900000|100%| O|  |TAMS 0x0000000083900000, 0x0000000083900000| Untracked 
|  57|0x0000000083900000, 0x0000000083a00000, 0x0000000083a00000|100%| O|  |TAMS 0x0000000083a00000, 0x0000000083a00000| Untracked 
|  58|0x0000000083a00000, 0x0000000083b00000, 0x0000000083b00000|100%| O|  |TAMS 0x0000000083b00000, 0x0000000083b00000| Untracked 
|  59|0x0000000083b00000, 0x0000000083c00000, 0x0000000083c00000|100%| O|  |TAMS 0x0000000083c00000, 0x0000000083c00000| Untracked 
|  60|0x0000000083c00000, 0x0000000083d00000, 0x0000000083d00000|100%| O|  |TAMS 0x0000000083d00000, 0x0000000083d00000| Untracked 
|  61|0x0000000083d00000, 0x0000000083e00000, 0x0000000083e00000|100%| O|  |TAMS 0x0000000083e00000, 0x0000000083e00000| Untracked 
|  62|0x0000000083e00000, 0x0000000083f00000, 0x0000000083f00000|100%| O|  |TAMS 0x0000000083f00000, 0x0000000083f00000| Untracked 
|  63|0x0000000083f00000, 0x0000000084000000, 0x0000000084000000|100%| O|  |TAMS 0x0000000084000000, 0x0000000084000000| Untracked 
|  64|0x0000000084000000, 0x0000000084100000, 0x0000000084100000|100%| O|  |TAMS 0x0000000084000000, 0x0000000084100000| Untracked 
|  65|0x0000000084100000, 0x0000000084200000, 0x0000000084200000|100%| O|  |TAMS 0x0000000084200000, 0x0000000084200000| Untracked 
|  66|0x0000000084200000, 0x0000000084300000, 0x0000000084300000|100%| O|  |TAMS 0x0000000084300000, 0x0000000084300000| Untracked 
|  67|0x0000000084300000, 0x0000000084400000, 0x0000000084400000|100%| O|  |TAMS 0x0000000084300000, 0x0000000084400000| Untracked 
|  68|0x0000000084400000, 0x0000000084500000, 0x0000000084500000|100%| O|  |TAMS 0x0000000084500000, 0x0000000084500000| Untracked 
|  69|0x0000000084500000, 0x0000000084600000, 0x0000000084600000|100%| O|  |TAMS 0x0000000084500000, 0x0000000084600000| Untracked 
|  70|0x0000000084600000, 0x0000000084700000, 0x0000000084700000|100%| O|  |TAMS 0x0000000084700000, 0x0000000084700000| Untracked 
|  71|0x0000000084700000, 0x0000000084800000, 0x0000000084800000|100%| O|  |TAMS 0x0000000084800000, 0x0000000084800000| Untracked 
|  72|0x0000000084800000, 0x0000000084900000, 0x0000000084900000|100%| O|  |TAMS 0x0000000084800000, 0x0000000084900000| Untracked 
|  73|0x0000000084900000, 0x0000000084a00000, 0x0000000084a00000|100%| O|  |TAMS 0x0000000084a00000, 0x0000000084a00000| Untracked 
|  74|0x0000000084a00000, 0x0000000084b00000, 0x0000000084b00000|100%| O|  |TAMS 0x0000000084a00000, 0x0000000084b00000| Untracked 
|  75|0x0000000084b00000, 0x0000000084c00000, 0x0000000084c00000|100%| O|  |TAMS 0x0000000084c00000, 0x0000000084c00000| Untracked 
|  76|0x0000000084c00000, 0x0000000084d00000, 0x0000000084d00000|100%| O|  |TAMS 0x0000000084d00000, 0x0000000084d00000| Untracked 
|  77|0x0000000084d00000, 0x0000000084e00000, 0x0000000084e00000|100%| O|  |TAMS 0x0000000084e00000, 0x0000000084e00000| Untracked 
|  78|0x0000000084e00000, 0x0000000084f00000, 0x0000000084f00000|100%| O|  |TAMS 0x0000000084f00000, 0x0000000084f00000| Untracked 
|  79|0x0000000084f00000, 0x0000000085000000, 0x0000000085000000|100%| O|  |TAMS 0x0000000085000000, 0x0000000085000000| Untracked 
|  80|0x0000000085000000, 0x0000000085100000, 0x0000000085100000|100%| O|  |TAMS 0x0000000085100000, 0x0000000085100000| Untracked 
|  81|0x0000000085100000, 0x0000000085200000, 0x0000000085200000|100%| O|  |TAMS 0x0000000085200000, 0x0000000085200000| Untracked 
|  82|0x0000000085200000, 0x0000000085300000, 0x0000000085300000|100%| O|  |TAMS 0x0000000085300000, 0x0000000085300000| Untracked 
|  83|0x0000000085300000, 0x0000000085400000, 0x0000000085400000|100%| O|  |TAMS 0x0000000085300000, 0x0000000085400000| Untracked 
|  84|0x0000000085400000, 0x0000000085500000, 0x0000000085500000|100%| O|  |TAMS 0x0000000085500000, 0x0000000085500000| Untracked 
|  85|0x0000000085500000, 0x0000000085600000, 0x0000000085600000|100%| O|  |TAMS 0x0000000085600000, 0x0000000085600000| Untracked 
|  86|0x0000000085600000, 0x0000000085700000, 0x0000000085700000|100%| O|  |TAMS 0x0000000085700000, 0x0000000085700000| Untracked 
|  87|0x0000000085700000, 0x0000000085800000, 0x0000000085800000|100%| O|  |TAMS 0x0000000085800000, 0x0000000085800000| Untracked 
|  88|0x0000000085800000, 0x0000000085835600, 0x0000000085900000| 20%| O|  |TAMS 0x0000000085800000, 0x0000000085835600| Untracked 
|  89|0x0000000085900000, 0x0000000085a00000, 0x0000000085a00000|100%| O|  |TAMS 0x0000000085a00000, 0x0000000085a00000| Untracked 
|  90|0x0000000085a00000, 0x0000000085b00000, 0x0000000085b00000|100%| O|  |TAMS 0x0000000085b00000, 0x0000000085b00000| Untracked 
|  91|0x0000000085b00000, 0x0000000085c00000, 0x0000000085c00000|100%| O|  |TAMS 0x0000000085c00000, 0x0000000085c00000| Untracked 
|  92|0x0000000085c00000, 0x0000000085d00000, 0x0000000085d00000|100%| O|  |TAMS 0x0000000085d00000, 0x0000000085d00000| Untracked 
|  93|0x0000000085d00000, 0x0000000085e00000, 0x0000000085e00000|100%| O|  |TAMS 0x0000000085da0c00, 0x0000000085e00000| Untracked 
|  94|0x0000000085e00000, 0x0000000085e00000, 0x0000000085f00000|  0%| F|  |TAMS 0x0000000085e00000, 0x0000000085e00000| Untracked 
|  95|0x0000000085f00000, 0x0000000085f00000, 0x0000000086000000|  0%| F|  |TAMS 0x0000000085f00000, 0x0000000085f00000| Untracked 
|  96|0x0000000086000000, 0x0000000086000000, 0x0000000086100000|  0%| F|  |TAMS 0x0000000086000000, 0x0000000086000000| Untracked 
|  97|0x0000000086100000, 0x0000000086200000, 0x0000000086200000|100%| O|  |TAMS 0x0000000086200000, 0x0000000086200000| Untracked 
|  98|0x0000000086200000, 0x0000000086300000, 0x0000000086300000|100%| O|  |TAMS 0x0000000086300000, 0x0000000086300000| Untracked 
|  99|0x0000000086300000, 0x0000000086300000, 0x0000000086400000|  0%| F|  |TAMS 0x0000000086300000, 0x0000000086300000| Untracked 
| 100|0x0000000086400000, 0x0000000086400000, 0x0000000086500000|  0%| F|  |TAMS 0x0000000086400000, 0x0000000086400000| Untracked 
| 101|0x0000000086500000, 0x0000000086500000, 0x0000000086600000|  0%| F|  |TAMS 0x0000000086500000, 0x0000000086500000| Untracked 
| 102|0x0000000086600000, 0x0000000086700000, 0x0000000086700000|100%| O|  |TAMS 0x0000000086700000, 0x0000000086700000| Untracked 
| 103|0x0000000086700000, 0x0000000086800000, 0x0000000086800000|100%| O|  |TAMS 0x0000000086800000, 0x0000000086800000| Untracked 
| 104|0x0000000086800000, 0x0000000086800000, 0x0000000086900000|  0%| F|  |TAMS 0x0000000086800000, 0x0000000086800000| Untracked 
| 105|0x0000000086900000, 0x0000000086900000, 0x0000000086a00000|  0%| F|  |TAMS 0x0000000086900000, 0x0000000086900000| Untracked 
| 106|0x0000000086a00000, 0x0000000086b00000, 0x0000000086b00000|100%| O|  |TAMS 0x0000000086b00000, 0x0000000086b00000| Untracked 
| 107|0x0000000086b00000, 0x0000000086b00000, 0x0000000086c00000|  0%| F|  |TAMS 0x0000000086b00000, 0x0000000086b00000| Untracked 
| 108|0x0000000086c00000, 0x0000000086c00000, 0x0000000086d00000|  0%| F|  |TAMS 0x0000000086c00000, 0x0000000086c00000| Untracked 
| 109|0x0000000086d00000, 0x0000000086e00000, 0x0000000086e00000|100%| O|  |TAMS 0x0000000086e00000, 0x0000000086e00000| Untracked 
| 110|0x0000000086e00000, 0x0000000086e00000, 0x0000000086f00000|  0%| F|  |TAMS 0x0000000086e00000, 0x0000000086e00000| Untracked 
| 111|0x0000000086f00000, 0x0000000087000000, 0x0000000087000000|100%| O|  |TAMS 0x0000000087000000, 0x0000000087000000| Untracked 
| 112|0x0000000087000000, 0x0000000087000000, 0x0000000087100000|  0%| F|  |TAMS 0x0000000087000000, 0x0000000087000000| Untracked 
| 113|0x0000000087100000, 0x0000000087200000, 0x0000000087200000|100%| O|  |TAMS 0x0000000087200000, 0x0000000087200000| Untracked 
| 114|0x0000000087200000, 0x0000000087300000, 0x0000000087300000|100%| O|  |TAMS 0x0000000087300000, 0x0000000087300000| Untracked 
| 115|0x0000000087300000, 0x0000000087400000, 0x0000000087400000|100%| O|  |TAMS 0x0000000087400000, 0x0000000087400000| Untracked 
| 116|0x0000000087400000, 0x0000000087500000, 0x0000000087500000|100%| O|  |TAMS 0x0000000087500000, 0x0000000087500000| Untracked 
| 117|0x0000000087500000, 0x0000000087500000, 0x0000000087600000|  0%| F|  |TAMS 0x0000000087500000, 0x0000000087500000| Untracked 
| 118|0x0000000087600000, 0x0000000087600000, 0x0000000087700000|  0%| F|  |TAMS 0x0000000087600000, 0x0000000087600000| Untracked 
| 119|0x0000000087700000, 0x0000000087700000, 0x0000000087800000|  0%| F|  |TAMS 0x0000000087700000, 0x0000000087700000| Untracked 
| 120|0x0000000087800000, 0x0000000087800000, 0x0000000087900000|  0%| F|  |TAMS 0x0000000087800000, 0x0000000087800000| Untracked 
| 121|0x0000000087900000, 0x0000000087900000, 0x0000000087a00000|  0%| F|  |TAMS 0x0000000087900000, 0x0000000087900000| Untracked 
| 122|0x0000000087a00000, 0x0000000087b00000, 0x0000000087b00000|100%| O|  |TAMS 0x0000000087b00000, 0x0000000087b00000| Untracked 
| 123|0x0000000087b00000, 0x0000000087b00000, 0x0000000087c00000|  0%| F|  |TAMS 0x0000000087b00000, 0x0000000087b00000| Untracked 
| 124|0x0000000087c00000, 0x0000000087c00000, 0x0000000087d00000|  0%| F|  |TAMS 0x0000000087c00000, 0x0000000087c00000| Untracked 
| 125|0x0000000087d00000, 0x0000000087d00000, 0x0000000087e00000|  0%| F|  |TAMS 0x0000000087d00000, 0x0000000087d00000| Untracked 
| 126|0x0000000087e00000, 0x0000000087e00000, 0x0000000087f00000|  0%| F|  |TAMS 0x0000000087e00000, 0x0000000087e00000| Untracked 
| 127|0x0000000087f00000, 0x0000000087f00000, 0x0000000088000000|  0%| F|  |TAMS 0x0000000087f00000, 0x0000000087f00000| Untracked 
| 128|0x0000000088000000, 0x0000000088000000, 0x0000000088100000|  0%| F|  |TAMS 0x0000000088000000, 0x0000000088000000| Untracked 
| 129|0x0000000088100000, 0x0000000088100000, 0x0000000088200000|  0%| F|  |TAMS 0x0000000088100000, 0x0000000088100000| Untracked 
| 130|0x0000000088200000, 0x0000000088200000, 0x0000000088300000|  0%| F|  |TAMS 0x0000000088200000, 0x0000000088200000| Untracked 
| 131|0x0000000088300000, 0x0000000088300000, 0x0000000088400000|  0%| F|  |TAMS 0x0000000088300000, 0x0000000088300000| Untracked 
| 132|0x0000000088400000, 0x0000000088400000, 0x0000000088500000|  0%| F|  |TAMS 0x0000000088400000, 0x0000000088400000| Untracked 
| 133|0x0000000088500000, 0x0000000088500000, 0x0000000088600000|  0%| F|  |TAMS 0x0000000088500000, 0x0000000088500000| Untracked 
| 134|0x0000000088600000, 0x0000000088600000, 0x0000000088700000|  0%| F|  |TAMS 0x0000000088600000, 0x0000000088600000| Untracked 
| 135|0x0000000088700000, 0x0000000088700000, 0x0000000088800000|  0%| F|  |TAMS 0x0000000088700000, 0x0000000088700000| Untracked 
| 136|0x0000000088800000, 0x0000000088800000, 0x0000000088900000|  0%| F|  |TAMS 0x0000000088800000, 0x0000000088800000| Untracked 
| 137|0x0000000088900000, 0x0000000088900000, 0x0000000088a00000|  0%| F|  |TAMS 0x0000000088900000, 0x0000000088900000| Untracked 
| 138|0x0000000088a00000, 0x0000000088a00000, 0x0000000088b00000|  0%| F|  |TAMS 0x0000000088a00000, 0x0000000088a00000| Untracked 
| 139|0x0000000088b00000, 0x0000000088b00000, 0x0000000088c00000|  0%| F|  |TAMS 0x0000000088b00000, 0x0000000088b00000| Untracked 
| 140|0x0000000088c00000, 0x0000000088c00000, 0x0000000088d00000|  0%| F|  |TAMS 0x0000000088c00000, 0x0000000088c00000| Untracked 
| 141|0x0000000088d00000, 0x0000000088d00000, 0x0000000088e00000|  0%| F|  |TAMS 0x0000000088d00000, 0x0000000088d00000| Untracked 
| 142|0x0000000088e00000, 0x0000000088e00000, 0x0000000088f00000|  0%| F|  |TAMS 0x0000000088e00000, 0x0000000088e00000| Untracked 
| 143|0x0000000088f00000, 0x0000000088ff9320, 0x0000000089000000| 97%| S|CS|TAMS 0x0000000088f00000, 0x0000000088f00000| Complete 
| 144|0x0000000089000000, 0x0000000089100000, 0x0000000089100000|100%| S|CS|TAMS 0x0000000089000000, 0x0000000089000000| Complete 
| 145|0x0000000089100000, 0x0000000089200000, 0x0000000089200000|100%| S|CS|TAMS 0x0000000089100000, 0x0000000089100000| Complete 
| 146|0x0000000089200000, 0x0000000089300000, 0x0000000089300000|100%| S|CS|TAMS 0x0000000089200000, 0x0000000089200000| Complete 
| 147|0x0000000089300000, 0x0000000089400000, 0x0000000089400000|100%| S|CS|TAMS 0x0000000089300000, 0x0000000089300000| Complete 
| 148|0x0000000089400000, 0x0000000089500000, 0x0000000089500000|100%| S|CS|TAMS 0x0000000089400000, 0x0000000089400000| Complete 
| 149|0x0000000089500000, 0x0000000089600000, 0x0000000089600000|100%| S|CS|TAMS 0x0000000089500000, 0x0000000089500000| Complete 
| 150|0x0000000089600000, 0x0000000089700000, 0x0000000089700000|100%| S|CS|TAMS 0x0000000089600000, 0x0000000089600000| Complete 
| 151|0x0000000089700000, 0x0000000089700000, 0x0000000089800000|  0%| F|  |TAMS 0x0000000089700000, 0x0000000089700000| Untracked 
| 152|0x0000000089800000, 0x0000000089800000, 0x0000000089900000|  0%| F|  |TAMS 0x0000000089800000, 0x0000000089800000| Untracked 
| 153|0x0000000089900000, 0x0000000089900000, 0x0000000089a00000|  0%| F|  |TAMS 0x0000000089900000, 0x0000000089900000| Untracked 
| 154|0x0000000089a00000, 0x0000000089a00000, 0x0000000089b00000|  0%| F|  |TAMS 0x0000000089a00000, 0x0000000089a00000| Untracked 
| 155|0x0000000089b00000, 0x0000000089b00000, 0x0000000089c00000|  0%| F|  |TAMS 0x0000000089b00000, 0x0000000089b00000| Untracked 
| 156|0x0000000089c00000, 0x0000000089c00000, 0x0000000089d00000|  0%| F|  |TAMS 0x0000000089c00000, 0x0000000089c00000| Untracked 
| 157|0x0000000089d00000, 0x0000000089d00000, 0x0000000089e00000|  0%| F|  |TAMS 0x0000000089d00000, 0x0000000089d00000| Untracked 
| 158|0x0000000089e00000, 0x0000000089e00000, 0x0000000089f00000|  0%| F|  |TAMS 0x0000000089e00000, 0x0000000089e00000| Untracked 
| 159|0x0000000089f00000, 0x0000000089f00000, 0x000000008a000000|  0%| F|  |TAMS 0x0000000089f00000, 0x0000000089f00000| Untracked 
| 160|0x000000008a000000, 0x000000008a000000, 0x000000008a100000|  0%| F|  |TAMS 0x000000008a000000, 0x000000008a000000| Untracked 
| 161|0x000000008a100000, 0x000000008a100000, 0x000000008a200000|  0%| F|  |TAMS 0x000000008a100000, 0x000000008a100000| Untracked 
| 162|0x000000008a200000, 0x000000008a200000, 0x000000008a300000|  0%| F|  |TAMS 0x000000008a200000, 0x000000008a200000| Untracked 
| 163|0x000000008a300000, 0x000000008a300000, 0x000000008a400000|  0%| F|  |TAMS 0x000000008a300000, 0x000000008a300000| Untracked 
| 164|0x000000008a400000, 0x000000008a400000, 0x000000008a500000|  0%| F|  |TAMS 0x000000008a400000, 0x000000008a400000| Untracked 
| 165|0x000000008a500000, 0x000000008a500000, 0x000000008a600000|  0%| F|  |TAMS 0x000000008a500000, 0x000000008a500000| Untracked 
| 166|0x000000008a600000, 0x000000008a600000, 0x000000008a700000|  0%| F|  |TAMS 0x000000008a600000, 0x000000008a600000| Untracked 
| 167|0x000000008a700000, 0x000000008a700000, 0x000000008a800000|  0%| F|  |TAMS 0x000000008a700000, 0x000000008a700000| Untracked 
| 168|0x000000008a800000, 0x000000008a800000, 0x000000008a900000|  0%| F|  |TAMS 0x000000008a800000, 0x000000008a800000| Untracked 
| 169|0x000000008a900000, 0x000000008a900000, 0x000000008aa00000|  0%| F|  |TAMS 0x000000008a900000, 0x000000008a900000| Untracked 
| 170|0x000000008aa00000, 0x000000008aa00000, 0x000000008ab00000|  0%| F|  |TAMS 0x000000008aa00000, 0x000000008aa00000| Untracked 
| 171|0x000000008ab00000, 0x000000008ab00000, 0x000000008ac00000|  0%| F|  |TAMS 0x000000008ab00000, 0x000000008ab00000| Untracked 
| 172|0x000000008ac00000, 0x000000008ac00000, 0x000000008ad00000|  0%| F|  |TAMS 0x000000008ac00000, 0x000000008ac00000| Untracked 
| 173|0x000000008ad00000, 0x000000008ad00000, 0x000000008ae00000|  0%| F|  |TAMS 0x000000008ad00000, 0x000000008ad00000| Untracked 
| 174|0x000000008ae00000, 0x000000008ae00000, 0x000000008af00000|  0%| F|  |TAMS 0x000000008ae00000, 0x000000008ae00000| Untracked 
| 175|0x000000008af00000, 0x000000008af00000, 0x000000008b000000|  0%| F|  |TAMS 0x000000008af00000, 0x000000008af00000| Untracked 
| 176|0x000000008b000000, 0x000000008b000000, 0x000000008b100000|  0%| F|  |TAMS 0x000000008b000000, 0x000000008b000000| Untracked 
| 177|0x000000008b100000, 0x000000008b100000, 0x000000008b200000|  0%| F|  |TAMS 0x000000008b100000, 0x000000008b100000| Untracked 
| 178|0x000000008b200000, 0x000000008b200000, 0x000000008b300000|  0%| F|  |TAMS 0x000000008b200000, 0x000000008b200000| Untracked 
| 179|0x000000008b300000, 0x000000008b300000, 0x000000008b400000|  0%| F|  |TAMS 0x000000008b300000, 0x000000008b300000| Untracked 
| 180|0x000000008b400000, 0x000000008b400000, 0x000000008b500000|  0%| F|  |TAMS 0x000000008b400000, 0x000000008b400000| Untracked 
| 181|0x000000008b500000, 0x000000008b500000, 0x000000008b600000|  0%| F|  |TAMS 0x000000008b500000, 0x000000008b500000| Untracked 
| 182|0x000000008b600000, 0x000000008b600000, 0x000000008b700000|  0%| F|  |TAMS 0x000000008b600000, 0x000000008b600000| Untracked 
| 183|0x000000008b700000, 0x000000008b700000, 0x000000008b800000|  0%| F|  |TAMS 0x000000008b700000, 0x000000008b700000| Untracked 
| 184|0x000000008b800000, 0x000000008b800000, 0x000000008b900000|  0%| F|  |TAMS 0x000000008b800000, 0x000000008b800000| Untracked 
| 185|0x000000008b900000, 0x000000008b900000, 0x000000008ba00000|  0%| F|  |TAMS 0x000000008b900000, 0x000000008b900000| Untracked 
| 186|0x000000008ba00000, 0x000000008ba00000, 0x000000008bb00000|  0%| F|  |TAMS 0x000000008ba00000, 0x000000008ba00000| Untracked 
| 187|0x000000008bb00000, 0x000000008bb00000, 0x000000008bc00000|  0%| F|  |TAMS 0x000000008bb00000, 0x000000008bb00000| Untracked 
| 188|0x000000008bc00000, 0x000000008bc00000, 0x000000008bd00000|  0%| F|  |TAMS 0x000000008bc00000, 0x000000008bc00000| Untracked 
| 189|0x000000008bd00000, 0x000000008bd00000, 0x000000008be00000|  0%| F|  |TAMS 0x000000008bd00000, 0x000000008bd00000| Untracked 
| 190|0x000000008be00000, 0x000000008be00000, 0x000000008bf00000|  0%| F|  |TAMS 0x000000008be00000, 0x000000008be00000| Untracked 
| 191|0x000000008bf00000, 0x000000008bf00000, 0x000000008c000000|  0%| F|  |TAMS 0x000000008bf00000, 0x000000008bf00000| Untracked 
| 192|0x000000008c000000, 0x000000008c000000, 0x000000008c100000|  0%| F|  |TAMS 0x000000008c000000, 0x000000008c000000| Untracked 
| 193|0x000000008c100000, 0x000000008c100000, 0x000000008c200000|  0%| F|  |TAMS 0x000000008c100000, 0x000000008c100000| Untracked 
| 194|0x000000008c200000, 0x000000008c200000, 0x000000008c300000|  0%| F|  |TAMS 0x000000008c200000, 0x000000008c200000| Untracked 
| 195|0x000000008c300000, 0x000000008c300000, 0x000000008c400000|  0%| F|  |TAMS 0x000000008c300000, 0x000000008c300000| Untracked 
| 196|0x000000008c400000, 0x000000008c400000, 0x000000008c500000|  0%| F|  |TAMS 0x000000008c400000, 0x000000008c400000| Untracked 
| 197|0x000000008c500000, 0x000000008c500000, 0x000000008c600000|  0%| F|  |TAMS 0x000000008c500000, 0x000000008c500000| Untracked 
| 198|0x000000008c600000, 0x000000008c600000, 0x000000008c700000|  0%| F|  |TAMS 0x000000008c600000, 0x000000008c600000| Untracked 
| 199|0x000000008c700000, 0x000000008c700000, 0x000000008c800000|  0%| F|  |TAMS 0x000000008c700000, 0x000000008c700000| Untracked 
| 200|0x000000008c800000, 0x000000008c800000, 0x000000008c900000|  0%| F|  |TAMS 0x000000008c800000, 0x000000008c800000| Untracked 
| 201|0x000000008c900000, 0x000000008c900000, 0x000000008ca00000|  0%| F|  |TAMS 0x000000008c900000, 0x000000008c900000| Untracked 
| 202|0x000000008ca00000, 0x000000008ca00000, 0x000000008cb00000|  0%| F|  |TAMS 0x000000008ca00000, 0x000000008ca00000| Untracked 
| 203|0x000000008cb00000, 0x000000008cb00000, 0x000000008cc00000|  0%| F|  |TAMS 0x000000008cb00000, 0x000000008cb00000| Untracked 
| 204|0x000000008cc00000, 0x000000008cc00000, 0x000000008cd00000|  0%| F|  |TAMS 0x000000008cc00000, 0x000000008cc00000| Untracked 
| 205|0x000000008cd00000, 0x000000008cd00000, 0x000000008ce00000|  0%| F|  |TAMS 0x000000008cd00000, 0x000000008cd00000| Untracked 
| 206|0x000000008ce00000, 0x000000008ce00000, 0x000000008cf00000|  0%| F|  |TAMS 0x000000008ce00000, 0x000000008ce00000| Untracked 
| 207|0x000000008cf00000, 0x000000008cf00000, 0x000000008d000000|  0%| F|  |TAMS 0x000000008cf00000, 0x000000008cf00000| Untracked 
| 208|0x000000008d000000, 0x000000008d000000, 0x000000008d100000|  0%| F|  |TAMS 0x000000008d000000, 0x000000008d000000| Untracked 
| 209|0x000000008d100000, 0x000000008d100000, 0x000000008d200000|  0%| F|  |TAMS 0x000000008d100000, 0x000000008d100000| Untracked 
| 210|0x000000008d200000, 0x000000008d200000, 0x000000008d300000|  0%| F|  |TAMS 0x000000008d200000, 0x000000008d200000| Untracked 
| 211|0x000000008d300000, 0x000000008d300000, 0x000000008d400000|  0%| F|  |TAMS 0x000000008d300000, 0x000000008d300000| Untracked 
| 212|0x000000008d400000, 0x000000008d400000, 0x000000008d500000|  0%| F|  |TAMS 0x000000008d400000, 0x000000008d400000| Untracked 
| 213|0x000000008d500000, 0x000000008d500000, 0x000000008d600000|  0%| F|  |TAMS 0x000000008d500000, 0x000000008d500000| Untracked 
| 214|0x000000008d600000, 0x000000008d600000, 0x000000008d700000|  0%| F|  |TAMS 0x000000008d600000, 0x000000008d600000| Untracked 
| 215|0x000000008d700000, 0x000000008d700000, 0x000000008d800000|  0%| F|  |TAMS 0x000000008d700000, 0x000000008d700000| Untracked 
| 216|0x000000008d800000, 0x000000008d800000, 0x000000008d900000|  0%| F|  |TAMS 0x000000008d800000, 0x000000008d800000| Untracked 
| 217|0x000000008d900000, 0x000000008d900000, 0x000000008da00000|  0%| F|  |TAMS 0x000000008d900000, 0x000000008d900000| Untracked 
| 218|0x000000008da00000, 0x000000008da00000, 0x000000008db00000|  0%| F|  |TAMS 0x000000008da00000, 0x000000008da00000| Untracked 
| 219|0x000000008db00000, 0x000000008db00000, 0x000000008dc00000|  0%| F|  |TAMS 0x000000008db00000, 0x000000008db00000| Untracked 
| 220|0x000000008dc00000, 0x000000008dc00000, 0x000000008dd00000|  0%| F|  |TAMS 0x000000008dc00000, 0x000000008dc00000| Untracked 
| 221|0x000000008dd00000, 0x000000008dd00000, 0x000000008de00000|  0%| F|  |TAMS 0x000000008dd00000, 0x000000008dd00000| Untracked 
| 222|0x000000008de00000, 0x000000008de00000, 0x000000008df00000|  0%| F|  |TAMS 0x000000008de00000, 0x000000008de00000| Untracked 
| 223|0x000000008df00000, 0x000000008df00000, 0x000000008e000000|  0%| F|  |TAMS 0x000000008df00000, 0x000000008df00000| Untracked 
| 224|0x000000008e000000, 0x000000008e000000, 0x000000008e100000|  0%| F|  |TAMS 0x000000008e000000, 0x000000008e000000| Untracked 
| 225|0x000000008e100000, 0x000000008e100000, 0x000000008e200000|  0%| F|  |TAMS 0x000000008e100000, 0x000000008e100000| Untracked 
| 226|0x000000008e200000, 0x000000008e200000, 0x000000008e300000|  0%| F|  |TAMS 0x000000008e200000, 0x000000008e200000| Untracked 
| 227|0x000000008e300000, 0x000000008e300000, 0x000000008e400000|  0%| F|  |TAMS 0x000000008e300000, 0x000000008e300000| Untracked 
| 228|0x000000008e400000, 0x000000008e400000, 0x000000008e500000|  0%| F|  |TAMS 0x000000008e400000, 0x000000008e400000| Untracked 
| 229|0x000000008e500000, 0x000000008e500000, 0x000000008e600000|  0%| F|  |TAMS 0x000000008e500000, 0x000000008e500000| Untracked 
| 230|0x000000008e600000, 0x000000008e600000, 0x000000008e700000|  0%| F|  |TAMS 0x000000008e600000, 0x000000008e600000| Untracked 
| 231|0x000000008e700000, 0x000000008e700000, 0x000000008e800000|  0%| F|  |TAMS 0x000000008e700000, 0x000000008e700000| Untracked 
| 232|0x000000008e800000, 0x000000008e800000, 0x000000008e900000|  0%| F|  |TAMS 0x000000008e800000, 0x000000008e800000| Untracked 
| 233|0x000000008e900000, 0x000000008e900000, 0x000000008ea00000|  0%| F|  |TAMS 0x000000008e900000, 0x000000008e900000| Untracked 
| 234|0x000000008ea00000, 0x000000008ea00000, 0x000000008eb00000|  0%| F|  |TAMS 0x000000008ea00000, 0x000000008ea00000| Untracked 
| 235|0x000000008eb00000, 0x000000008eb00000, 0x000000008ec00000|  0%| F|  |TAMS 0x000000008eb00000, 0x000000008eb00000| Untracked 
| 236|0x000000008ec00000, 0x000000008ec00000, 0x000000008ed00000|  0%| F|  |TAMS 0x000000008ec00000, 0x000000008ec00000| Untracked 
| 237|0x000000008ed00000, 0x000000008ed00000, 0x000000008ee00000|  0%| F|  |TAMS 0x000000008ed00000, 0x000000008ed00000| Untracked 
| 238|0x000000008ee00000, 0x000000008ee00000, 0x000000008ef00000|  0%| F|  |TAMS 0x000000008ee00000, 0x000000008ee00000| Untracked 
| 239|0x000000008ef00000, 0x000000008ef00000, 0x000000008f000000|  0%| F|  |TAMS 0x000000008ef00000, 0x000000008ef00000| Untracked 

Card table byte_map: [0x0000000015ae0000,0x0000000015ee0000] _byte_map_base: 0x00000000156e0000

Marking Bits (Prev, Next): (CMBitMap*) 0x000000000044d600, (CMBitMap*) 0x000000000044d5c8
 Prev Bits: [0x00000000182e0000, 0x000000001a2e0000)
 Next Bits: [0x00000000162e0000, 0x00000000182e0000)

Polling page: 0x0000000000130000

Metaspace:

Usage:
  Non-class:    109.02 MB capacity,   106.93 MB ( 98%) used,     1.68 MB (  2%) free+waste,   423.69 KB ( <1%) overhead. 
      Class:     16.36 MB capacity,    15.12 MB ( 92%) used,     1.06 MB (  6%) free+waste,   183.19 KB (  1%) overhead. 
       Both:    125.38 MB capacity,   122.05 MB ( 97%) used,     2.74 MB (  2%) free+waste,   606.88 KB ( <1%) overhead. 

Virtual space:
  Non-class space:      110.00 MB reserved,     109.25 MB (>99%) committed 
      Class space:        1.00 GB reserved,      16.45 MB (  2%) committed 
             Both:        1.11 GB reserved,     125.70 MB ( 11%) committed 

Chunk freelists:
   Non-Class:  43.00 KB
       Class:  0 bytes
        Both:  43.00 KB

MaxMetaspaceSize: 17179869184.00 GB
CompressedClassSpaceSize: 1.00 GB

CodeHeap 'non-profiled nmethods': size=120064Kb used=9725Kb max_used=9800Kb free=110338Kb
 bounds [0x000000000dae0000, 0x000000000e480000, 0x0000000015020000]
CodeHeap 'profiled nmethods': size=120000Kb used=49295Kb max_used=49295Kb free=70704Kb
 bounds [0x00000000065b0000, 0x00000000095f0000, 0x000000000dae0000]
CodeHeap 'non-nmethods': size=5696Kb used=2352Kb max_used=2390Kb free=3343Kb
 bounds [0x0000000006020000, 0x0000000006290000, 0x00000000065b0000]
 total_blobs=23556 nmethods=22578 adapters=888
 compilation: enabled
              stopped_count=0, restarted_count=0
 full_count=0

Compilation events (20 events):
Event: 1336.269 Thread 0x000000005d629800 24433       2       com.android.tools.r8.internal.s0::<init> (5 bytes)
Event: 1336.270 Thread 0x000000005d629800 nmethod 24433 0x00000000095df910 code [0x00000000095dfac0, 0x00000000095dfbb8]
Event: 1336.279 Thread 0x000000005d629800 24434       2       com.android.tools.r8.internal.KD::g2 (44 bytes)
Event: 1336.280 Thread 0x000000005d629800 nmethod 24434 0x00000000095dfc90 code [0x00000000095dfe40, 0x00000000095dff88]
Event: 1336.289 Thread 0x000000005d629800 24435       2       com.android.tools.r8.internal.ja$$Lambda$2003/0x000000001da5a440::compare (12 bytes)
Event: 1336.290 Thread 0x000000005d629800 nmethod 24435 0x00000000095e0090 code [0x00000000095e0240, 0x00000000095e03d8]
Event: 1336.290 Thread 0x000000005d629800 24436       2       com.android.tools.r8.internal.ia::a (12 bytes)
Event: 1336.290 Thread 0x000000005d629800 nmethod 24436 0x00000000095e0510 code [0x00000000095e06c0, 0x00000000095e07f8]
Event: 1336.297 Thread 0x000000005d629800 24437       2       com.android.tools.r8.graph.T$$Lambda$1768/0x000000001dc64c40::apply (15 bytes)
Event: 1336.298 Thread 0x000000005d629800 nmethod 24437 0x00000000095e0890 code [0x00000000095e0a40, 0x00000000095e0bb8]
Event: 1336.301 Thread 0x000000005d629800 24438       2       com.android.tools.r8.internal.h4::a (29 bytes)
Event: 1336.302 Thread 0x000000005d629800 nmethod 24438 0x00000000095e0c90 code [0x00000000095e0ec0, 0x00000000095e1328]
Event: 1336.302 Thread 0x000000005d629800 24439       2       com.android.tools.r8.internal.Ar::a (16 bytes)
Event: 1336.302 Thread 0x000000005d629800 nmethod 24439 0x00000000095e1690 code [0x00000000095e1840, 0x00000000095e1968]
Event: 1336.304 Thread 0x000000005d629800 24440       2       com.android.tools.r8.internal.kA$a::equals (18 bytes)
Event: 1336.304 Thread 0x000000005d629800 nmethod 24440 0x00000000095e1a10 code [0x00000000095e1bc0, 0x00000000095e1d38]
Event: 1336.312 Thread 0x000000005d629800 24443       2       com.android.tools.r8.internal.f7::a (16 bytes)
Event: 1336.312 Thread 0x000000005d629800 nmethod 24443 0x00000000095e1e10 code [0x00000000095e1fc0, 0x00000000095e20e8]
Event: 1336.315 Thread 0x000000005d629800 24444       2       com.android.tools.r8.internal.B8::a (8 bytes)
Event: 1336.315 Thread 0x000000005d629800 nmethod 24444 0x00000000095e2190 code [0x00000000095e2360, 0x00000000095e24b8]

GC Heap History (20 events):
Event: 1332.511 GC heap after
{Heap after GC invocations=65 (full 0):
 garbage-first heap   total 245760K, used 117034K [0x0000000080000000, 0x0000000100000000)
  region size 1024K, 2 young (2048K), 2 survivors (2048K)
 Metaspace       used 122627K, capacity 125962K, committed 126284K, reserved 1159168K
  class space    used 15362K, capacity 16593K, committed 16716K, reserved 1048576K
}
Event: 1333.242 GC heap before
{Heap before GC invocations=65 (full 0):
 garbage-first heap   total 245760K, used 187690K [0x0000000080000000, 0x0000000100000000)
  region size 1024K, 71 young (72704K), 2 survivors (2048K)
 Metaspace       used 123723K, capacity 127062K, committed 127308K, reserved 1159168K
  class space    used 15451K, capacity 16680K, committed 16716K, reserved 1048576K
}
Event: 1333.255 GC heap after
{Heap after GC invocations=66 (full 0):
 garbage-first heap   total 245760K, used 120606K [0x0000000080000000, 0x0000000100000000)
  region size 1024K, 5 young (5120K), 5 survivors (5120K)
 Metaspace       used 123723K, capacity 127062K, committed 127308K, reserved 1159168K
  class space    used 15451K, capacity 16680K, committed 16716K, reserved 1048576K
}
Event: 1333.887 GC heap before
{Heap before GC invocations=67 (full 0):
 garbage-first heap   total 245760K, used 185118K [0x0000000080000000, 0x0000000100000000)
  region size 1024K, 75 young (76800K), 5 survivors (5120K)
 Metaspace       used 124105K, capacity 127455K, committed 127564K, reserved 1161216K
  class space    used 15460K, capacity 16695K, committed 16716K, reserved 1048576K
}
Event: 1333.908 GC heap after
{Heap after GC invocations=68 (full 0):
 garbage-first heap   total 245760K, used 120536K [0x0000000080000000, 0x0000000100000000)
  region size 1024K, 10 young (10240K), 10 survivors (10240K)
 Metaspace       used 124105K, capacity 127455K, committed 127564K, reserved 1161216K
  class space    used 15460K, capacity 16695K, committed 16716K, reserved 1048576K
}
Event: 1333.919 GC heap before
{Heap before GC invocations=68 (full 0):
 garbage-first heap   total 245760K, used 122584K [0x0000000080000000, 0x0000000100000000)
  region size 1024K, 12 young (12288K), 10 survivors (10240K)
 Metaspace       used 124114K, capacity 127455K, committed 127564K, reserved 1161216K
  class space    used 15460K, capacity 16695K, committed 16716K, reserved 1048576K
}
Event: 1333.950 GC heap after
{Heap after GC invocations=69 (full 0):
 garbage-first heap   total 245760K, used 106836K [0x0000000080000000, 0x0000000100000000)
  region size 1024K, 2 young (2048K), 2 survivors (2048K)
 Metaspace       used 124114K, capacity 127455K, committed 127564K, reserved 1161216K
  class space    used 15460K, capacity 16695K, committed 16716K, reserved 1048576K
}
Event: 1334.363 GC heap before
{Heap before GC invocations=69 (full 0):
 garbage-first heap   total 245760K, used 185684K [0x0000000080000000, 0x0000000100000000)
  region size 1024K, 79 young (80896K), 2 survivors (2048K)
 Metaspace       used 124408K, capacity 127726K, committed 127820K, reserved 1161216K
  class space    used 15460K, capacity 16695K, committed 16716K, reserved 1048576K
}
Event: 1334.377 GC heap after
{Heap after GC invocations=70 (full 0):
 garbage-first heap   total 245760K, used 108698K [0x0000000080000000, 0x0000000100000000)
  region size 1024K, 4 young (4096K), 4 survivors (4096K)
 Metaspace       used 124408K, capacity 127726K, committed 127820K, reserved 1161216K
  class space    used 15460K, capacity 16695K, committed 16716K, reserved 1048576K
}
Event: 1334.975 GC heap before
{Heap before GC invocations=71 (full 0):
 garbage-first heap   total 245760K, used 190618K [0x0000000080000000, 0x0000000100000000)
  region size 1024K, 84 young (86016K), 4 survivors (4096K)
 Metaspace       used 124732K, capacity 128143K, committed 128460K, reserved 1161216K
  class space    used 15476K, capacity 16744K, committed 16844K, reserved 1048576K
}
Event: 1335.009 GC heap after
{Heap after GC invocations=72 (full 0):
 garbage-first heap   total 245760K, used 108895K [0x0000000080000000, 0x0000000100000000)
  region size 1024K, 4 young (4096K), 4 survivors (4096K)
 Metaspace       used 124732K, capacity 128143K, committed 128460K, reserved 1161216K
  class space    used 15476K, capacity 16744K, committed 16844K, reserved 1048576K
}
Event: 1335.047 GC heap before
{Heap before GC invocations=72 (full 0):
 garbage-first heap   total 245760K, used 117087K [0x0000000080000000, 0x0000000100000000)
  region size 1024K, 12 young (12288K), 4 survivors (4096K)
 Metaspace       used 124740K, capacity 128146K, committed 128460K, reserved 1161216K
  class space    used 15476K, capacity 16744K, committed 16844K, reserved 1048576K
}
Event: 1335.079 GC heap after
{Heap after GC invocations=73 (full 0):
 garbage-first heap   total 245760K, used 102966K [0x0000000080000000, 0x0000000100000000)
  region size 1024K, 1 young (1024K), 1 survivors (1024K)
 Metaspace       used 124740K, capacity 128146K, committed 128460K, reserved 1161216K
  class space    used 15476K, capacity 16744K, committed 16844K, reserved 1048576K
}
Event: 1335.408 GC heap before
{Heap before GC invocations=73 (full 0):
 garbage-first heap   total 245760K, used 192054K [0x0000000080000000, 0x0000000100000000)
  region size 1024K, 89 young (91136K), 1 survivors (1024K)
 Metaspace       used 124800K, capacity 128216K, committed 128460K, reserved 1161216K
  class space    used 15477K, capacity 16745K, committed 16844K, reserved 1048576K
}
Event: 1335.429 GC heap after
{Heap after GC invocations=74 (full 0):
 garbage-first heap   total 245760K, used 108398K [0x0000000080000000, 0x0000000100000000)
  region size 1024K, 7 young (7168K), 7 survivors (7168K)
 Metaspace       used 124800K, capacity 128216K, committed 128460K, reserved 1161216K
  class space    used 15477K, capacity 16745K, committed 16844K, reserved 1048576K
}
Event: 1335.947 GC heap before
{Heap before GC invocations=75 (full 0):
 garbage-first heap   total 245760K, used 195438K [0x0000000080000000, 0x0000000100000000)
  region size 1024K, 92 young (94208K), 7 survivors (7168K)
 Metaspace       used 124939K, capacity 128320K, committed 128460K, reserved 1161216K
  class space    used 15486K, capacity 16753K, committed 16844K, reserved 1048576K
}
Event: 1335.959 GC heap after
{Heap after GC invocations=76 (full 0):
 garbage-first heap   total 245760K, used 108847K [0x0000000080000000, 0x0000000100000000)
  region size 1024K, 7 young (7168K), 7 survivors (7168K)
 Metaspace       used 124939K, capacity 128320K, committed 128460K, reserved 1161216K
  class space    used 15486K, capacity 16753K, committed 16844K, reserved 1048576K
}
Event: 1335.974 GC heap before
{Heap before GC invocations=76 (full 0):
 garbage-first heap   total 245760K, used 112943K [0x0000000080000000, 0x0000000100000000)
  region size 1024K, 12 young (12288K), 7 survivors (7168K)
 Metaspace       used 124939K, capacity 128320K, committed 128460K, reserved 1161216K
  class space    used 15486K, capacity 16753K, committed 16844K, reserved 1048576K
}
Event: 1335.993 GC heap after
{Heap after GC invocations=77 (full 0):
 garbage-first heap   total 245760K, used 109580K [0x0000000080000000, 0x0000000100000000)
  region size 1024K, 2 young (2048K), 2 survivors (2048K)
 Metaspace       used 124939K, capacity 128320K, committed 128460K, reserved 1161216K
  class space    used 15486K, capacity 16753K, committed 16844K, reserved 1048576K
}
Event: 1336.330 GC heap before
{Heap before GC invocations=77 (full 0):
 garbage-first heap   total 245760K, used 197644K [0x0000000080000000, 0x0000000100000000)
  region size 1024K, 89 young (91136K), 2 survivors (2048K)
 Metaspace       used 124978K, capacity 128391K, committed 128716K, reserved 1161216K
  class space    used 15486K, capacity 16754K, committed 16844K, reserved 1048576K
}

Deoptimization events (20 events):
Event: 1336.125 Thread 0x0000000067be1000 DEOPT PACKING pc=0x000000000dfe4b40 sp=0x000000006c376e30
Event: 1336.125 Thread 0x0000000067be1000 DEOPT UNPACKING pc=0x00000000060476af sp=0x000000006c376df0 mode 2
Event: 1336.125 Thread 0x0000000067be1000 Uncommon trap: trap_request=0xffffff4d fr.pc=0x000000000dcd3b08 relative=0x0000000000000448
Event: 1336.125 Thread 0x0000000067be1000 Uncommon trap: reason=unstable_if action=reinterpret pc=0x000000000dcd3b08 method=java.lang.StringUTF16.compress([CII)[B @ 13 c2
Event: 1336.125 Thread 0x0000000067be1000 DEOPT PACKING pc=0x000000000dcd3b08 sp=0x000000006c376d70
Event: 1336.125 Thread 0x0000000067be1000 DEOPT UNPACKING pc=0x00000000060476af sp=0x000000006c376c58 mode 2
Event: 1336.125 Thread 0x0000000067be1000 Uncommon trap: trap_request=0xffffff4d fr.pc=0x000000000dfe6fd4 relative=0x0000000000000814
Event: 1336.125 Thread 0x0000000067be1000 Uncommon trap: reason=unstable_if action=reinterpret pc=0x000000000dfe6fd4 method=com.android.tools.r8.graph.c0.a(C)I @ 7 c2
Event: 1336.125 Thread 0x0000000067be1000 DEOPT PACKING pc=0x000000000dfe6fd4 sp=0x000000006c376df0
Event: 1336.126 Thread 0x0000000067be1000 DEOPT UNPACKING pc=0x00000000060476af sp=0x000000006c376d40 mode 2
Event: 1336.126 Thread 0x0000000067be1000 Uncommon trap: trap_request=0xffffff4d fr.pc=0x000000000dfe2c24 relative=0x0000000000000084
Event: 1336.126 Thread 0x0000000067be1000 Uncommon trap: reason=unstable_if action=reinterpret pc=0x000000000dfe2c24 method=com.android.tools.r8.graph.c0.a(C[BI)I @ 7 c2
Event: 1336.126 Thread 0x0000000067be1000 DEOPT PACKING pc=0x000000000dfe2c24 sp=0x000000006c376d90
Event: 1336.126 Thread 0x0000000067be1000 DEOPT UNPACKING pc=0x00000000060476af sp=0x000000006c376d28 mode 2
Event: 1336.156 Thread 0x0000000067be1000 Uncommon trap: trap_request=0xffffff4d fr.pc=0x000000000dfe2fa4 relative=0x0000000000000084
Event: 1336.156 Thread 0x0000000067be1000 Uncommon trap: reason=unstable_if action=reinterpret pc=0x000000000dfe2fa4 method=com.android.tools.r8.internal.Xe.d(I)Z @ 45 c2
Event: 1336.156 Thread 0x0000000067be1000 DEOPT PACKING pc=0x000000000dfe2fa4 sp=0x000000006c376810
Event: 1336.156 Thread 0x0000000067be1000 DEOPT UNPACKING pc=0x00000000060476af sp=0x000000006c3767a0 mode 2
Event: 1336.160 Thread 0x00000000615bd800 DEOPT PACKING pc=0x0000000006f166e9 sp=0x000000006b449350
Event: 1336.160 Thread 0x00000000615bd800 DEOPT UNPACKING pc=0x00000000060474ce sp=0x000000006b4488d8 mode 0

Classes redefined (0 events):
No events

Internal exceptions (20 events):
Event: 1327.034 Thread 0x000000006483e800 Exception <a 'java/lang/NoClassDefFoundError'{0x000000008d230a58}: org/jetbrains/kotlin/gradle/plugin/KotlinBasePluginWrapper> (0x000000008d230a58) thrown at [./src/hotspot/share/oops/constantPool.cpp, line 775]
Event: 1327.098 Thread 0x000000006483e800 Exception <a 'sun/nio/fs/WindowsException'{0x000000008d075a90}> (0x000000008d075a90) thrown at [./src/hotspot/share/prims/jni.cpp, line 615]
Event: 1327.114 Thread 0x000000006483e800 Exception <a 'sun/nio/fs/WindowsException'{0x000000008cf18cc0}> (0x000000008cf18cc0) thrown at [./src/hotspot/share/prims/jni.cpp, line 615]
Event: 1327.114 Thread 0x000000006483e800 Exception <a 'sun/nio/fs/WindowsException'{0x000000008cf19dc0}> (0x000000008cf19dc0) thrown at [./src/hotspot/share/prims/jni.cpp, line 615]
Event: 1327.114 Thread 0x000000006483e800 Exception <a 'sun/nio/fs/WindowsException'{0x000000008cf1af10}> (0x000000008cf1af10) thrown at [./src/hotspot/share/prims/jni.cpp, line 615]
Event: 1327.114 Thread 0x000000006483e800 Exception <a 'sun/nio/fs/WindowsException'{0x000000008cf1c060}> (0x000000008cf1c060) thrown at [./src/hotspot/share/prims/jni.cpp, line 615]
Event: 1331.516 Thread 0x0000000067be2800 Implicit null exception at 0x000000000dda8193 to 0x000000000dda8880
Event: 1331.518 Thread 0x0000000067be2800 Implicit null exception at 0x000000000dda8193 to 0x000000000dda8880
Event: 1331.518 Thread 0x0000000067be2800 Implicit null exception at 0x000000000dda8193 to 0x000000000dda8880
Event: 1331.564 Thread 0x0000000067be2800 Implicit null exception at 0x000000000dda8193 to 0x000000000dda8880
Event: 1332.130 Thread 0x00000000615bd800 Exception <a 'sun/nio/fs/WindowsException'{0x000000008c70bca0}> (0x000000008c70bca0) thrown at [./src/hotspot/share/prims/jni.cpp, line 615]
Event: 1332.178 Thread 0x000000006070f800 Exception <a 'sun/nio/fs/WindowsException'{0x000000008c1a08a0}> (0x000000008c1a08a0) thrown at [./src/hotspot/share/prims/jni.cpp, line 615]
Event: 1332.592 Thread 0x000000006070f800 Exception <a 'java/lang/NoSuchMethodError'{0x000000008e75cf40}: 'java.lang.Object java.lang.invoke.DirectMethodHandle$Holder.invokeInterface(java.lang.Object, java.lang.Object, int)'> (0x000000008e75cf40) thrown at [./src/hotspot/share/interpreter/linkResolver.cpp, line 773]
Event: 1332.841 Thread 0x000000006070f800 Implicit null exception at 0x000000000db2fe1d to 0x000000000db30180
Event: 1333.659 Thread 0x00000000615bb800 Exception <a 'sun/nio/fs/WindowsException'{0x000000008cecaaf8}> (0x000000008cecaaf8) thrown at [./src/hotspot/share/prims/jni.cpp, line 615]
Event: 1334.399 Thread 0x000000006070f800 Exception <a 'java/lang/NoSuchMethodError'{0x000000008ec232b0}: 'int java.lang.invoke.DirectMethodHandle$Holder.invokeInterface(java.lang.Object, java.lang.Object, int)'> (0x000000008ec232b0) thrown at [./src/hotspot/share/interpreter/linkResolver.cpp, line 773]
Event: 1334.876 Thread 0x00000000615bd800 Exception <a 'sun/nio/fs/WindowsException'{0x000000008bcb0120}> (0x000000008bcb0120) thrown at [./src/hotspot/share/prims/jni.cpp, line 615]
Event: 1335.265 Thread 0x00000000615bd800 Exception <a 'sun/nio/fs/WindowsException'{0x000000008bbc84c0}> (0x000000008bbc84c0) thrown at [./src/hotspot/share/prims/jni.cpp, line 615]
Event: 1335.912 Thread 0x000000006070f800 Exception <a 'sun/nio/fs/WindowsException'{0x000000008a1a1168}> (0x000000008a1a1168) thrown at [./src/hotspot/share/prims/jni.cpp, line 615]
Event: 1336.003 Thread 0x0000000067be1000 Exception <a 'sun/nio/fs/WindowsException'{0x000000008ed5a9d8}> (0x000000008ed5a9d8) thrown at [./src/hotspot/share/prims/jni.cpp, line 615]

Events (20 events):
Event: 1335.832 loading class com/android/tools/r8/internal/DE done
Event: 1335.833 loading class com/android/tools/r8/internal/CE
Event: 1335.833 loading class com/android/tools/r8/internal/CE done
Event: 1335.833 loading class com/android/tools/r8/code/D0
Event: 1335.833 loading class com/android/tools/r8/code/D0 done
Event: 1335.833 loading class com/android/tools/r8/code/D0
Event: 1335.833 loading class com/android/tools/r8/code/D0 done
Event: 1335.833 loading class com/android/tools/r8/code/D0
Event: 1335.833 loading class com/android/tools/r8/code/D0 done
Event: 1335.888 Executing VM operation: CGC_Operation
Event: 1335.898 Executing VM operation: CGC_Operation done
Event: 1335.900 loading class com/android/tools/r8/internal/st
Event: 1335.900 loading class com/android/tools/r8/internal/st done
Event: 1335.947 Executing VM operation: G1CollectForAllocation
Event: 1335.959 Executing VM operation: G1CollectForAllocation done
Event: 1335.973 Executing VM operation: G1CollectForAllocation
Event: 1335.994 Executing VM operation: G1CollectForAllocation done
Event: 1336.131 loading class com/android/tools/r8/graph/B0$d
Event: 1336.131 loading class com/android/tools/r8/graph/B0$d done
Event: 1336.330 Executing VM operation: G1CollectForAllocation


Dynamic libraries:
0x000000013f4d0000 - 0x000000013f4da000 	C:\Program Files\Android\Android Studio\jre\bin\java.exe
0x0000000077620000 - 0x00000000777bf000 	C:\Windows\SYSTEM32\ntdll.dll
0x0000000077500000 - 0x000000007761f000 	C:\Windows\system32\kernel32.dll
0x000007fefd8b0000 - 0x000007fefd91a000 	C:\Windows\system32\KERNELBASE.dll
0x000007fed8a80000 - 0x000007fed8a99000 	C:\Program Files\Android\Android Studio\jre\bin\jli.dll
0x000007fefbb40000 - 0x000007fefbd34000 	C:\Windows\WinSxS\amd64_microsoft.windows.common-controls_6595b64144ccf1df_6.0.7601.17514_none_fa396087175ac9ac\COMCTL32.dll
0x000007feff550000 - 0x000007feff5ef000 	C:\Windows\system32\msvcrt.dll
0x000007fefd920000 - 0x000007fefd987000 	C:\Windows\system32\GDI32.dll
0x0000000077400000 - 0x00000000774fa000 	C:\Windows\system32\USER32.dll
0x000007feff900000 - 0x000007feff90e000 	C:\Windows\system32\LPK.dll
0x000007fefec40000 - 0x000007fefed09000 	C:\Windows\system32\USP10.dll
0x000007feff4d0000 - 0x000007feff541000 	C:\Windows\system32\SHLWAPI.dll
0x000007fed7810000 - 0x000007fed7827000 	C:\Program Files\Android\Android Studio\jre\bin\VCRUNTIME140.dll
0x000007fef9680000 - 0x000007fef9684000 	C:\Windows\system32\api-ms-win-crt-runtime-l1-1-0.dll
0x000007fef9580000 - 0x000007fef9672000 	C:\Windows\system32\ucrtbase.DLL
0x000007fef9570000 - 0x000007fef9573000 	C:\Windows\system32\api-ms-win-core-timezone-l1-1-0.dll
0x000007fef9560000 - 0x000007fef9563000 	C:\Windows\system32\api-ms-win-core-file-l2-1-0.dll
0x000007fef9550000 - 0x000007fef9553000 	C:\Windows\system32\api-ms-win-core-localization-l1-2-0.dll
0x000007fefc830000 - 0x000007fefc833000 	C:\Windows\system32\api-ms-win-core-synch-l1-2-0.dll
0x000007fef9540000 - 0x000007fef9543000 	C:\Windows\system32\api-ms-win-core-processthreads-l1-1-1.dll
0x000007fef9530000 - 0x000007fef9533000 	C:\Windows\system32\api-ms-win-core-file-l1-2-0.dll
0x000007fef9510000 - 0x000007fef9514000 	C:\Windows\system32\api-ms-win-crt-string-l1-1-0.dll
0x000007fef9520000 - 0x000007fef9523000 	C:\Windows\system32\api-ms-win-crt-heap-l1-1-0.dll
0x000007fef9500000 - 0x000007fef9504000 	C:\Windows\system32\api-ms-win-crt-stdio-l1-1-0.dll
0x000007fef94f0000 - 0x000007fef94f4000 	C:\Windows\system32\api-ms-win-crt-convert-l1-1-0.dll
0x000007fef94d0000 - 0x000007fef94d3000 	C:\Windows\system32\api-ms-win-crt-environment-l1-1-0.dll
0x000007fef80b0000 - 0x000007fef80b3000 	C:\Windows\system32\api-ms-win-crt-filesystem-l1-1-0.dll
0x000007fef94b0000 - 0x000007fef94b5000 	C:\Windows\system32\api-ms-win-crt-math-l1-1-0.dll
0x000007fef9490000 - 0x000007fef9493000 	C:\Windows\system32\api-ms-win-crt-locale-l1-1-0.dll
0x000007fefd990000 - 0x000007fefd9be000 	C:\Windows\system32\IMM32.DLL
0x000007fefefd0000 - 0x000007feff0d9000 	C:\Windows\system32\MSCTF.dll
0x000007fed7770000 - 0x000007fed780d000 	C:\Program Files\Android\Android Studio\jre\bin\msvcp140.dll
0x000007fee9870000 - 0x000007fee9875000 	C:\Windows\system32\api-ms-win-crt-multibyte-l1-1-0.dll
0x000007fef94a0000 - 0x000007fef94a3000 	C:\Windows\system32\api-ms-win-crt-time-l1-1-0.dll
0x000007fef94e0000 - 0x000007fef94e3000 	C:\Windows\system32\api-ms-win-crt-utility-l1-1-0.dll
0x000007fec8980000 - 0x000007fec944f000 	C:\Program Files\Android\Android Studio\jre\bin\server\jvm.dll
0x000007fefd9c0000 - 0x000007fefda9b000 	C:\Windows\system32\ADVAPI32.dll
0x000007fefec20000 - 0x000007fefec3f000 	C:\Windows\SYSTEM32\sechost.dll
0x000007fefe8d0000 - 0x000007fefe9fc000 	C:\Windows\system32\RPCRT4.dll
0x000007fed8440000 - 0x000007fed8449000 	C:\Windows\system32\WSOCK32.dll
0x000007fefef80000 - 0x000007fefefcd000 	C:\Windows\system32\WS2_32.dll
0x000007fefed10000 - 0x000007fefed18000 	C:\Windows\system32\NSI.dll
0x000007fef9b30000 - 0x000007fef9b6b000 	C:\Windows\system32\WINMM.dll
0x000007fefc7f0000 - 0x000007fefc7fc000 	C:\Windows\system32\VERSION.dll
0x00000000777c0000 - 0x00000000777c7000 	C:\Windows\system32\PSAPI.DLL
0x000007fefb480000 - 0x000007fefb491000 	C:\Program Files\Android\Android Studio\jre\bin\verify.dll
0x000007fef6eb0000 - 0x000007fef6fd5000 	C:\Windows\system32\DBGHELP.DLL
0x000007fef5bd0000 - 0x000007fef5bf9000 	C:\Program Files\Android\Android Studio\jre\bin\java.dll
0x000007fef5d90000 - 0x000007fef5d9b000 	C:\Program Files\Android\Android Studio\jre\bin\jimage.dll
0x000007fef5bb0000 - 0x000007fef5bc8000 	C:\Program Files\Android\Android Studio\jre\bin\zip.dll
0x000007fefdaa0000 - 0x000007fefe828000 	C:\Windows\system32\SHELL32.dll
0x000007feff5f0000 - 0x000007feff7f3000 	C:\Windows\system32\ole32.dll
0x000007fefd550000 - 0x000007fefd55f000 	C:\Windows\system32\profapi.dll
0x000007fef5b60000 - 0x000007fef5b7a000 	C:\Program Files\Android\Android Studio\jre\bin\net.dll
0x000007fef78a0000 - 0x000007fef7911000 	C:\Windows\system32\WINHTTP.dll
0x000007fef7830000 - 0x000007fef7894000 	C:\Windows\system32\webio.dll
0x000007fefcd30000 - 0x000007fefcd85000 	C:\Windows\system32\mswsock.dll
0x000007fefcd20000 - 0x000007fefcd27000 	C:\Windows\System32\wship6.dll
0x000007fef5b40000 - 0x000007fef5b54000 	C:\Program Files\Android\Android Studio\jre\bin\nio.dll
0x000007fed7830000 - 0x000007fed7857000 	C:\Users\KL_Schweizer\.gradle\native\8bec1ad78214c89d9ad589b4d07fe93259594b29d510b10fafb7a158f7737e5d\windows-amd64\native-platform.dll
0x000007fed5590000 - 0x000007fed56cd000 	C:\Users\KL_Schweizer\.gradle\native\53dbd7edfb1c66fb8903c78663c9afc45aea4f116125fa6feffd364cf09443e8\windows-amd64\native-platform-file-events.dll
0x000007fef5ba0000 - 0x000007fef5baa000 	C:\Program Files\Android\Android Studio\jre\bin\management.dll
0x000007fef5b30000 - 0x000007fef5b3c000 	C:\Program Files\Android\Android Studio\jre\bin\management_ext.dll
0x000007fefcd90000 - 0x000007fefcda8000 	C:\Windows\system32\CRYPTSP.dll
0x000007fefca90000 - 0x000007fefcad7000 	C:\Windows\system32\rsaenh.dll
0x000007fefc890000 - 0x000007fefc8ae000 	C:\Windows\system32\USERENV.dll
0x000007fefd480000 - 0x000007fefd48f000 	C:\Windows\system32\CRYPTBASE.dll
0x000007fefc570000 - 0x000007fefc597000 	C:\Windows\system32\IPHLPAPI.DLL
0x000007fefc560000 - 0x000007fefc56b000 	C:\Windows\system32\WINNSI.DLL
0x000007fefa670000 - 0x000007fefa681000 	C:\Windows\system32\dhcpcsvc6.DLL
0x000007fefa5e0000 - 0x000007fefa5f8000 	C:\Windows\system32\dhcpcsvc.DLL
0x000007fefd420000 - 0x000007fefd477000 	C:\Windows\system32\apphelp.dll
0x000007fee8ca0000 - 0x000007fee8cc7000 	C:\Program Files\Android\Android Studio\jre\bin\sunec.dll

dbghelp: loaded successfully - version: 4.0.5 - missing functions: none
symbol engine: initialized successfully - sym options: 0x614 - pdb path: .;C:\Program Files\Android\Android Studio\jre\bin;C:\Windows\SYSTEM32;C:\Windows\WinSxS\amd64_microsoft.windows.common-controls_6595b64144ccf1df_6.0.7601.17514_none_fa396087175ac9ac;C:\Program Files\Android\Android Studio\jre\bin\server;C:\Users\KL_Schweizer\.gradle\native\8bec1ad78214c89d9ad589b4d07fe93259594b29d510b10fafb7a158f7737e5d\windows-amd64;C:\Users\KL_Schweizer\.gradle\native\53dbd7edfb1c66fb8903c78663c9afc45aea4f116125fa6feffd364cf09443e8\windows-amd64

VM Arguments:
jvm_args: --add-opens=java.base/java.util=ALL-UNNAMED --add-opens=java.base/java.lang=ALL-UNNAMED --add-opens=java.base/java.lang.invoke=ALL-UNNAMED --add-opens=java.base/java.util=ALL-UNNAMED --add-opens=java.prefs/java.util.prefs=ALL-UNNAMED --add-opens=java.prefs/java.util.prefs=ALL-UNNAMED --add-opens=java.base/java.nio.charset=ALL-UNNAMED --add-opens=java.base/java.net=ALL-UNNAMED --add-opens=java.base/java.util.concurrent.atomic=ALL-UNNAMED -Xmx2048m -Dfile.encoding=UTF-8 -Duser.country=US -Duser.language=en -Duser.variant 
java_command: org.gradle.launcher.daemon.bootstrap.GradleDaemon 7.0.2
java_class_path (initial): C:\Users\KL_Schweizer\.gradle\wrapper\dists\gradle-7.0.2-bin\857tjihv64xamwrf0h14cai3r\gradle-7.0.2\lib\gradle-launcher-7.0.2.jar
Launcher Type: SUN_STANDARD

[Global flags]
     intx CICompilerCount                          = 3                                         {product} {ergonomic}
     uint ConcGCThreads                            = 1                                         {product} {ergonomic}
     uint G1ConcRefinementThreads                  = 4                                         {product} {ergonomic}
   size_t G1HeapRegionSize                         = 1048576                                   {product} {ergonomic}
    uintx GCDrainStackTargetSize                   = 64                                        {product} {ergonomic}
   size_t InitialHeapSize                          = 67108864                                  {product} {ergonomic}
   size_t MarkStackSize                            = 4194304                                   {product} {ergonomic}
   size_t MaxHeapSize                              = 2147483648                                {product} {command line}
   size_t MaxNewSize                               = 1287651328                                {product} {ergonomic}
   size_t MinHeapDeltaBytes                        = 1048576                                   {product} {ergonomic}
    uintx NonNMethodCodeHeapSize                   = 5830732                                {pd product} {ergonomic}
    uintx NonProfiledCodeHeapSize                  = 122913754                              {pd product} {ergonomic}
    uintx ProfiledCodeHeapSize                     = 122913754                              {pd product} {ergonomic}
    uintx ReservedCodeCacheSize                    = 251658240                              {pd product} {ergonomic}
     bool SegmentedCodeCache                       = true                                      {product} {ergonomic}
     bool UseCompressedClassPointers               = true                                 {lp64_product} {ergonomic}
     bool UseCompressedOops                        = true                                 {lp64_product} {ergonomic}
     bool UseG1GC                                  = true                                      {product} {ergonomic}
     bool UseLargePagesIndividualAllocation        = false                                  {pd product} {ergonomic}

Logging:
Log output configuration:
 #0: stdout all=warning uptime,level,tags
 #1: stderr all=off uptime,level,tags

Environment Variables:
PATH=C:\ProgramData\Oracle\Java\javapath;C:\Program Files\Common Files\Oracle\Java\javapath;C:\Program Files (x86)\Common Files\Microsoft Shared\Windows Live;C:\Windows\system32;C:\Windows;C:\Windows\System32\Wbem;C:\Windows\System32\WindowsPowerShell\v1.0\;C:\Program Files (x86)\NVIDIA Corporation\PhysX\Common;C:\Program Files\nodejs\;C:\xampp\php;C:\composer;C:\Program Files\dotnet\;C:\Program Files\Git\cmd;C:\Program Files\NVIDIA Corporation\NVIDIA NvDLISR;C:\Program Files\Common Files\Microsoft Shared\Windows Live;C:\Users\KL_Schweizer\AppData\Local\Programs\Microsoft VS Code\bin;C:\Users\KL_Schweizer\AppData\Roaming\npm;C:\Users\KL_Schweizer\AppData\Roaming\Composer\vendor\bin;C:\Users\KL_Schweizer\.dotnet\tools
USERNAME=KL_Schweizer
OS=Windows_NT
PROCESSOR_IDENTIFIER=Intel64 Family 6 Model 58 Stepping 9, GenuineIntel



---------------  S Y S T E M  ---------------

OS: Windows 7 , 64 bit Build 7601 (6.1.7601.24384)
OS uptime: 0 days 1:21 hours

CPU:total 4 (initial active 4) (2 cores per cpu, 2 threads per core) family 6 model 58 stepping 9 microcode 0x0, cmov, cx8, fxsr, mmx, sse, sse2, sse3, ssse3, sse4.1, sse4.2, popcnt, avx, clmul, erms, ht, tsc, tscinvbit, tscinv

Memory: 4k page, system-wide physical 3993M (7M free)
TotalPageFile size 7913M (AvailPageFile size 23M)
current process WorkingSet (physical memory assigned to process): 516M, peak: 516M
current process commit charge ("private bytes"): 631M, peak: 736M

vm_info: OpenJDK 64-Bit Server VM (11.0.10+0-b96-7249189) for windows-amd64 JRE (11.0.10+0-b96-7249189), built on Mar 31 2021 21:44:00 by "builder" with MS VC++ 14.0 (VS2015)

END.
