#
# There is insufficient memory for the Java Runtime Environment to continue.
# Native memory allocation (malloc) failed to allocate 992016 bytes for Chunk::new
# Possible reasons:
#   The system is out of physical RAM or swap space
#   The process is running with CompressedOops enabled, and the Java Heap may be blocking the growth of the native heap
# Possible solutions:
#   Reduce memory load on the system
#   Increase physical memory or swap space
#   Check if swap backing store is full
#   Decrease Java heap size (-Xmx/-Xms)
#   Decrease number of Java threads
#   Decrease Java thread stack sizes (-Xss)
#   Set larger code cache with -XX:ReservedCodeCacheSize=
#   JVM is running with Unscaled Compressed Oops mode in which the Java heap is
#     placed in the first 4GB address space. The Java Heap base address is the
#     maximum limit for the native heap growth. Please use -XX:HeapBaseMinAddress
#     to set the Java Heap base and to place the Java Heap above 4GB virtual address.
# This output file may be truncated or incomplete.
#
#  Out of Memory Error (./src/hotspot/share/memory/arena.cpp:197), pid=5424, tid=6128
#
# JRE version: OpenJDK Runtime Environment (11.0.10) (build 11.0.10+0-b96-7249189)
# Java VM: OpenJDK 64-Bit Server VM (11.0.10+0-b96-7249189, mixed mode, tiered, compressed oops, g1 gc, windows-amd64)
# No core dump will be written. Minidumps are not enabled by default on client versions of Windows
#

---------------  S U M M A R Y ------------

Command Line: --add-opens=java.base/java.util=ALL-UNNAMED --add-opens=java.base/java.lang=ALL-UNNAMED --add-opens=java.base/java.lang.invoke=ALL-UNNAMED --add-opens=java.base/java.util=ALL-UNNAMED --add-opens=java.prefs/java.util.prefs=ALL-UNNAMED --add-opens=java.prefs/java.util.prefs=ALL-UNNAMED --add-opens=java.base/java.nio.charset=ALL-UNNAMED --add-opens=java.base/java.net=ALL-UNNAMED --add-opens=java.base/java.util.concurrent.atomic=ALL-UNNAMED -Xmx2048m -Dfile.encoding=UTF-8 -Duser.country=US -Duser.language=en -Duser.variant org.gradle.launcher.daemon.bootstrap.GradleDaemon 7.0.2

Host: Intel(R) Core(TM) i3-3240 CPU @ 3.40GHz, 4 cores, 3G,  Windows 7 , 64 bit Build 7601 (6.1.7601.24384)
Time: Mon Oct  4 18:43:04 2021 Taipei Standard Time elapsed time: 3532.755527 seconds (0d 0h 58m 52s)

---------------  T H R E A D  ---------------

Current thread (0x000000005d790000):  JavaThread "C2 CompilerThread0" daemon [_thread_in_native, id=6128, stack(0x000000005df00000,0x000000005e000000)]


Current CompileTask:
C2:3532755 25767       4       com.android.tools.r8.internal.nh::a (990 bytes)

Stack: [0x000000005df00000,0x000000005e000000]
Native frames: (J=compiled Java code, j=interpreted, Vv=VM code, C=native code)
V  [jvm.dll+0x5ecfaa]
V  [jvm.dll+0x722bd5]
V  [jvm.dll+0x72412d]
V  [jvm.dll+0x7247e3]
V  [jvm.dll+0x242928]
V  [jvm.dll+0xbc4fc]
V  [jvm.dll+0xbca0c]
V  [jvm.dll+0x352d7d]
V  [jvm.dll+0x320ad3]
V  [jvm.dll+0x31ffca]
V  [jvm.dll+0x1fb602]
V  [jvm.dll+0x1fa7f4]
V  [jvm.dll+0x18354c]
V  [jvm.dll+0x208ee7]
V  [jvm.dll+0x207731]
V  [jvm.dll+0x6eb1cf]
V  [jvm.dll+0x6e3d45]
V  [jvm.dll+0x5ebe96]
C  [ucrtbase.DLL+0x682dd]
C  [kernel32.dll+0x1570d]
C  [ntdll.dll+0x5385d]


---------------  P R O C E S S  ---------------

Threads class SMR info:
_java_thread_list=0x00000000656705d0, length=54, elements={
0x00000000003ae000, 0x000000005d761800, 0x000000005d76b800, 0x000000005d779800,
0x000000005d77c800, 0x000000005d780800, 0x000000005d790000, 0x000000005d791800,
0x000000005d793000, 0x000000005e7e2000, 0x0000000060417000, 0x0000000060c56000,
0x000000005f65f800, 0x00000000608d9800, 0x00000000608da800, 0x00000000608db000,
0x00000000608dd000, 0x00000000608dd800, 0x00000000608de800, 0x00000000608df000,
0x0000000061493800, 0x0000000061494800, 0x0000000061497800, 0x000000006149a000,
0x000000005e737800, 0x000000006176b000, 0x000000006a046000, 0x000000005f9c2800,
0x000000005f9c5800, 0x000000005f9c6800, 0x000000005f9c3000, 0x000000005f9c4000,
0x000000005f9c5000, 0x0000000061770000, 0x000000006176a800, 0x000000006176e800,
0x000000006176c800, 0x0000000061769800, 0x000000006176d800, 0x000000006176f000,
0x000000006176c000, 0x000000006a04b000, 0x000000006a04b800, 0x000000006a04a000,
0x000000006a048800, 0x000000006a047000, 0x000000006a047800, 0x000000006a049800,
0x000000006a045000, 0x000000006a455000, 0x000000006a457800, 0x000000006a458000,
0x000000006a456800, 0x000000006a459000
}

Java Threads: ( => current thread )
  0x00000000003ae000 JavaThread "main" [_thread_blocked, id=5100, stack(0x0000000002020000,0x0000000002120000)]
  0x000000005d761800 JavaThread "Reference Handler" daemon [_thread_blocked, id=4272, stack(0x000000005daa0000,0x000000005dba0000)]
  0x000000005d76b800 JavaThread "Finalizer" daemon [_thread_blocked, id=4780, stack(0x000000001cc50000,0x000000001cd50000)]
  0x000000005d779800 JavaThread "Signal Dispatcher" daemon [_thread_blocked, id=5080, stack(0x000000005dd50000,0x000000005de50000)]
  0x000000005d77c800 JavaThread "Attach Listener" daemon [_thread_blocked, id=2396, stack(0x000000005e040000,0x000000005e140000)]
  0x000000005d780800 JavaThread "Service Thread" daemon [_thread_blocked, id=6136, stack(0x000000005e230000,0x000000005e330000)]
=>0x000000005d790000 JavaThread "C2 CompilerThread0" daemon [_thread_in_native, id=6128, stack(0x000000005df00000,0x000000005e000000)]
  0x000000005d791800 JavaThread "C1 CompilerThread0" daemon [_thread_blocked, id=8196, stack(0x000000005e360000,0x000000005e460000)]
  0x000000005d793000 JavaThread "Sweeper thread" daemon [_thread_blocked, id=524, stack(0x000000005e610000,0x000000005e710000)]
  0x000000005e7e2000 JavaThread "Common-Cleaner" daemon [_thread_blocked, id=2648, stack(0x000000005e4f0000,0x000000005e5f0000)]
  0x0000000060417000 JavaThread "Daemon health stats" [_thread_blocked, id=2368, stack(0x000000005ecd0000,0x000000005edd0000)]
  0x0000000060c56000 JavaThread "Incoming local TCP Connector on port 63183" [_thread_in_native, id=7108, stack(0x00000000635f0000,0x00000000636f0000)]
  0x000000005f65f800 JavaThread "Daemon periodic checks" [_thread_blocked, id=344, stack(0x0000000063710000,0x0000000063810000)]
  0x00000000608d9800 JavaThread "Cache worker for file hash cache (C:\Users\KL_Schweizer\.gradle\caches\7.0.2\fileHashes)" [_thread_blocked, id=4608, stack(0x0000000061f20000,0x0000000062020000)]
  0x00000000608da800 JavaThread "File lock request listener" [_thread_in_native, id=9036, stack(0x0000000064550000,0x0000000064650000)]
  0x00000000608db000 JavaThread "Cache worker for journal cache (C:\Users\KL_Schweizer\.gradle\caches\journal-1)" [_thread_blocked, id=6796, stack(0x0000000064870000,0x0000000064970000)]
  0x00000000608dd000 JavaThread "File watcher server" daemon [_thread_in_native, id=7848, stack(0x0000000065fe0000,0x00000000660e0000)]
  0x00000000608dd800 JavaThread "File watcher consumer" daemon [_thread_blocked, id=8832, stack(0x0000000066190000,0x0000000066290000)]
  0x00000000608de800 JavaThread "jar transforms" [_thread_blocked, id=6060, stack(0x0000000063d70000,0x0000000063e70000)]
  0x00000000608df000 JavaThread "jar transforms Thread 2" [_thread_blocked, id=5468, stack(0x0000000066d50000,0x0000000066e50000)]
  0x0000000061493800 JavaThread "jar transforms Thread 3" [_thread_blocked, id=8624, stack(0x0000000067750000,0x0000000067850000)]
  0x0000000061494800 JavaThread "jar transforms Thread 4" [_thread_blocked, id=1712, stack(0x00000000679b0000,0x0000000067ab0000)]
  0x0000000061497800 JavaThread "Cache worker for execution history cache (C:\Users\KL_Schweizer\.gradle\caches\7.0.2\executionHistory)" [_thread_blocked, id=1756, stack(0x0000000064990000,0x0000000064a90000)]
  0x000000006149a000 JavaThread "Cache worker for file content cache (C:\Users\KL_Schweizer\.gradle\caches\7.0.2\fileContent)" [_thread_blocked, id=2148, stack(0x0000000066c50000,0x0000000066d50000)]
  0x000000005e737800 JavaThread "Memory manager" [_thread_blocked, id=5652, stack(0x00000000697b0000,0x00000000698b0000)]
  0x000000006176b000 JavaThread "Cache worker for Java compile cache (C:\Users\KL_Schweizer\.gradle\caches\7.0.2\javaCompile)" [_thread_blocked, id=7144, stack(0x0000000067050000,0x0000000067150000)]
  0x000000006a046000 JavaThread "ForkJoinPool.commonPool-worker-1" daemon [_thread_blocked, id=4388, stack(0x0000000072480000,0x0000000072580000)]
  0x000000005f9c2800 JavaThread "Daemon Thread 5" [_thread_blocked, id=7048, stack(0x0000000063410000,0x0000000063510000)]
  0x000000005f9c5800 JavaThread "Handler for socket connection from /127.0.0.1:63183 to /127.0.0.1:53311" [_thread_in_native, id=8092, stack(0x00000000620d0000,0x00000000621d0000)]
  0x000000005f9c6800 JavaThread "Cancel handler" [_thread_blocked, id=8376, stack(0x0000000063b50000,0x0000000063c50000)]
  0x000000005f9c3000 JavaThread "Daemon worker Thread 5" [_thread_blocked, id=8708, stack(0x00000000642f0000,0x00000000643f0000)]
  0x000000005f9c4000 JavaThread "Asynchronous log dispatcher for DefaultDaemonConnection: socket connection from /127.0.0.1:63183 to /127.0.0.1:53311" [_thread_blocked, id=4684, stack(0x0000000065d20000,0x0000000065e20000)]
  0x000000005f9c5000 JavaThread "Stdin handler" [_thread_blocked, id=4640, stack(0x0000000063e90000,0x0000000063f90000)]
  0x0000000061770000 JavaThread "Daemon client event forwarder" [_thread_blocked, id=9112, stack(0x0000000063c60000,0x0000000063d60000)]
  0x000000006176a800 JavaThread "Cache worker for file hash cache (D:\Programming Workspaces\Android Studio\Um-Online-Appointment-System\.gradle\7.0.2\fileHashes)" [_thread_blocked, id=8880, stack(0x00000000675a0000,0x00000000676a0000)]
  0x000000006176e800 JavaThread "Cache worker for checksums cache (D:\Programming Workspaces\Android Studio\Um-Online-Appointment-System\.gradle\checksums)" [_thread_blocked, id=4564, stack(0x0000000065ee0000,0x0000000065fe0000)]
  0x000000006176c800 JavaThread "Cache worker for cache directory md-supplier (C:\Users\KL_Schweizer\.gradle\caches\7.0.2\md-supplier)" [_thread_blocked, id=5308, stack(0x0000000068360000,0x0000000068460000)]
  0x0000000061769800 JavaThread "Cache worker for cache directory md-rule (C:\Users\KL_Schweizer\.gradle\caches\7.0.2\md-rule)" [_thread_blocked, id=4488, stack(0x0000000063a40000,0x0000000063b40000)]
  0x000000006176d800 JavaThread "Cache worker for dependencies-accessors (D:\Programming Workspaces\Android Studio\Um-Online-Appointment-System\.gradle\7.0.2\dependencies-accessors)" [_thread_blocked, id=3528, stack(0x0000000066490000,0x0000000066590000)]
  0x000000006176f000 JavaThread "Cache worker for Build Output Cleanup Cache (D:\Programming Workspaces\Android Studio\Um-Online-Appointment-System\.gradle\buildOutputCleanup)" [_thread_blocked, id=5248, stack(0x0000000068c20000,0x0000000068d20000)]
  0x000000006176c000 JavaThread "Build operations" [_thread_blocked, id=8292, stack(0x0000000068dc0000,0x0000000068ec0000)]
  0x000000006a04b000 JavaThread "Build operations Thread 2" [_thread_blocked, id=4692, stack(0x0000000067870000,0x0000000067970000)]
  0x000000006a04b800 JavaThread "Build operations Thread 3" [_thread_in_Java, id=4504, stack(0x000000006d760000,0x000000006d860000)]
  0x000000006a04a000 JavaThread "Build operations Thread 4" [_thread_in_Java, id=8256, stack(0x000000006dd60000,0x000000006de60000)]
  0x000000006a048800 JavaThread "build event listener" [_thread_blocked, id=8432, stack(0x0000000068b20000,0x0000000068c20000)]
  0x000000006a047000 JavaThread "Execution worker for ':'" [_thread_blocked, id=6384, stack(0x000000006e720000,0x000000006e820000)]
  0x000000006a047800 JavaThread "Execution worker for ':' Thread 2" [_thread_blocked, id=5204, stack(0x000000006d970000,0x000000006da70000)]
  0x000000006a049800 JavaThread "Execution worker for ':' Thread 3" [_thread_blocked, id=4364, stack(0x000000006ec50000,0x000000006ed50000)]
  0x000000006a045000 JavaThread "Cache worker for execution history cache (D:\Programming Workspaces\Android Studio\Um-Online-Appointment-System\.gradle\7.0.2\executionHistory)" [_thread_blocked, id=4828, stack(0x000000006eb50000,0x000000006ec50000)]
  0x000000006a455000 JavaThread "WorkerExecutor Queue" [_thread_in_native, id=6140, stack(0x000000006f5d0000,0x000000006f6d0000)]
  0x000000006a457800 JavaThread "WorkerExecutor Queue Thread 2" [_thread_blocked, id=7952, stack(0x000000006ce40000,0x000000006cf40000)]
  0x000000006a458000 JavaThread "pool-15-thread-1" [_thread_blocked, id=5828, stack(0x00000000609a0000,0x0000000060aa0000)]
  0x000000006a456800 JavaThread "stderr" [_thread_in_native, id=4676, stack(0x0000000070d90000,0x0000000070e90000)]
  0x000000006a459000 JavaThread "stdout" [_thread_in_native, id=7452, stack(0x0000000071110000,0x0000000071210000)]

Other Threads:
  0x000000005d75d000 VMThread "VM Thread" [stack: 0x000000005d920000,0x000000005da20000] [id=8252]
  0x000000005e80a800 WatcherThread [stack: 0x000000005eb10000,0x000000005ec10000] [id=8556]
  0x00000000003c6000 GCTaskThread "GC Thread#0" [stack: 0x00000000152f0000,0x00000000153f0000] [id=8484]
  0x000000005ea9e800 GCTaskThread "GC Thread#1" [stack: 0x000000005f6a0000,0x000000005f7a0000] [id=5932]
  0x000000005fe96000 GCTaskThread "GC Thread#2" [stack: 0x0000000064190000,0x0000000064290000] [id=4580]
  0x00000000608ed800 GCTaskThread "GC Thread#3" [stack: 0x0000000064410000,0x0000000064510000] [id=6836]
  0x00000000003f6000 ConcurrentGCThread "G1 Main Marker" [stack: 0x00000000151f0000,0x00000000152f0000] [id=6676]
  0x00000000003f7800 ConcurrentGCThread "G1 Conc#0" [stack: 0x000000001a430000,0x000000001a530000] [id=8280]
  0x000000001c98f800 ConcurrentGCThread "G1 Refine#0" [stack: 0x000000001cb10000,0x000000001cc10000] [id=5988]
  0x000000001c990000 ConcurrentGCThread "G1 Young RemSet Sampling" [stack: 0x000000001cd70000,0x000000001ce70000] [id=7096]

Threads with active compile tasks:
C2 CompilerThread03532827 25767       4       com.android.tools.r8.internal.nh::a (990 bytes)

VM state:not at safepoint (normal execution)

VM Mutex/Monitor currently owned by a thread: None

Heap address: 0x0000000080000000, size: 2048 MB, Compressed Oops mode: 32-bit
Narrow klass base: 0x0000000000000000, Narrow klass shift: 0
Compressed class space size: 1073741824 Address: 0x000000001ce70000

Heap:
 garbage-first heap   total 306176K, used 235716K [0x0000000080000000, 0x0000000100000000)
  region size 1024K, 106 young (108544K), 2 survivors (2048K)
 Metaspace       used 142591K, capacity 146166K, committed 146760K, reserved 1177600K
  class space    used 17869K, capacity 19242K, committed 19556K, reserved 1048576K
Heap Regions: E=young(eden), S=young(survivor), O=old, HS=humongous(starts), HC=humongous(continues), CS=collection set, F=free, A=archive, TAMS=top-at-mark-start (previous, next)
|   0|0x0000000080000000, 0x0000000080100000, 0x0000000080100000|100%| O|  |TAMS 0x0000000080100000, 0x0000000080000000| Untracked 
|   1|0x0000000080100000, 0x0000000080200000, 0x0000000080200000|100%| O|  |TAMS 0x0000000080200000, 0x0000000080100000| Untracked 
|   2|0x0000000080200000, 0x0000000080300000, 0x0000000080300000|100%| O|  |TAMS 0x0000000080300000, 0x0000000080200000| Untracked 
|   3|0x0000000080300000, 0x0000000080400000, 0x0000000080400000|100%|HS|  |TAMS 0x0000000080400000, 0x0000000080300000| Complete 
|   4|0x0000000080400000, 0x0000000080500000, 0x0000000080500000|100%|HC|  |TAMS 0x0000000080500000, 0x0000000080400000| Complete 
|   5|0x0000000080500000, 0x0000000080600000, 0x0000000080600000|100%|HC|  |TAMS 0x0000000080600000, 0x0000000080500000| Complete 
|   6|0x0000000080600000, 0x0000000080700000, 0x0000000080700000|100%| O|  |TAMS 0x0000000080700000, 0x0000000080600000| Untracked 
|   7|0x0000000080700000, 0x0000000080800000, 0x0000000080800000|100%| O|  |TAMS 0x0000000080800000, 0x0000000080700000| Untracked 
|   8|0x0000000080800000, 0x0000000080900000, 0x0000000080900000|100%| O|  |TAMS 0x0000000080900000, 0x0000000080800000| Untracked 
|   9|0x0000000080900000, 0x0000000080a00000, 0x0000000080a00000|100%| O|  |TAMS 0x0000000080a00000, 0x0000000080900000| Untracked 
|  10|0x0000000080a00000, 0x0000000080b00000, 0x0000000080b00000|100%| O|  |TAMS 0x0000000080b00000, 0x0000000080a00000| Untracked 
|  11|0x0000000080b00000, 0x0000000080c00000, 0x0000000080c00000|100%| O|  |TAMS 0x0000000080c00000, 0x0000000080b00000| Untracked 
|  12|0x0000000080c00000, 0x0000000080d00000, 0x0000000080d00000|100%| O|  |TAMS 0x0000000080d00000, 0x0000000080c00000| Untracked 
|  13|0x0000000080d00000, 0x0000000080e00000, 0x0000000080e00000|100%| O|  |TAMS 0x0000000080e00000, 0x0000000080d00000| Untracked 
|  14|0x0000000080e00000, 0x0000000080f00000, 0x0000000080f00000|100%| O|  |TAMS 0x0000000080f00000, 0x0000000080e00000| Untracked 
|  15|0x0000000080f00000, 0x0000000081000000, 0x0000000081000000|100%| O|  |TAMS 0x0000000081000000, 0x0000000080f00000| Untracked 
|  16|0x0000000081000000, 0x0000000081100000, 0x0000000081100000|100%|HS|  |TAMS 0x0000000081100000, 0x0000000081000000| Complete 
|  17|0x0000000081100000, 0x0000000081200000, 0x0000000081200000|100%|HC|  |TAMS 0x0000000081200000, 0x0000000081100000| Complete 
|  18|0x0000000081200000, 0x0000000081300000, 0x0000000081300000|100%|HS|  |TAMS 0x0000000081300000, 0x0000000081200000| Complete 
|  19|0x0000000081300000, 0x0000000081400000, 0x0000000081400000|100%|HC|  |TAMS 0x0000000081400000, 0x0000000081300000| Complete 
|  20|0x0000000081400000, 0x0000000081500000, 0x0000000081500000|100%|HC|  |TAMS 0x0000000081500000, 0x0000000081400000| Complete 
|  21|0x0000000081500000, 0x0000000081600000, 0x0000000081600000|100%|HS|  |TAMS 0x0000000081600000, 0x0000000081500000| Complete 
|  22|0x0000000081600000, 0x0000000081700000, 0x0000000081700000|100%|HC|  |TAMS 0x0000000081700000, 0x0000000081600000| Complete 
|  23|0x0000000081700000, 0x0000000081800000, 0x0000000081800000|100%|HC|  |TAMS 0x0000000081800000, 0x0000000081700000| Complete 
|  24|0x0000000081800000, 0x0000000081900000, 0x0000000081900000|100%|HC|  |TAMS 0x0000000081900000, 0x0000000081800000| Complete 
|  25|0x0000000081900000, 0x0000000081a00000, 0x0000000081a00000|100%|HC|  |TAMS 0x0000000081a00000, 0x0000000081900000| Complete 
|  26|0x0000000081a00000, 0x0000000081b00000, 0x0000000081b00000|100%| O|  |TAMS 0x0000000081b00000, 0x0000000081a00000| Untracked 
|  27|0x0000000081b00000, 0x0000000081c00000, 0x0000000081c00000|100%| O|  |TAMS 0x0000000081c00000, 0x0000000081b00000| Untracked 
|  28|0x0000000081c00000, 0x0000000081d00000, 0x0000000081d00000|100%| O|  |TAMS 0x0000000081d00000, 0x0000000081c00000| Untracked 
|  29|0x0000000081d00000, 0x0000000081e00000, 0x0000000081e00000|100%| O|  |TAMS 0x0000000081e00000, 0x0000000081d00000| Untracked 
|  30|0x0000000081e00000, 0x0000000081f00000, 0x0000000081f00000|100%| O|  |TAMS 0x0000000081f00000, 0x0000000081e00000| Untracked 
|  31|0x0000000081f00000, 0x0000000082000000, 0x0000000082000000|100%| O|  |TAMS 0x0000000082000000, 0x0000000081f00000| Untracked 
|  32|0x0000000082000000, 0x0000000082100000, 0x0000000082100000|100%| O|  |TAMS 0x0000000082100000, 0x0000000082000000| Untracked 
|  33|0x0000000082100000, 0x0000000082200000, 0x0000000082200000|100%| O|  |TAMS 0x0000000082200000, 0x0000000082100000| Untracked 
|  34|0x0000000082200000, 0x0000000082300000, 0x0000000082300000|100%| O|  |TAMS 0x0000000082300000, 0x0000000082200000| Untracked 
|  35|0x0000000082300000, 0x0000000082400000, 0x0000000082400000|100%| O|  |TAMS 0x0000000082400000, 0x0000000082300000| Untracked 
|  36|0x0000000082400000, 0x0000000082500000, 0x0000000082500000|100%| O|  |TAMS 0x0000000082500000, 0x0000000082400000| Untracked 
|  37|0x0000000082500000, 0x0000000082600000, 0x0000000082600000|100%| O|  |TAMS 0x0000000082600000, 0x0000000082500000| Untracked 
|  38|0x0000000082600000, 0x0000000082700000, 0x0000000082700000|100%| O|  |TAMS 0x0000000082700000, 0x0000000082600000| Untracked 
|  39|0x0000000082700000, 0x0000000082800000, 0x0000000082800000|100%| O|  |TAMS 0x0000000082800000, 0x0000000082700000| Untracked 
|  40|0x0000000082800000, 0x0000000082800000, 0x0000000082900000|  0%| F|  |TAMS 0x0000000082800000, 0x0000000082800000| Untracked 
|  41|0x0000000082900000, 0x0000000082a00000, 0x0000000082a00000|100%| O|  |TAMS 0x0000000082a00000, 0x0000000082900000| Untracked 
|  42|0x0000000082a00000, 0x0000000082b00000, 0x0000000082b00000|100%| O|  |TAMS 0x0000000082b00000, 0x0000000082a00000| Untracked 
|  43|0x0000000082b00000, 0x0000000082c00000, 0x0000000082c00000|100%| O|  |TAMS 0x0000000082c00000, 0x0000000082b00000| Untracked 
|  44|0x0000000082c00000, 0x0000000082d00000, 0x0000000082d00000|100%| O|  |TAMS 0x0000000082d00000, 0x0000000082c00000| Untracked 
|  45|0x0000000082d00000, 0x0000000082e00000, 0x0000000082e00000|100%| O|  |TAMS 0x0000000082d00000, 0x0000000082d00000| Untracked 
|  46|0x0000000082e00000, 0x0000000082e00000, 0x0000000082f00000|  0%| F|  |TAMS 0x0000000082e00000, 0x0000000082e00000| Untracked 
|  47|0x0000000082f00000, 0x0000000083000000, 0x0000000083000000|100%| O|  |TAMS 0x0000000083000000, 0x0000000082f00000| Untracked 
|  48|0x0000000083000000, 0x0000000083100000, 0x0000000083100000|100%| O|  |TAMS 0x0000000083100000, 0x0000000083000000| Untracked 
|  49|0x0000000083100000, 0x0000000083200000, 0x0000000083200000|100%| O|  |TAMS 0x0000000083200000, 0x0000000083100000| Untracked 
|  50|0x0000000083200000, 0x0000000083300000, 0x0000000083300000|100%| O|  |TAMS 0x0000000083300000, 0x0000000083200000| Untracked 
|  51|0x0000000083300000, 0x0000000083400000, 0x0000000083400000|100%| O|  |TAMS 0x0000000083400000, 0x0000000083300000| Untracked 
|  52|0x0000000083400000, 0x0000000083500000, 0x0000000083500000|100%| O|  |TAMS 0x0000000083500000, 0x0000000083400000| Untracked 
|  53|0x0000000083500000, 0x0000000083600000, 0x0000000083600000|100%| O|  |TAMS 0x0000000083600000, 0x0000000083500000| Untracked 
|  54|0x0000000083600000, 0x0000000083700000, 0x0000000083700000|100%|HS|  |TAMS 0x0000000083700000, 0x0000000083600000| Complete 
|  55|0x0000000083700000, 0x0000000083800000, 0x0000000083800000|100%|HS|  |TAMS 0x0000000083800000, 0x0000000083700000| Complete 
|  56|0x0000000083800000, 0x0000000083900000, 0x0000000083900000|100%| O|  |TAMS 0x0000000083900000, 0x0000000083800000| Untracked 
|  57|0x0000000083900000, 0x0000000083a00000, 0x0000000083a00000|100%| O|  |TAMS 0x0000000083a00000, 0x0000000083900000| Untracked 
|  58|0x0000000083a00000, 0x0000000083b00000, 0x0000000083b00000|100%| O|  |TAMS 0x0000000083b00000, 0x0000000083a00000| Untracked 
|  59|0x0000000083b00000, 0x0000000083c00000, 0x0000000083c00000|100%| O|  |TAMS 0x0000000083c00000, 0x0000000083b00000| Untracked 
|  60|0x0000000083c00000, 0x0000000083d00000, 0x0000000083d00000|100%| O|  |TAMS 0x0000000083d00000, 0x0000000083c00000| Untracked 
|  61|0x0000000083d00000, 0x0000000083e00000, 0x0000000083e00000|100%| O|  |TAMS 0x0000000083e00000, 0x0000000083d00000| Untracked 
|  62|0x0000000083e00000, 0x0000000083f00000, 0x0000000083f00000|100%| O|  |TAMS 0x0000000083f00000, 0x0000000083e00000| Untracked 
|  63|0x0000000083f00000, 0x0000000084000000, 0x0000000084000000|100%|HS|  |TAMS 0x0000000084000000, 0x0000000083f00000| Complete 
|  64|0x0000000084000000, 0x0000000084100000, 0x0000000084100000|100%|HC|  |TAMS 0x0000000084100000, 0x0000000084000000| Complete 
|  65|0x0000000084100000, 0x0000000084200000, 0x0000000084200000|100%| O|  |TAMS 0x0000000084200000, 0x0000000084100000| Untracked 
|  66|0x0000000084200000, 0x0000000084300000, 0x0000000084300000|100%| O|  |TAMS 0x0000000084300000, 0x0000000084200000| Untracked 
|  67|0x0000000084300000, 0x0000000084400000, 0x0000000084400000|100%| O|  |TAMS 0x0000000084400000, 0x0000000084300000| Untracked 
|  68|0x0000000084400000, 0x0000000084500000, 0x0000000084500000|100%| O|  |TAMS 0x0000000084500000, 0x0000000084400000| Untracked 
|  69|0x0000000084500000, 0x0000000084600000, 0x0000000084600000|100%| O|  |TAMS 0x000000008451c400, 0x0000000084500000| Untracked 
|  70|0x0000000084600000, 0x0000000084619800, 0x0000000084700000|  9%| O|  |TAMS 0x0000000084600000, 0x0000000084600000| Untracked 
|  71|0x0000000084700000, 0x0000000084800000, 0x0000000084800000|100%| O|  |TAMS 0x0000000084800000, 0x0000000084700000| Untracked 
|  72|0x0000000084800000, 0x0000000084900000, 0x0000000084900000|100%| O|  |TAMS 0x0000000084900000, 0x0000000084800000| Untracked 
|  73|0x0000000084900000, 0x0000000084a00000, 0x0000000084a00000|100%| O|  |TAMS 0x0000000084a00000, 0x0000000084900000| Untracked 
|  74|0x0000000084a00000, 0x0000000084b00000, 0x0000000084b00000|100%| O|  |TAMS 0x0000000084b00000, 0x0000000084a00000| Untracked 
|  75|0x0000000084b00000, 0x0000000084b00000, 0x0000000084c00000|  0%| F|  |TAMS 0x0000000084b00000, 0x0000000084b00000| Untracked 
|  76|0x0000000084c00000, 0x0000000084c00000, 0x0000000084d00000|  0%| F|  |TAMS 0x0000000084c00000, 0x0000000084c00000| Untracked 
|  77|0x0000000084d00000, 0x0000000084e00000, 0x0000000084e00000|100%| O|  |TAMS 0x0000000084e00000, 0x0000000084d00000| Untracked 
|  78|0x0000000084e00000, 0x0000000084f00000, 0x0000000084f00000|100%| O|  |TAMS 0x0000000084f00000, 0x0000000084e00000| Untracked 
|  79|0x0000000084f00000, 0x0000000085000000, 0x0000000085000000|100%| O|  |TAMS 0x0000000085000000, 0x0000000084f00000| Untracked 
|  80|0x0000000085000000, 0x0000000085000000, 0x0000000085100000|  0%| F|  |TAMS 0x0000000085000000, 0x0000000085000000| Untracked 
|  81|0x0000000085100000, 0x0000000085200000, 0x0000000085200000|100%| O|  |TAMS 0x0000000085200000, 0x0000000085100000| Untracked 
|  82|0x0000000085200000, 0x0000000085300000, 0x0000000085300000|100%| O|  |TAMS 0x0000000085300000, 0x0000000085200000| Untracked 
|  83|0x0000000085300000, 0x0000000085400000, 0x0000000085400000|100%| O|  |TAMS 0x0000000085400000, 0x0000000085300000| Untracked 
|  84|0x0000000085400000, 0x0000000085500000, 0x0000000085500000|100%| O|  |TAMS 0x0000000085500000, 0x0000000085400000| Untracked 
|  85|0x0000000085500000, 0x0000000085600000, 0x0000000085600000|100%| O|  |TAMS 0x0000000085600000, 0x0000000085500000| Untracked 
|  86|0x0000000085600000, 0x0000000085600000, 0x0000000085700000|  0%| F|  |TAMS 0x0000000085600000, 0x0000000085600000| Untracked 
|  87|0x0000000085700000, 0x0000000085800000, 0x0000000085800000|100%| O|  |TAMS 0x0000000085800000, 0x0000000085700000| Untracked 
|  88|0x0000000085800000, 0x0000000085900000, 0x0000000085900000|100%| O|  |TAMS 0x0000000085900000, 0x0000000085800000| Untracked 
|  89|0x0000000085900000, 0x0000000085900000, 0x0000000085a00000|  0%| F|  |TAMS 0x0000000085900000, 0x0000000085900000| Untracked 
|  90|0x0000000085a00000, 0x0000000085a00000, 0x0000000085b00000|  0%| F|  |TAMS 0x0000000085a00000, 0x0000000085a00000| Untracked 
|  91|0x0000000085b00000, 0x0000000085c00000, 0x0000000085c00000|100%| O|  |TAMS 0x0000000085c00000, 0x0000000085b00000| Untracked 
|  92|0x0000000085c00000, 0x0000000085d00000, 0x0000000085d00000|100%| O|  |TAMS 0x0000000085d00000, 0x0000000085c00000| Untracked 
|  93|0x0000000085d00000, 0x0000000085e00000, 0x0000000085e00000|100%| O|  |TAMS 0x0000000085e00000, 0x0000000085d00000| Untracked 
|  94|0x0000000085e00000, 0x0000000085f00000, 0x0000000085f00000|100%| O|  |TAMS 0x0000000085f00000, 0x0000000085e00000| Untracked 
|  95|0x0000000085f00000, 0x0000000086000000, 0x0000000086000000|100%| O|  |TAMS 0x0000000086000000, 0x0000000085f00000| Untracked 
|  96|0x0000000086000000, 0x0000000086100000, 0x0000000086100000|100%| O|  |TAMS 0x0000000086100000, 0x0000000086000000| Untracked 
|  97|0x0000000086100000, 0x0000000086100000, 0x0000000086200000|  0%| F|  |TAMS 0x0000000086100000, 0x0000000086100000| Untracked 
|  98|0x0000000086200000, 0x0000000086300000, 0x0000000086300000|100%| O|  |TAMS 0x0000000086300000, 0x0000000086200000| Untracked 
|  99|0x0000000086300000, 0x0000000086400000, 0x0000000086400000|100%| O|  |TAMS 0x0000000086400000, 0x0000000086300000| Untracked 
| 100|0x0000000086400000, 0x0000000086500000, 0x0000000086500000|100%| O|  |TAMS 0x0000000086500000, 0x0000000086400000| Untracked 
| 101|0x0000000086500000, 0x0000000086600000, 0x0000000086600000|100%| O|  |TAMS 0x0000000086600000, 0x0000000086500000| Untracked 
| 102|0x0000000086600000, 0x0000000086700000, 0x0000000086700000|100%| O|  |TAMS 0x0000000086700000, 0x0000000086600000| Untracked 
| 103|0x0000000086700000, 0x0000000086800000, 0x0000000086800000|100%| O|  |TAMS 0x0000000086800000, 0x0000000086700000| Untracked 
| 104|0x0000000086800000, 0x0000000086900000, 0x0000000086900000|100%| O|  |TAMS 0x0000000086900000, 0x0000000086800000| Untracked 
| 105|0x0000000086900000, 0x0000000086900000, 0x0000000086a00000|  0%| F|  |TAMS 0x0000000086900000, 0x0000000086900000| Untracked 
| 106|0x0000000086a00000, 0x0000000086a00000, 0x0000000086b00000|  0%| F|  |TAMS 0x0000000086a00000, 0x0000000086a00000| Untracked 
| 107|0x0000000086b00000, 0x0000000086c00000, 0x0000000086c00000|100%| O|  |TAMS 0x0000000086c00000, 0x0000000086b00000| Untracked 
| 108|0x0000000086c00000, 0x0000000086d00000, 0x0000000086d00000|100%| O|  |TAMS 0x0000000086d00000, 0x0000000086c00000| Untracked 
| 109|0x0000000086d00000, 0x0000000086d00000, 0x0000000086e00000|  0%| F|  |TAMS 0x0000000086d00000, 0x0000000086d00000| Untracked 
| 110|0x0000000086e00000, 0x0000000086f00000, 0x0000000086f00000|100%| O|  |TAMS 0x0000000086f00000, 0x0000000086e00000| Untracked 
| 111|0x0000000086f00000, 0x0000000086f00000, 0x0000000087000000|  0%| F|  |TAMS 0x0000000086f00000, 0x0000000086f00000| Untracked 
| 112|0x0000000087000000, 0x0000000087000000, 0x0000000087100000|  0%| F|  |TAMS 0x0000000087000000, 0x0000000087000000| Untracked 
| 113|0x0000000087100000, 0x0000000087200000, 0x0000000087200000|100%| O|  |TAMS 0x0000000087200000, 0x0000000087100000| Untracked 
| 114|0x0000000087200000, 0x0000000087300000, 0x0000000087300000|100%| O|  |TAMS 0x0000000087300000, 0x0000000087200000| Untracked 
| 115|0x0000000087300000, 0x0000000087400000, 0x0000000087400000|100%| O|  |TAMS 0x0000000087400000, 0x0000000087300000| Untracked 
| 116|0x0000000087400000, 0x0000000087500000, 0x0000000087500000|100%| O|  |TAMS 0x0000000087500000, 0x0000000087400000| Untracked 
| 117|0x0000000087500000, 0x0000000087600000, 0x0000000087600000|100%| O|  |TAMS 0x0000000087600000, 0x0000000087500000| Untracked 
| 118|0x0000000087600000, 0x0000000087700000, 0x0000000087700000|100%| O|  |TAMS 0x0000000087700000, 0x0000000087600000| Untracked 
| 119|0x0000000087700000, 0x0000000087800000, 0x0000000087800000|100%| O|  |TAMS 0x0000000087800000, 0x0000000087700000| Untracked 
| 120|0x0000000087800000, 0x0000000087900000, 0x0000000087900000|100%| O|  |TAMS 0x0000000087900000, 0x0000000087800000| Untracked 
| 121|0x0000000087900000, 0x0000000087a00000, 0x0000000087a00000|100%| O|  |TAMS 0x0000000087a00000, 0x0000000087900000| Untracked 
| 122|0x0000000087a00000, 0x0000000087b00000, 0x0000000087b00000|100%| O|  |TAMS 0x0000000087b00000, 0x0000000087a00000| Untracked 
| 123|0x0000000087b00000, 0x0000000087c00000, 0x0000000087c00000|100%| O|  |TAMS 0x0000000087c00000, 0x0000000087b00000| Untracked 
| 124|0x0000000087c00000, 0x0000000087d00000, 0x0000000087d00000|100%| O|  |TAMS 0x0000000087d00000, 0x0000000087c00000| Untracked 
| 125|0x0000000087d00000, 0x0000000087e00000, 0x0000000087e00000|100%| O|  |TAMS 0x0000000087e00000, 0x0000000087d00000| Untracked 
| 126|0x0000000087e00000, 0x0000000087f00000, 0x0000000087f00000|100%| O|  |TAMS 0x0000000087f00000, 0x0000000087e00000| Untracked 
| 127|0x0000000087f00000, 0x0000000088000000, 0x0000000088000000|100%| O|  |TAMS 0x0000000088000000, 0x0000000087f00000| Untracked 
| 128|0x0000000088000000, 0x0000000088100000, 0x0000000088100000|100%| O|  |TAMS 0x0000000088100000, 0x0000000088000000| Untracked 
| 129|0x0000000088100000, 0x0000000088200000, 0x0000000088200000|100%| O|  |TAMS 0x0000000088200000, 0x0000000088100000| Untracked 
| 130|0x0000000088200000, 0x0000000088300000, 0x0000000088300000|100%| O|  |TAMS 0x0000000088300000, 0x0000000088200000| Untracked 
| 131|0x0000000088300000, 0x0000000088400000, 0x0000000088400000|100%| O|  |TAMS 0x0000000088400000, 0x0000000088300000| Untracked 
| 132|0x0000000088400000, 0x0000000088500000, 0x0000000088500000|100%| O|  |TAMS 0x0000000088500000, 0x0000000088400000| Untracked 
| 133|0x0000000088500000, 0x0000000088500000, 0x0000000088600000|  0%| F|  |TAMS 0x0000000088500000, 0x0000000088500000| Untracked 
| 134|0x0000000088600000, 0x0000000088700000, 0x0000000088700000|100%| O|  |TAMS 0x0000000088700000, 0x0000000088600000| Untracked 
| 135|0x0000000088700000, 0x0000000088800000, 0x0000000088800000|100%| O|  |TAMS 0x0000000088800000, 0x0000000088700000| Untracked 
| 136|0x0000000088800000, 0x0000000088900000, 0x0000000088900000|100%| O|  |TAMS 0x0000000088900000, 0x0000000088800000| Untracked 
| 137|0x0000000088900000, 0x0000000088a00000, 0x0000000088a00000|100%| O|  |TAMS 0x0000000088a00000, 0x0000000088900000| Untracked 
| 138|0x0000000088a00000, 0x0000000088a00000, 0x0000000088b00000|  0%| F|  |TAMS 0x0000000088a00000, 0x0000000088a00000| Untracked 
| 139|0x0000000088b00000, 0x0000000088b00000, 0x0000000088c00000|  0%| F|  |TAMS 0x0000000088b00000, 0x0000000088b00000| Untracked 
| 140|0x0000000088c00000, 0x0000000088d00000, 0x0000000088d00000|100%| O|  |TAMS 0x0000000088d00000, 0x0000000088c00000| Untracked 
| 141|0x0000000088d00000, 0x0000000088e00000, 0x0000000088e00000|100%| O|  |TAMS 0x0000000088e00000, 0x0000000088d00000| Untracked 
| 142|0x0000000088e00000, 0x0000000088e00000, 0x0000000088f00000|  0%| F|  |TAMS 0x0000000088e00000, 0x0000000088e00000| Untracked 
| 143|0x0000000088f00000, 0x0000000088f00000, 0x0000000089000000|  0%| F|  |TAMS 0x0000000088f00000, 0x0000000088f00000| Untracked 
| 144|0x0000000089000000, 0x0000000089100000, 0x0000000089100000|100%| O|  |TAMS 0x0000000089100000, 0x0000000089000000| Untracked 
| 145|0x0000000089100000, 0x0000000089200000, 0x0000000089200000|100%| O|  |TAMS 0x0000000089200000, 0x0000000089100000| Untracked 
| 146|0x0000000089200000, 0x0000000089200000, 0x0000000089300000|  0%| F|  |TAMS 0x0000000089200000, 0x0000000089200000| Untracked 
| 147|0x0000000089300000, 0x0000000089300000, 0x0000000089400000|  0%| F|  |TAMS 0x0000000089300000, 0x0000000089300000| Untracked 
| 148|0x0000000089400000, 0x0000000089400000, 0x0000000089500000|  0%| F|  |TAMS 0x0000000089400000, 0x0000000089400000| Untracked 
| 149|0x0000000089500000, 0x0000000089500000, 0x0000000089600000|  0%| F|  |TAMS 0x0000000089500000, 0x0000000089500000| Untracked 
| 150|0x0000000089600000, 0x0000000089600000, 0x0000000089700000|  0%| F|  |TAMS 0x0000000089600000, 0x0000000089600000| Untracked 
| 151|0x0000000089700000, 0x0000000089700000, 0x0000000089800000|  0%| F|  |TAMS 0x0000000089700000, 0x0000000089700000| Untracked 
| 152|0x0000000089800000, 0x0000000089800000, 0x0000000089900000|  0%| F|  |TAMS 0x0000000089800000, 0x0000000089800000| Untracked 
| 153|0x0000000089900000, 0x0000000089900000, 0x0000000089a00000|  0%| F|  |TAMS 0x0000000089900000, 0x0000000089900000| Untracked 
| 154|0x0000000089a00000, 0x0000000089a00000, 0x0000000089b00000|  0%| F|  |TAMS 0x0000000089a00000, 0x0000000089a00000| Untracked 
| 155|0x0000000089b00000, 0x0000000089b00000, 0x0000000089c00000|  0%| F|  |TAMS 0x0000000089b00000, 0x0000000089b00000| Untracked 
| 156|0x0000000089c00000, 0x0000000089c00000, 0x0000000089d00000|  0%| F|  |TAMS 0x0000000089c00000, 0x0000000089c00000| Untracked 
| 157|0x0000000089d00000, 0x0000000089d00000, 0x0000000089e00000|  0%| F|  |TAMS 0x0000000089d00000, 0x0000000089d00000| Untracked 
| 158|0x0000000089e00000, 0x0000000089e00000, 0x0000000089f00000|  0%| F|  |TAMS 0x0000000089e00000, 0x0000000089e00000| Untracked 
| 159|0x0000000089f00000, 0x0000000089f00000, 0x000000008a000000|  0%| F|  |TAMS 0x0000000089f00000, 0x0000000089f00000| Untracked 
| 160|0x000000008a000000, 0x000000008a000000, 0x000000008a100000|  0%| F|  |TAMS 0x000000008a000000, 0x000000008a000000| Untracked 
| 161|0x000000008a100000, 0x000000008a100000, 0x000000008a200000|  0%| F|  |TAMS 0x000000008a100000, 0x000000008a100000| Untracked 
| 162|0x000000008a200000, 0x000000008a200000, 0x000000008a300000|  0%| F|  |TAMS 0x000000008a200000, 0x000000008a200000| Untracked 
| 163|0x000000008a300000, 0x000000008a300000, 0x000000008a400000|  0%| F|  |TAMS 0x000000008a300000, 0x000000008a300000| Untracked 
| 164|0x000000008a400000, 0x000000008a400000, 0x000000008a500000|  0%| F|  |TAMS 0x000000008a400000, 0x000000008a400000| Untracked 
| 165|0x000000008a500000, 0x000000008a500000, 0x000000008a600000|  0%| F|  |TAMS 0x000000008a500000, 0x000000008a500000| Untracked 
| 166|0x000000008a600000, 0x000000008a600000, 0x000000008a700000|  0%| F|  |TAMS 0x000000008a600000, 0x000000008a600000| Untracked 
| 167|0x000000008a700000, 0x000000008a700000, 0x000000008a800000|  0%| F|  |TAMS 0x000000008a700000, 0x000000008a700000| Untracked 
| 168|0x000000008a800000, 0x000000008a800000, 0x000000008a900000|  0%| F|  |TAMS 0x000000008a800000, 0x000000008a800000| Untracked 
| 169|0x000000008a900000, 0x000000008a900000, 0x000000008aa00000|  0%| F|  |TAMS 0x000000008a900000, 0x000000008a900000| Untracked 
| 170|0x000000008aa00000, 0x000000008aa00000, 0x000000008ab00000|  0%| F|  |TAMS 0x000000008aa00000, 0x000000008aa00000| Untracked 
| 171|0x000000008ab00000, 0x000000008ab00000, 0x000000008ac00000|  0%| F|  |TAMS 0x000000008ab00000, 0x000000008ab00000| Untracked 
| 172|0x000000008ac00000, 0x000000008ac00000, 0x000000008ad00000|  0%| F|  |TAMS 0x000000008ac00000, 0x000000008ac00000| Untracked 
| 173|0x000000008ad00000, 0x000000008ad00000, 0x000000008ae00000|  0%| F|  |TAMS 0x000000008ad00000, 0x000000008ad00000| Untracked 
| 174|0x000000008ae00000, 0x000000008ae00000, 0x000000008af00000|  0%| F|  |TAMS 0x000000008ae00000, 0x000000008ae00000| Untracked 
| 175|0x000000008af00000, 0x000000008af00000, 0x000000008b000000|  0%| F|  |TAMS 0x000000008af00000, 0x000000008af00000| Untracked 
| 176|0x000000008b000000, 0x000000008b000000, 0x000000008b100000|  0%| F|  |TAMS 0x000000008b000000, 0x000000008b000000| Untracked 
| 177|0x000000008b100000, 0x000000008b100000, 0x000000008b200000|  0%| F|  |TAMS 0x000000008b100000, 0x000000008b100000| Untracked 
| 178|0x000000008b200000, 0x000000008b200000, 0x000000008b300000|  0%| F|  |TAMS 0x000000008b200000, 0x000000008b200000| Untracked 
| 179|0x000000008b300000, 0x000000008b300000, 0x000000008b400000|  0%| F|  |TAMS 0x000000008b300000, 0x000000008b300000| Untracked 
| 180|0x000000008b400000, 0x000000008b400000, 0x000000008b500000|  0%| F|  |TAMS 0x000000008b400000, 0x000000008b400000| Untracked 
| 181|0x000000008b500000, 0x000000008b500000, 0x000000008b600000|  0%| F|  |TAMS 0x000000008b500000, 0x000000008b500000| Untracked 
| 182|0x000000008b600000, 0x000000008b600000, 0x000000008b700000|  0%| F|  |TAMS 0x000000008b600000, 0x000000008b600000| Untracked 
| 183|0x000000008b700000, 0x000000008b700000, 0x000000008b800000|  0%| F|  |TAMS 0x000000008b700000, 0x000000008b700000| Untracked 
| 184|0x000000008b800000, 0x000000008b800000, 0x000000008b900000|  0%| F|  |TAMS 0x000000008b800000, 0x000000008b800000| Untracked 
| 185|0x000000008b900000, 0x000000008b900000, 0x000000008ba00000|  0%| F|  |TAMS 0x000000008b900000, 0x000000008b900000| Untracked 
| 186|0x000000008ba00000, 0x000000008ba00000, 0x000000008bb00000|  0%| F|  |TAMS 0x000000008ba00000, 0x000000008ba00000| Untracked 
| 187|0x000000008bb00000, 0x000000008bb00000, 0x000000008bc00000|  0%| F|  |TAMS 0x000000008bb00000, 0x000000008bb00000| Untracked 
| 188|0x000000008bc00000, 0x000000008bc00000, 0x000000008bd00000|  0%| F|  |TAMS 0x000000008bc00000, 0x000000008bc00000| Untracked 
| 189|0x000000008bd00000, 0x000000008bd00000, 0x000000008be00000|  0%| F|  |TAMS 0x000000008bd00000, 0x000000008bd00000| Untracked 
| 190|0x000000008be00000, 0x000000008be00000, 0x000000008bf00000|  0%| F|  |TAMS 0x000000008be00000, 0x000000008be00000| Untracked 
| 191|0x000000008bf00000, 0x000000008bf00000, 0x000000008c000000|  0%| F|  |TAMS 0x000000008bf00000, 0x000000008bf00000| Untracked 
| 192|0x000000008c000000, 0x000000008c000000, 0x000000008c100000|  0%| F|  |TAMS 0x000000008c000000, 0x000000008c000000| Untracked 
| 193|0x000000008c100000, 0x000000008c200000, 0x000000008c200000|100%| E|  |TAMS 0x000000008c100000, 0x000000008c100000| Complete 
| 194|0x000000008c200000, 0x000000008c300000, 0x000000008c300000|100%| E|CS|TAMS 0x000000008c200000, 0x000000008c200000| Complete 
| 195|0x000000008c300000, 0x000000008c400000, 0x000000008c400000|100%| E|CS|TAMS 0x000000008c300000, 0x000000008c300000| Complete 
| 196|0x000000008c400000, 0x000000008c500000, 0x000000008c500000|100%| E|CS|TAMS 0x000000008c400000, 0x000000008c400000| Complete 
| 197|0x000000008c500000, 0x000000008c600000, 0x000000008c600000|100%| E|CS|TAMS 0x000000008c500000, 0x000000008c500000| Complete 
| 198|0x000000008c600000, 0x000000008c700000, 0x000000008c700000|100%| E|CS|TAMS 0x000000008c600000, 0x000000008c600000| Complete 
| 199|0x000000008c700000, 0x000000008c800000, 0x000000008c800000|100%| E|CS|TAMS 0x000000008c700000, 0x000000008c700000| Complete 
| 200|0x000000008c800000, 0x000000008c900000, 0x000000008c900000|100%| E|CS|TAMS 0x000000008c800000, 0x000000008c800000| Complete 
| 201|0x000000008c900000, 0x000000008ca00000, 0x000000008ca00000|100%| E|CS|TAMS 0x000000008c900000, 0x000000008c900000| Complete 
| 202|0x000000008ca00000, 0x000000008cb00000, 0x000000008cb00000|100%| E|CS|TAMS 0x000000008ca00000, 0x000000008ca00000| Complete 
| 203|0x000000008cb00000, 0x000000008cc00000, 0x000000008cc00000|100%| E|CS|TAMS 0x000000008cb00000, 0x000000008cb00000| Complete 
| 204|0x000000008cc00000, 0x000000008cd00000, 0x000000008cd00000|100%| E|CS|TAMS 0x000000008cc00000, 0x000000008cc00000| Complete 
| 205|0x000000008cd00000, 0x000000008ce00000, 0x000000008ce00000|100%| E|CS|TAMS 0x000000008cd00000, 0x000000008cd00000| Complete 
| 206|0x000000008ce00000, 0x000000008cf00000, 0x000000008cf00000|100%| E|CS|TAMS 0x000000008ce00000, 0x000000008ce00000| Complete 
| 207|0x000000008cf00000, 0x000000008d000000, 0x000000008d000000|100%| E|CS|TAMS 0x000000008cf00000, 0x000000008cf00000| Complete 
| 208|0x000000008d000000, 0x000000008d100000, 0x000000008d100000|100%| E|CS|TAMS 0x000000008d000000, 0x000000008d000000| Complete 
| 209|0x000000008d100000, 0x000000008d200000, 0x000000008d200000|100%| E|CS|TAMS 0x000000008d100000, 0x000000008d100000| Complete 
| 210|0x000000008d200000, 0x000000008d300000, 0x000000008d300000|100%| E|CS|TAMS 0x000000008d200000, 0x000000008d200000| Complete 
| 211|0x000000008d300000, 0x000000008d400000, 0x000000008d400000|100%| E|CS|TAMS 0x000000008d300000, 0x000000008d300000| Complete 
| 212|0x000000008d400000, 0x000000008d500000, 0x000000008d500000|100%| E|CS|TAMS 0x000000008d400000, 0x000000008d400000| Complete 
| 213|0x000000008d500000, 0x000000008d600000, 0x000000008d600000|100%| E|CS|TAMS 0x000000008d500000, 0x000000008d500000| Complete 
| 214|0x000000008d600000, 0x000000008d700000, 0x000000008d700000|100%| E|CS|TAMS 0x000000008d600000, 0x000000008d600000| Complete 
| 215|0x000000008d700000, 0x000000008d800000, 0x000000008d800000|100%| E|CS|TAMS 0x000000008d700000, 0x000000008d700000| Complete 
| 216|0x000000008d800000, 0x000000008d900000, 0x000000008d900000|100%| E|CS|TAMS 0x000000008d800000, 0x000000008d800000| Complete 
| 217|0x000000008d900000, 0x000000008da00000, 0x000000008da00000|100%| E|CS|TAMS 0x000000008d900000, 0x000000008d900000| Complete 
| 218|0x000000008da00000, 0x000000008db00000, 0x000000008db00000|100%| E|CS|TAMS 0x000000008da00000, 0x000000008da00000| Complete 
| 219|0x000000008db00000, 0x000000008dc00000, 0x000000008dc00000|100%| E|CS|TAMS 0x000000008db00000, 0x000000008db00000| Complete 
| 220|0x000000008dc00000, 0x000000008dd00000, 0x000000008dd00000|100%| E|CS|TAMS 0x000000008dc00000, 0x000000008dc00000| Complete 
| 221|0x000000008dd00000, 0x000000008de00000, 0x000000008de00000|100%| E|CS|TAMS 0x000000008dd00000, 0x000000008dd00000| Complete 
| 222|0x000000008de00000, 0x000000008df00000, 0x000000008df00000|100%| E|CS|TAMS 0x000000008de00000, 0x000000008de00000| Complete 
| 223|0x000000008df00000, 0x000000008e000000, 0x000000008e000000|100%| E|CS|TAMS 0x000000008df00000, 0x000000008df00000| Complete 
| 224|0x000000008e000000, 0x000000008e100000, 0x000000008e100000|100%| E|CS|TAMS 0x000000008e000000, 0x000000008e000000| Complete 
| 225|0x000000008e100000, 0x000000008e200000, 0x000000008e200000|100%| E|CS|TAMS 0x000000008e100000, 0x000000008e100000| Complete 
| 226|0x000000008e200000, 0x000000008e300000, 0x000000008e300000|100%| E|CS|TAMS 0x000000008e200000, 0x000000008e200000| Complete 
| 227|0x000000008e300000, 0x000000008e400000, 0x000000008e400000|100%| E|CS|TAMS 0x000000008e300000, 0x000000008e300000| Complete 
| 228|0x000000008e400000, 0x000000008e500000, 0x000000008e500000|100%| E|CS|TAMS 0x000000008e400000, 0x000000008e400000| Complete 
| 229|0x000000008e500000, 0x000000008e600000, 0x000000008e600000|100%| E|CS|TAMS 0x000000008e500000, 0x000000008e500000| Complete 
| 230|0x000000008e600000, 0x000000008e700000, 0x000000008e700000|100%| E|CS|TAMS 0x000000008e600000, 0x000000008e600000| Complete 
| 231|0x000000008e700000, 0x000000008e800000, 0x000000008e800000|100%| E|CS|TAMS 0x000000008e700000, 0x000000008e700000| Complete 
| 232|0x000000008e800000, 0x000000008e900000, 0x000000008e900000|100%| E|CS|TAMS 0x000000008e800000, 0x000000008e800000| Complete 
| 233|0x000000008e900000, 0x000000008ea00000, 0x000000008ea00000|100%| E|CS|TAMS 0x000000008e900000, 0x000000008e900000| Complete 
| 234|0x000000008ea00000, 0x000000008eb00000, 0x000000008eb00000|100%| E|CS|TAMS 0x000000008ea00000, 0x000000008ea00000| Complete 
| 235|0x000000008eb00000, 0x000000008ec00000, 0x000000008ec00000|100%| E|CS|TAMS 0x000000008eb00000, 0x000000008eb00000| Complete 
| 236|0x000000008ec00000, 0x000000008ed00000, 0x000000008ed00000|100%| E|CS|TAMS 0x000000008ec00000, 0x000000008ec00000| Complete 
| 237|0x000000008ed00000, 0x000000008ee00000, 0x000000008ee00000|100%| E|CS|TAMS 0x000000008ed00000, 0x000000008ed00000| Complete 
| 238|0x000000008ee00000, 0x000000008ef00000, 0x000000008ef00000|100%| E|CS|TAMS 0x000000008ee00000, 0x000000008ee00000| Complete 
| 239|0x000000008ef00000, 0x000000008f000000, 0x000000008f000000|100%| E|CS|TAMS 0x000000008ef00000, 0x000000008ef00000| Complete 
| 240|0x000000008f000000, 0x000000008f100000, 0x000000008f100000|100%| E|CS|TAMS 0x000000008f000000, 0x000000008f000000| Complete 
| 241|0x000000008f100000, 0x000000008f200000, 0x000000008f200000|100%| E|CS|TAMS 0x000000008f100000, 0x000000008f100000| Complete 
| 242|0x000000008f200000, 0x000000008f300000, 0x000000008f300000|100%| E|CS|TAMS 0x000000008f200000, 0x000000008f200000| Complete 
| 243|0x000000008f300000, 0x000000008f400000, 0x000000008f400000|100%| E|CS|TAMS 0x000000008f300000, 0x000000008f300000| Complete 
| 244|0x000000008f400000, 0x000000008f500000, 0x000000008f500000|100%| E|CS|TAMS 0x000000008f400000, 0x000000008f400000| Complete 
| 245|0x000000008f500000, 0x000000008f600000, 0x000000008f600000|100%| E|CS|TAMS 0x000000008f500000, 0x000000008f500000| Complete 
| 246|0x000000008f600000, 0x000000008f700000, 0x000000008f700000|100%| E|CS|TAMS 0x000000008f600000, 0x000000008f600000| Complete 
| 247|0x000000008f700000, 0x000000008f800000, 0x000000008f800000|100%| E|CS|TAMS 0x000000008f700000, 0x000000008f700000| Complete 
| 248|0x000000008f800000, 0x000000008f900000, 0x000000008f900000|100%| E|CS|TAMS 0x000000008f800000, 0x000000008f800000| Complete 
| 249|0x000000008f900000, 0x000000008fa00000, 0x000000008fa00000|100%| E|CS|TAMS 0x000000008f900000, 0x000000008f900000| Complete 
| 250|0x000000008fa00000, 0x000000008fb00000, 0x000000008fb00000|100%| E|CS|TAMS 0x000000008fa00000, 0x000000008fa00000| Complete 
| 251|0x000000008fb00000, 0x000000008fc00000, 0x000000008fc00000|100%| E|CS|TAMS 0x000000008fb00000, 0x000000008fb00000| Complete 
| 252|0x000000008fc00000, 0x000000008fd00000, 0x000000008fd00000|100%| E|CS|TAMS 0x000000008fc00000, 0x000000008fc00000| Complete 
| 253|0x000000008fd00000, 0x000000008fe00000, 0x000000008fe00000|100%| E|CS|TAMS 0x000000008fd00000, 0x000000008fd00000| Complete 
| 254|0x000000008fe00000, 0x000000008ff00000, 0x000000008ff00000|100%| E|CS|TAMS 0x000000008fe00000, 0x000000008fe00000| Complete 
| 255|0x000000008ff00000, 0x0000000090000000, 0x0000000090000000|100%| E|CS|TAMS 0x000000008ff00000, 0x000000008ff00000| Complete 
| 256|0x0000000090000000, 0x0000000090100000, 0x0000000090100000|100%| E|CS|TAMS 0x0000000090000000, 0x0000000090000000| Complete 
| 257|0x0000000090100000, 0x0000000090200000, 0x0000000090200000|100%| E|CS|TAMS 0x0000000090100000, 0x0000000090100000| Complete 
| 258|0x0000000090200000, 0x0000000090300000, 0x0000000090300000|100%| E|CS|TAMS 0x0000000090200000, 0x0000000090200000| Complete 
| 259|0x0000000090300000, 0x0000000090400000, 0x0000000090400000|100%| E|CS|TAMS 0x0000000090300000, 0x0000000090300000| Complete 
| 260|0x0000000090400000, 0x0000000090500000, 0x0000000090500000|100%| E|CS|TAMS 0x0000000090400000, 0x0000000090400000| Complete 
| 261|0x0000000090500000, 0x0000000090600000, 0x0000000090600000|100%| E|CS|TAMS 0x0000000090500000, 0x0000000090500000| Complete 
| 262|0x0000000090600000, 0x0000000090700000, 0x0000000090700000|100%| E|CS|TAMS 0x0000000090600000, 0x0000000090600000| Complete 
| 263|0x0000000090700000, 0x0000000090800000, 0x0000000090800000|100%| E|CS|TAMS 0x0000000090700000, 0x0000000090700000| Complete 
| 264|0x0000000090800000, 0x0000000090900000, 0x0000000090900000|100%| E|CS|TAMS 0x0000000090800000, 0x0000000090800000| Complete 
| 265|0x0000000090900000, 0x0000000090a00000, 0x0000000090a00000|100%| E|CS|TAMS 0x0000000090900000, 0x0000000090900000| Complete 
| 266|0x0000000090a00000, 0x0000000090b00000, 0x0000000090b00000|100%| E|CS|TAMS 0x0000000090a00000, 0x0000000090a00000| Complete 
| 267|0x0000000090b00000, 0x0000000090c00000, 0x0000000090c00000|100%| E|CS|TAMS 0x0000000090b00000, 0x0000000090b00000| Complete 
| 268|0x0000000090c00000, 0x0000000090d00000, 0x0000000090d00000|100%| E|CS|TAMS 0x0000000090c00000, 0x0000000090c00000| Complete 
| 269|0x0000000090d00000, 0x0000000090e00000, 0x0000000090e00000|100%| E|CS|TAMS 0x0000000090d00000, 0x0000000090d00000| Complete 
| 270|0x0000000090e00000, 0x0000000090f00000, 0x0000000090f00000|100%| E|CS|TAMS 0x0000000090e00000, 0x0000000090e00000| Complete 
| 271|0x0000000090f00000, 0x0000000091000000, 0x0000000091000000|100%| E|CS|TAMS 0x0000000090f00000, 0x0000000090f00000| Complete 
| 272|0x0000000091000000, 0x0000000091100000, 0x0000000091100000|100%| E|CS|TAMS 0x0000000091000000, 0x0000000091000000| Complete 
| 273|0x0000000091100000, 0x0000000091200000, 0x0000000091200000|100%| E|CS|TAMS 0x0000000091100000, 0x0000000091100000| Complete 
| 274|0x0000000091200000, 0x0000000091300000, 0x0000000091300000|100%| E|CS|TAMS 0x0000000091200000, 0x0000000091200000| Complete 
| 275|0x0000000091300000, 0x0000000091400000, 0x0000000091400000|100%| E|CS|TAMS 0x0000000091300000, 0x0000000091300000| Complete 
| 276|0x0000000091400000, 0x0000000091500000, 0x0000000091500000|100%| E|CS|TAMS 0x0000000091400000, 0x0000000091400000| Complete 
| 277|0x0000000091500000, 0x0000000091600000, 0x0000000091600000|100%| E|CS|TAMS 0x0000000091500000, 0x0000000091500000| Complete 
| 278|0x0000000091600000, 0x0000000091700000, 0x0000000091700000|100%| E|CS|TAMS 0x0000000091600000, 0x0000000091600000| Complete 
| 279|0x0000000091700000, 0x0000000091800000, 0x0000000091800000|100%| E|CS|TAMS 0x0000000091700000, 0x0000000091700000| Complete 
| 280|0x0000000091800000, 0x0000000091900000, 0x0000000091900000|100%| E|CS|TAMS 0x0000000091800000, 0x0000000091800000| Complete 
| 281|0x0000000091900000, 0x0000000091a00000, 0x0000000091a00000|100%| E|CS|TAMS 0x0000000091900000, 0x0000000091900000| Complete 
| 282|0x0000000091a00000, 0x0000000091b00000, 0x0000000091b00000|100%| E|CS|TAMS 0x0000000091a00000, 0x0000000091a00000| Complete 
| 283|0x0000000091b00000, 0x0000000091c00000, 0x0000000091c00000|100%| E|CS|TAMS 0x0000000091b00000, 0x0000000091b00000| Complete 
| 284|0x0000000091c00000, 0x0000000091d00000, 0x0000000091d00000|100%| E|CS|TAMS 0x0000000091c00000, 0x0000000091c00000| Complete 
| 285|0x0000000091d00000, 0x0000000091e00000, 0x0000000091e00000|100%| E|CS|TAMS 0x0000000091d00000, 0x0000000091d00000| Complete 
| 286|0x0000000091e00000, 0x0000000091e17a20, 0x0000000091f00000|  9%| S|CS|TAMS 0x0000000091e00000, 0x0000000091e00000| Complete 
| 287|0x0000000091f00000, 0x0000000092000000, 0x0000000092000000|100%| S|CS|TAMS 0x0000000091f00000, 0x0000000091f00000| Complete 
| 288|0x0000000092000000, 0x0000000092100000, 0x0000000092100000|100%| E|CS|TAMS 0x0000000092000000, 0x0000000092000000| Complete 
| 289|0x0000000092100000, 0x0000000092200000, 0x0000000092200000|100%| E|CS|TAMS 0x0000000092100000, 0x0000000092100000| Complete 
| 290|0x0000000092200000, 0x0000000092300000, 0x0000000092300000|100%| E|CS|TAMS 0x0000000092200000, 0x0000000092200000| Complete 
| 291|0x0000000092300000, 0x0000000092400000, 0x0000000092400000|100%| E|CS|TAMS 0x0000000092300000, 0x0000000092300000| Complete 
| 292|0x0000000092400000, 0x0000000092500000, 0x0000000092500000|100%| E|CS|TAMS 0x0000000092400000, 0x0000000092400000| Complete 
| 293|0x0000000092500000, 0x0000000092600000, 0x0000000092600000|100%| E|CS|TAMS 0x0000000092500000, 0x0000000092500000| Complete 
| 294|0x0000000092600000, 0x0000000092700000, 0x0000000092700000|100%| E|CS|TAMS 0x0000000092600000, 0x0000000092600000| Complete 
| 295|0x0000000092700000, 0x0000000092800000, 0x0000000092800000|100%| E|CS|TAMS 0x0000000092700000, 0x0000000092700000| Complete 
| 296|0x0000000092800000, 0x0000000092900000, 0x0000000092900000|100%| E|CS|TAMS 0x0000000092800000, 0x0000000092800000| Complete 
| 297|0x0000000092900000, 0x0000000092a00000, 0x0000000092a00000|100%| E|CS|TAMS 0x0000000092900000, 0x0000000092900000| Complete 
| 298|0x0000000092a00000, 0x0000000092b00000, 0x0000000092b00000|100%| E|CS|TAMS 0x0000000092a00000, 0x0000000092a00000| Complete 

Card table byte_map: [0x0000000015c30000,0x0000000016030000] _byte_map_base: 0x0000000015830000

Marking Bits (Prev, Next): (CMBitMap*) 0x00000000003ed5c8, (CMBitMap*) 0x00000000003ed600
 Prev Bits: [0x0000000016430000, 0x0000000018430000)
 Next Bits: [0x0000000018430000, 0x000000001a430000)

Polling page: 0x0000000001e90000

Metaspace:

Usage:
  Non-class:    123.95 MB capacity,   121.80 MB ( 98%) used,     1.69 MB (  1%) free+waste,   466.31 KB ( <1%) overhead. 
      Class:     18.79 MB capacity,    17.45 MB ( 93%) used,     1.14 MB (  6%) free+waste,   204.75 KB (  1%) overhead. 
       Both:    142.74 MB capacity,   139.25 MB ( 98%) used,     2.83 MB (  2%) free+waste,   671.06 KB ( <1%) overhead. 

Virtual space:
  Non-class space:      126.00 MB reserved,     124.22 MB ( 99%) committed 
      Class space:        1.00 GB reserved,      19.10 MB (  2%) committed 
             Both:        1.12 GB reserved,     143.32 MB ( 12%) committed 

Chunk freelists:
   Non-Class:  280.00 KB
       Class:  246.00 KB
        Both:  526.00 KB

MaxMetaspaceSize: 17179869184.00 GB
CompressedClassSpaceSize: 1.00 GB

CodeHeap 'non-profiled nmethods': size=120064Kb used=11649Kb max_used=11649Kb free=108414Kb
 bounds [0x000000000dad0000, 0x000000000e640000, 0x0000000015010000]
CodeHeap 'profiled nmethods': size=120000Kb used=51862Kb max_used=51862Kb free=68137Kb
 bounds [0x00000000065a0000, 0x0000000009860000, 0x000000000dad0000]
CodeHeap 'non-nmethods': size=5696Kb used=2399Kb max_used=2447Kb free=3296Kb
 bounds [0x0000000006010000, 0x0000000006290000, 0x00000000065a0000]
 total_blobs=24177 nmethods=23135 adapters=952
 compilation: enabled
              stopped_count=0, restarted_count=0
 full_count=0

Compilation events (20 events):
Event: 3532.493 Thread 0x000000005d791800 nmethod 25788 0x0000000009846590 code [0x0000000009846820, 0x0000000009847238]
Event: 3532.493 Thread 0x000000005d791800 25789       2       com.android.tools.r8.code.L::<init> (7 bytes)
Event: 3532.493 Thread 0x000000005d791800 nmethod 25789 0x0000000009847790 code [0x0000000009847940, 0x0000000009847a48]
Event: 3532.518 Thread 0x000000005d791800 25791       2       com.android.tools.r8.graph.G$e::hashCode (11 bytes)
Event: 3532.519 Thread 0x000000005d791800 nmethod 25791 0x0000000009847b10 code [0x0000000009847cc0, 0x0000000009847db8]
Event: 3532.533 Thread 0x000000005d791800 25792       2       com.android.tools.r8.internal.Tr::b (63 bytes)
Event: 3532.534 Thread 0x000000005d791800 nmethod 25792 0x0000000009847e90 code [0x0000000009848060, 0x0000000009848268]
Event: 3532.534 Thread 0x000000005d791800 25793       2       com.android.tools.r8.internal.oe::a (47 bytes)
Event: 3532.535 Thread 0x000000005d791800 nmethod 25793 0x0000000009848410 code [0x00000000098485e0, 0x0000000009848828]
Event: 3532.576 Thread 0x000000005d791800 25795       3       com.android.tools.r8.internal.Ea::a (225 bytes)
Event: 3532.579 Thread 0x000000005d791800 nmethod 25795 0x0000000009848990 code [0x0000000009848e60, 0x000000000984bc48]
Event: 3532.592 Thread 0x000000005d791800 25796       2       java.util.Spliterators::spliterator (16 bytes)
Event: 3532.593 Thread 0x000000005d791800 nmethod 25796 0x000000000984ca10 code [0x000000000984cbe0, 0x000000000984ce18]
Event: 3532.593 Thread 0x000000005d791800 25797       2       java.util.Spliterators$ArraySpliterator::<init> (10 bytes)
Event: 3532.593 Thread 0x000000005d791800 nmethod 25797 0x000000000984cf90 code [0x000000000984d140, 0x000000000984d2b8]
Event: 3532.658 Thread 0x000000005d790000 nmethod 25723 0x000000000e626c90 code [0x000000000e627240, 0x000000000e62d6b8]
Event: 3532.658 Thread 0x000000005d790000 25747       4       com.android.tools.r8.internal.h2::D (34 bytes)
Event: 3532.660 Thread 0x000000005d790000 nmethod 25747 0x000000000e631290 code [0x000000000e631440, 0x000000000e6314f8]
Event: 3532.660 Thread 0x000000005d790000 25767       4       com.android.tools.r8.internal.nh::a (990 bytes)
Event: 3532.738 Thread 0x000000005d791800 25804       3       com.android.tools.r8.internal.x4::a (591 bytes)

GC Heap History (20 events):
Event: 3526.111 GC heap before
{Heap before GC invocations=86 (full 0):
 garbage-first heap   total 306176K, used 126905K [0x0000000080000000, 0x0000000100000000)
  region size 1024K, 14 young (14336K), 6 survivors (6144K)
 Metaspace       used 140654K, capacity 144201K, committed 145224K, reserved 1175552K
  class space    used 17771K, capacity 19124K, committed 19556K, reserved 1048576K
}
Event: 3526.131 GC heap after
{Heap after GC invocations=87 (full 0):
 garbage-first heap   total 306176K, used 120221K [0x0000000080000000, 0x0000000100000000)
  region size 1024K, 1 young (1024K), 1 survivors (1024K)
 Metaspace       used 140654K, capacity 144201K, committed 145224K, reserved 1175552K
  class space    used 17771K, capacity 19124K, committed 19556K, reserved 1048576K
}
Event: 3527.739 GC heap before
{Heap before GC invocations=87 (full 0):
 garbage-first heap   total 306176K, used 206237K [0x0000000080000000, 0x0000000100000000)
  region size 1024K, 86 young (88064K), 1 survivors (1024K)
 Metaspace       used 141324K, capacity 144887K, committed 145736K, reserved 1175552K
  class space    used 17833K, capacity 19174K, committed 19556K, reserved 1048576K
}
Event: 3527.875 GC heap after
{Heap after GC invocations=88 (full 0):
 garbage-first heap   total 306176K, used 138069K [0x0000000080000000, 0x0000000100000000)
  region size 1024K, 11 young (11264K), 11 survivors (11264K)
 Metaspace       used 141324K, capacity 144887K, committed 145736K, reserved 1175552K
  class space    used 17833K, capacity 19174K, committed 19556K, reserved 1048576K
}
Event: 3528.680 GC heap before
{Heap before GC invocations=89 (full 0):
 garbage-first heap   total 306176K, used 217941K [0x0000000080000000, 0x0000000100000000)
  region size 1024K, 89 young (91136K), 11 survivors (11264K)
 Metaspace       used 141691K, capacity 145292K, committed 145992K, reserved 1175552K
  class space    used 17848K, capacity 19218K, committed 19556K, reserved 1048576K
}
Event: 3528.741 GC heap after
{Heap after GC invocations=90 (full 0):
 garbage-first heap   total 306176K, used 141222K [0x0000000080000000, 0x0000000100000000)
  region size 1024K, 6 young (6144K), 6 survivors (6144K)
 Metaspace       used 141691K, capacity 145292K, committed 145992K, reserved 1175552K
  class space    used 17848K, capacity 19218K, committed 19556K, reserved 1048576K
}
Event: 3528.851 GC heap before
{Heap before GC invocations=90 (full 0):
 garbage-first heap   total 306176K, used 149414K [0x0000000080000000, 0x0000000100000000)
  region size 1024K, 14 young (14336K), 6 survivors (6144K)
 Metaspace       used 141703K, capacity 145296K, committed 145992K, reserved 1175552K
  class space    used 17849K, capacity 19219K, committed 19556K, reserved 1048576K
}
Event: 3528.897 GC heap after
{Heap after GC invocations=91 (full 0):
 garbage-first heap   total 306176K, used 132096K [0x0000000080000000, 0x0000000100000000)
  region size 1024K, 1 young (1024K), 1 survivors (1024K)
 Metaspace       used 141703K, capacity 145296K, committed 145992K, reserved 1175552K
  class space    used 17849K, capacity 19219K, committed 19556K, reserved 1048576K
}
Event: 3530.020 GC heap before
{Heap before GC invocations=91 (full 0):
 garbage-first heap   total 306176K, used 219136K [0x0000000080000000, 0x0000000100000000)
  region size 1024K, 86 young (88064K), 1 survivors (1024K)
 Metaspace       used 142074K, capacity 145681K, committed 146504K, reserved 1175552K
  class space    used 17866K, capacity 19239K, committed 19556K, reserved 1048576K
}
Event: 3530.033 GC heap after
{Heap after GC invocations=92 (full 0):
 garbage-first heap   total 306176K, used 131939K [0x0000000080000000, 0x0000000100000000)
  region size 1024K, 1 young (1024K), 1 survivors (1024K)
 Metaspace       used 142074K, capacity 145681K, committed 146504K, reserved 1175552K
  class space    used 17866K, capacity 19239K, committed 19556K, reserved 1048576K
}
Event: 3530.889 GC heap before
{Heap before GC invocations=93 (full 0):
 garbage-first heap   total 306176K, used 225123K [0x0000000080000000, 0x0000000100000000)
  region size 1024K, 92 young (94208K), 1 survivors (1024K)
 Metaspace       used 142436K, capacity 146024K, committed 146760K, reserved 1177600K
  class space    used 17867K, capacity 19241K, committed 19556K, reserved 1048576K
}
Event: 3530.897 GC heap after
{Heap after GC invocations=94 (full 0):
 garbage-first heap   total 306176K, used 132329K [0x0000000080000000, 0x0000000100000000)
  region size 1024K, 2 young (2048K), 2 survivors (2048K)
 Metaspace       used 142436K, capacity 146024K, committed 146760K, reserved 1177600K
  class space    used 17867K, capacity 19241K, committed 19556K, reserved 1048576K
}
Event: 3530.962 GC heap before
{Heap before GC invocations=94 (full 0):
 garbage-first heap   total 306176K, used 144617K [0x0000000080000000, 0x0000000100000000)
  region size 1024K, 14 young (14336K), 2 survivors (2048K)
 Metaspace       used 142453K, capacity 146027K, committed 146760K, reserved 1177600K
  class space    used 17867K, capacity 19241K, committed 19556K, reserved 1048576K
}
Event: 3530.974 GC heap after
{Heap after GC invocations=95 (full 0):
 garbage-first heap   total 306176K, used 130012K [0x0000000080000000, 0x0000000100000000)
  region size 1024K, 1 young (1024K), 1 survivors (1024K)
 Metaspace       used 142453K, capacity 146027K, committed 146760K, reserved 1177600K
  class space    used 17867K, capacity 19241K, committed 19556K, reserved 1048576K
}
Event: 3531.532 GC heap before
{Heap before GC invocations=95 (full 0):
 garbage-first heap   total 306176K, used 228316K [0x0000000080000000, 0x0000000100000000)
  region size 1024K, 97 young (99328K), 1 survivors (1024K)
 Metaspace       used 142524K, capacity 146099K, committed 146760K, reserved 1177600K
  class space    used 17869K, capacity 19242K, committed 19556K, reserved 1048576K
}
Event: 3531.551 GC heap after
{Heap after GC invocations=96 (full 0):
 garbage-first heap   total 306176K, used 130959K [0x0000000080000000, 0x0000000100000000)
  region size 1024K, 2 young (2048K), 2 survivors (2048K)
 Metaspace       used 142524K, capacity 146099K, committed 146760K, reserved 1177600K
  class space    used 17869K, capacity 19242K, committed 19556K, reserved 1048576K
}
Event: 3532.146 GC heap before
{Heap before GC invocations=97 (full 0):
 garbage-first heap   total 306176K, used 233359K [0x0000000080000000, 0x0000000100000000)
  region size 1024K, 102 young (104448K), 2 survivors (2048K)
 Metaspace       used 142566K, capacity 146164K, committed 146760K, reserved 1177600K
  class space    used 17869K, capacity 19242K, committed 19556K, reserved 1048576K
}
Event: 3532.167 GC heap after
{Heap after GC invocations=98 (full 0):
 garbage-first heap   total 306176K, used 131258K [0x0000000080000000, 0x0000000100000000)
  region size 1024K, 3 young (3072K), 3 survivors (3072K)
 Metaspace       used 142566K, capacity 146164K, committed 146760K, reserved 1177600K
  class space    used 17869K, capacity 19242K, committed 19556K, reserved 1048576K
}
Event: 3532.229 GC heap before
{Heap before GC invocations=98 (full 0):
 garbage-first heap   total 306176K, used 142522K [0x0000000080000000, 0x0000000100000000)
  region size 1024K, 14 young (14336K), 3 survivors (3072K)
 Metaspace       used 142572K, capacity 146166K, committed 146760K, reserved 1177600K
  class space    used 17869K, capacity 19242K, committed 19556K, reserved 1048576K
}
Event: 3532.240 GC heap after
{Heap after GC invocations=99 (full 0):
 garbage-first heap   total 306176K, used 130244K [0x0000000080000000, 0x0000000100000000)
  region size 1024K, 2 young (2048K), 2 survivors (2048K)
 Metaspace       used 142572K, capacity 146166K, committed 146760K, reserved 1177600K
  class space    used 17869K, capacity 19242K, committed 19556K, reserved 1048576K
}

Deoptimization events (20 events):
Event: 3531.891 Thread 0x000000006a04a000 DEOPT PACKING pc=0x0000000009404552 sp=0x000000006de597d0
Event: 3531.891 Thread 0x000000006a04a000 DEOPT UNPACKING pc=0x00000000060374ce sp=0x000000006de58cd0 mode 0
Event: 3531.965 Thread 0x000000006a04a000 DEOPT PACKING pc=0x00000000093cdd51 sp=0x000000006de59680
Event: 3531.965 Thread 0x000000006a04a000 DEOPT UNPACKING pc=0x00000000060374ce sp=0x000000006de58bd8 mode 0
Event: 3531.972 Thread 0x000000006a04a000 DEOPT PACKING pc=0x00000000093bb68b sp=0x000000006de59be0
Event: 3531.972 Thread 0x000000006a04a000 DEOPT UNPACKING pc=0x00000000060374ce sp=0x000000006de59128 mode 0
Event: 3532.005 Thread 0x000000006a04a000 Uncommon trap: trap_request=0xffffff7e fr.pc=0x000000000e61d7f0 relative=0x0000000000004af0
Event: 3532.005 Thread 0x000000006a04a000 Uncommon trap: reason=predicate action=maybe_recompile pc=0x000000000e61d7f0 method=com.android.tools.r8.internal.Lv.a(Lcom/android/tools/r8/internal/Le;Ljava/util/Set;)Z @ 337 c2
Event: 3532.005 Thread 0x000000006a04a000 DEOPT PACKING pc=0x000000000e61d7f0 sp=0x000000006de59760
Event: 3532.005 Thread 0x000000006a04a000 DEOPT UNPACKING pc=0x00000000060376af sp=0x000000006de597c8 mode 2
Event: 3532.006 Thread 0x000000006a04b800 Uncommon trap: trap_request=0xffffff7e fr.pc=0x000000000e61d7f0 relative=0x0000000000004af0
Event: 3532.006 Thread 0x000000006a04b800 Uncommon trap: reason=predicate action=maybe_recompile pc=0x000000000e61d7f0 method=com.android.tools.r8.internal.Lv.a(Lcom/android/tools/r8/internal/Le;Ljava/util/Set;)Z @ 337 c2
Event: 3532.006 Thread 0x000000006a04b800 DEOPT PACKING pc=0x000000000e61d7f0 sp=0x000000006d859050
Event: 3532.006 Thread 0x000000006a04b800 DEOPT UNPACKING pc=0x00000000060376af sp=0x000000006d8590b8 mode 2
Event: 3532.060 Thread 0x000000006a04a000 DEOPT PACKING pc=0x00000000091f78f3 sp=0x000000006de59a10
Event: 3532.060 Thread 0x000000006a04a000 DEOPT UNPACKING pc=0x00000000060374ce sp=0x000000006de58ec8 mode 0
Event: 3532.184 Thread 0x000000006a04a000 DEOPT PACKING pc=0x0000000009205628 sp=0x000000006de59e30
Event: 3532.184 Thread 0x000000006a04a000 DEOPT UNPACKING pc=0x00000000060374ce sp=0x000000006de59350 mode 0
Event: 3532.579 Thread 0x000000006a04a000 DEOPT PACKING pc=0x00000000095150e9 sp=0x000000006de598c0
Event: 3532.579 Thread 0x000000006a04a000 DEOPT UNPACKING pc=0x00000000060374ce sp=0x000000006de58e48 mode 0

Classes redefined (0 events):
No events

Internal exceptions (20 events):
Event: 3205.206 Thread 0x000000006a457800 Exception <a 'sun/nio/fs/WindowsException'{0x0000000091bdde60}> (0x0000000091bdde60) thrown at [./src/hotspot/share/prims/jni.cpp, line 615]
Event: 3205.206 Thread 0x000000006a457800 Exception <a 'sun/nio/fs/WindowsException'{0x0000000091bdefb0}> (0x0000000091bdefb0) thrown at [./src/hotspot/share/prims/jni.cpp, line 615]
Event: 3205.206 Thread 0x000000006a457800 Exception <a 'sun/nio/fs/WindowsException'{0x0000000091be0100}> (0x0000000091be0100) thrown at [./src/hotspot/share/prims/jni.cpp, line 615]
Event: 3205.252 Thread 0x0000000061769800 Exception <a 'java/lang/NoSuchMethodError'{0x000000009187f8f0}: <clinit>> (0x000000009187f8f0) thrown at [./src/hotspot/share/prims/jni.cpp, line 1362]
Event: 3205.254 Thread 0x0000000061769800 Exception <a 'java/lang/NoSuchMethodError'{0x000000009188cd18}: <clinit>> (0x000000009188cd18) thrown at [./src/hotspot/share/prims/jni.cpp, line 1362]
Event: 3205.257 Thread 0x0000000061769800 Exception <a 'java/lang/NoSuchMethodError'{0x000000009189e878}: <clinit>> (0x000000009189e878) thrown at [./src/hotspot/share/prims/jni.cpp, line 1362]
Event: 3206.462 Thread 0x000000006176f000 Implicit null exception at 0x000000000dd609b3 to 0x000000000dd61d8c
Event: 3208.341 Thread 0x000000006176e800 Exception <a 'sun/nio/fs/WindowsException'{0x00000000928b9c68}> (0x00000000928b9c68) thrown at [./src/hotspot/share/prims/jni.cpp, line 615]
Event: 3208.342 Thread 0x000000006176e800 Exception <a 'sun/nio/fs/WindowsException'{0x00000000928b9d50}> (0x00000000928b9d50) thrown at [./src/hotspot/share/prims/jni.cpp, line 615]
Event: 3524.933 Thread 0x000000005f9c3000 Exception <a 'sun/nio/fs/WindowsException'{0x0000000090eae600}> (0x0000000090eae600) thrown at [./src/hotspot/share/prims/jni.cpp, line 615]
Event: 3525.009 Thread 0x000000005f9c3000 Exception <a 'java/lang/NoClassDefFoundError'{0x0000000090b6e710}: org/jetbrains/kotlin/gradle/plugin/KotlinBasePluginWrapper> (0x0000000090b6e710) thrown at [./src/hotspot/share/oops/constantPool.cpp, line 775]
Event: 3525.091 Thread 0x000000005f9c3000 Exception <a 'sun/nio/fs/WindowsException'{0x00000000909b3478}> (0x00000000909b3478) thrown at [./src/hotspot/share/prims/jni.cpp, line 615]
Event: 3525.119 Thread 0x000000005f9c3000 Exception <a 'sun/nio/fs/WindowsException'{0x000000009085aaa0}> (0x000000009085aaa0) thrown at [./src/hotspot/share/prims/jni.cpp, line 615]
Event: 3525.119 Thread 0x000000005f9c3000 Exception <a 'sun/nio/fs/WindowsException'{0x000000009085bba0}> (0x000000009085bba0) thrown at [./src/hotspot/share/prims/jni.cpp, line 615]
Event: 3525.119 Thread 0x000000005f9c3000 Exception <a 'sun/nio/fs/WindowsException'{0x000000009085ccf0}> (0x000000009085ccf0) thrown at [./src/hotspot/share/prims/jni.cpp, line 615]
Event: 3525.119 Thread 0x000000005f9c3000 Exception <a 'sun/nio/fs/WindowsException'{0x000000009085de40}> (0x000000009085de40) thrown at [./src/hotspot/share/prims/jni.cpp, line 615]
Event: 3526.270 Thread 0x000000006a04a000 Exception <a 'sun/nio/fs/WindowsException'{0x0000000091747ba8}> (0x0000000091747ba8) thrown at [./src/hotspot/share/prims/jni.cpp, line 615]
Event: 3527.043 Thread 0x000000006a04b800 Exception <a 'sun/nio/fs/WindowsException'{0x000000008fa6ba90}> (0x000000008fa6ba90) thrown at [./src/hotspot/share/prims/jni.cpp, line 615]
Event: 3529.795 Thread 0x000000006a04a000 Exception <a 'java/lang/NoSuchMethodError'{0x000000008e6a2928}: 'java.lang.Object java.lang.invoke.DirectMethodHandle$Holder.invokeInterface(java.lang.Object, java.lang.Object, int)'> (0x000000008e6a2928) thrown at [./src/hotspot/share/interpreter/linkResolver.cpp, line 773]
Event: 3530.744 Thread 0x000000006a04b800 Exception <a 'java/lang/NoSuchMethodError'{0x000000008e7b8790}: 'int java.lang.invoke.DirectMethodHandle$Holder.invokeInterface(java.lang.Object, java.lang.Object, int)'> (0x000000008e7b8790) thrown at [./src/hotspot/share/interpreter/linkResolver.cpp, line 773]

Events (20 events):
Event: 3530.962 Executing VM operation: G1CollectForAllocation
Event: 3530.974 Executing VM operation: G1CollectForAllocation done
Event: 3531.111 loading class com/android/tools/r8/internal/yh
Event: 3531.111 loading class com/android/tools/r8/internal/yh done
Event: 3531.391 loading class com/android/tools/r8/internal/Rr
Event: 3531.391 loading class com/android/tools/r8/internal/Rr done
Event: 3531.391 loading class com/android/tools/r8/internal/Rr
Event: 3531.391 loading class com/android/tools/r8/internal/Rr done
Event: 3531.492 Executing VM operation: ICBufferFull
Event: 3531.492 Executing VM operation: ICBufferFull done
Event: 3531.532 Executing VM operation: G1CollectForAllocation
Event: 3531.551 Executing VM operation: G1CollectForAllocation done
Event: 3531.894 Executing VM operation: CGC_Operation
Event: 3531.930 Executing VM operation: CGC_Operation done
Event: 3532.098 Executing VM operation: CGC_Operation
Event: 3532.099 Executing VM operation: CGC_Operation done
Event: 3532.146 Executing VM operation: G1CollectForAllocation
Event: 3532.167 Executing VM operation: G1CollectForAllocation done
Event: 3532.228 Executing VM operation: G1CollectForAllocation
Event: 3532.240 Executing VM operation: G1CollectForAllocation done


Dynamic libraries:
0x000000013f030000 - 0x000000013f03a000 	C:\Program Files\Android\Android Studio\jre\bin\java.exe
0x0000000077620000 - 0x00000000777bf000 	C:\Windows\SYSTEM32\ntdll.dll
0x0000000077500000 - 0x000000007761f000 	C:\Windows\system32\kernel32.dll
0x000007fefd8b0000 - 0x000007fefd91a000 	C:\Windows\system32\KERNELBASE.dll
0x000007fee9870000 - 0x000007fee9889000 	C:\Program Files\Android\Android Studio\jre\bin\jli.dll
0x000007fefbb40000 - 0x000007fefbd34000 	C:\Windows\WinSxS\amd64_microsoft.windows.common-controls_6595b64144ccf1df_6.0.7601.17514_none_fa396087175ac9ac\COMCTL32.dll
0x000007feff550000 - 0x000007feff5ef000 	C:\Windows\system32\msvcrt.dll
0x000007fefd920000 - 0x000007fefd987000 	C:\Windows\system32\GDI32.dll
0x0000000077400000 - 0x00000000774fa000 	C:\Windows\system32\USER32.dll
0x000007feff900000 - 0x000007feff90e000 	C:\Windows\system32\LPK.dll
0x000007fefec40000 - 0x000007fefed09000 	C:\Windows\system32\USP10.dll
0x000007feff4d0000 - 0x000007feff541000 	C:\Windows\system32\SHLWAPI.dll
0x000007fee91d0000 - 0x000007fee91e7000 	C:\Program Files\Android\Android Studio\jre\bin\VCRUNTIME140.dll
0x000007fef9680000 - 0x000007fef9684000 	C:\Windows\system32\api-ms-win-crt-runtime-l1-1-0.dll
0x000007fef9580000 - 0x000007fef9672000 	C:\Windows\system32\ucrtbase.DLL
0x000007fef9570000 - 0x000007fef9573000 	C:\Windows\system32\api-ms-win-core-timezone-l1-1-0.dll
0x000007fef9560000 - 0x000007fef9563000 	C:\Windows\system32\api-ms-win-core-file-l2-1-0.dll
0x000007fef9550000 - 0x000007fef9553000 	C:\Windows\system32\api-ms-win-core-localization-l1-2-0.dll
0x000007fefc830000 - 0x000007fefc833000 	C:\Windows\system32\api-ms-win-core-synch-l1-2-0.dll
0x000007fef9540000 - 0x000007fef9543000 	C:\Windows\system32\api-ms-win-core-processthreads-l1-1-1.dll
0x000007fef9530000 - 0x000007fef9533000 	C:\Windows\system32\api-ms-win-core-file-l1-2-0.dll
0x000007fef9510000 - 0x000007fef9514000 	C:\Windows\system32\api-ms-win-crt-string-l1-1-0.dll
0x000007fef9520000 - 0x000007fef9523000 	C:\Windows\system32\api-ms-win-crt-heap-l1-1-0.dll
0x000007fef9500000 - 0x000007fef9504000 	C:\Windows\system32\api-ms-win-crt-stdio-l1-1-0.dll
0x000007fef94f0000 - 0x000007fef94f4000 	C:\Windows\system32\api-ms-win-crt-convert-l1-1-0.dll
0x000007fef94d0000 - 0x000007fef94d3000 	C:\Windows\system32\api-ms-win-crt-environment-l1-1-0.dll
0x000007fef80b0000 - 0x000007fef80b3000 	C:\Windows\system32\api-ms-win-crt-filesystem-l1-1-0.dll
0x000007fef94b0000 - 0x000007fef94b5000 	C:\Windows\system32\api-ms-win-crt-math-l1-1-0.dll
0x000007fef9490000 - 0x000007fef9493000 	C:\Windows\system32\api-ms-win-crt-locale-l1-1-0.dll
0x000007fefd990000 - 0x000007fefd9be000 	C:\Windows\system32\IMM32.DLL
0x000007fefefd0000 - 0x000007feff0d9000 	C:\Windows\system32\MSCTF.dll
0x000007fee6490000 - 0x000007fee652d000 	C:\Program Files\Android\Android Studio\jre\bin\msvcp140.dll
0x000007fef5ba0000 - 0x000007fef5ba5000 	C:\Windows\system32\api-ms-win-crt-multibyte-l1-1-0.dll
0x000007fef94a0000 - 0x000007fef94a3000 	C:\Windows\system32\api-ms-win-crt-time-l1-1-0.dll
0x000007fef94e0000 - 0x000007fef94e3000 	C:\Windows\system32\api-ms-win-crt-utility-l1-1-0.dll
0x000007fee1a90000 - 0x000007fee255f000 	C:\Program Files\Android\Android Studio\jre\bin\server\jvm.dll
0x000007fefd9c0000 - 0x000007fefda9b000 	C:\Windows\system32\ADVAPI32.dll
0x000007fefec20000 - 0x000007fefec3f000 	C:\Windows\SYSTEM32\sechost.dll
0x000007fefe8d0000 - 0x000007fefe9fc000 	C:\Windows\system32\RPCRT4.dll
0x000007fed8440000 - 0x000007fed8449000 	C:\Windows\system32\WSOCK32.dll
0x000007fefef80000 - 0x000007fefefcd000 	C:\Windows\system32\WS2_32.dll
0x000007fefed10000 - 0x000007fefed18000 	C:\Windows\system32\NSI.dll
0x000007fef9b30000 - 0x000007fef9b6b000 	C:\Windows\system32\WINMM.dll
0x000007fefc7f0000 - 0x000007fefc7fc000 	C:\Windows\system32\VERSION.dll
0x00000000777c0000 - 0x00000000777c7000 	C:\Windows\system32\PSAPI.DLL
0x000007fefa5c0000 - 0x000007fefa5d1000 	C:\Program Files\Android\Android Studio\jre\bin\verify.dll
0x000007fef6eb0000 - 0x000007fef6fd5000 	C:\Windows\system32\DBGHELP.DLL
0x000007fef9d00000 - 0x000007fef9d29000 	C:\Program Files\Android\Android Studio\jre\bin\java.dll
0x000007fefa8f0000 - 0x000007fefa8fb000 	C:\Program Files\Android\Android Studio\jre\bin\jimage.dll
0x000007fefa5a0000 - 0x000007fefa5b8000 	C:\Program Files\Android\Android Studio\jre\bin\zip.dll
0x000007fefdaa0000 - 0x000007fefe828000 	C:\Windows\system32\SHELL32.dll
0x000007feff5f0000 - 0x000007feff7f3000 	C:\Windows\system32\ole32.dll
0x000007fefd550000 - 0x000007fefd55f000 	C:\Windows\system32\profapi.dll
0x000007fefa450000 - 0x000007fefa46a000 	C:\Program Files\Android\Android Studio\jre\bin\net.dll
0x000007fef78a0000 - 0x000007fef7911000 	C:\Windows\system32\WINHTTP.dll
0x000007fef7830000 - 0x000007fef7894000 	C:\Windows\system32\webio.dll
0x000007fefcd30000 - 0x000007fefcd85000 	C:\Windows\system32\mswsock.dll
0x000007fefcd20000 - 0x000007fefcd27000 	C:\Windows\System32\wship6.dll
0x000007fef73b0000 - 0x000007fef73c4000 	C:\Program Files\Android\Android Studio\jre\bin\nio.dll
0x000007fef1e10000 - 0x000007fef1e37000 	C:\Users\KL_Schweizer\.gradle\native\8bec1ad78214c89d9ad589b4d07fe93259594b29d510b10fafb7a158f7737e5d\windows-amd64\native-platform.dll
0x000007fee6000000 - 0x000007fee613d000 	C:\Users\KL_Schweizer\.gradle\native\53dbd7edfb1c66fb8903c78663c9afc45aea4f116125fa6feffd364cf09443e8\windows-amd64\native-platform-file-events.dll
0x000007fefa570000 - 0x000007fefa57a000 	C:\Program Files\Android\Android Studio\jre\bin\management.dll
0x000007fef5d90000 - 0x000007fef5d9c000 	C:\Program Files\Android\Android Studio\jre\bin\management_ext.dll
0x000007fefcd90000 - 0x000007fefcda8000 	C:\Windows\system32\CRYPTSP.dll
0x000007fefca90000 - 0x000007fefcad7000 	C:\Windows\system32\rsaenh.dll
0x000007fefc890000 - 0x000007fefc8ae000 	C:\Windows\system32\USERENV.dll
0x000007fefd480000 - 0x000007fefd48f000 	C:\Windows\system32\CRYPTBASE.dll
0x000007fefc570000 - 0x000007fefc597000 	C:\Windows\system32\IPHLPAPI.DLL
0x000007fefc560000 - 0x000007fefc56b000 	C:\Windows\system32\WINNSI.DLL
0x000007fefa670000 - 0x000007fefa681000 	C:\Windows\system32\dhcpcsvc6.DLL
0x000007fefa5e0000 - 0x000007fefa5f8000 	C:\Windows\system32\dhcpcsvc.DLL
0x000007fef5b30000 - 0x000007fef5b57000 	C:\Program Files\Android\Android Studio\jre\bin\sunec.dll
0x000007fefc0f0000 - 0x000007fefc0f7000 	C:\Windows\System32\wshtcpip.dll
0x000007fefcbb0000 - 0x000007fefcc0b000 	C:\Windows\system32\DNSAPI.dll
0x0000000072880000 - 0x00000000728ae000 	c:\Program Files\Common Files\Microsoft Shared\Windows Live\WLIDNSP.DLL
0x000007fef6e90000 - 0x000007fef6e98000 	C:\Windows\system32\rasadhlp.dll
0x000007fefa720000 - 0x000007fefa773000 	C:\Windows\System32\fwpuclnt.dll
0x000007fefd420000 - 0x000007fefd477000 	C:\Windows\system32\apphelp.dll

dbghelp: loaded successfully - version: 4.0.5 - missing functions: none
symbol engine: initialized successfully - sym options: 0x614 - pdb path: .;C:\Program Files\Android\Android Studio\jre\bin;C:\Windows\SYSTEM32;C:\Windows\WinSxS\amd64_microsoft.windows.common-controls_6595b64144ccf1df_6.0.7601.17514_none_fa396087175ac9ac;C:\Program Files\Android\Android Studio\jre\bin\server;C:\Users\KL_Schweizer\.gradle\native\8bec1ad78214c89d9ad589b4d07fe93259594b29d510b10fafb7a158f7737e5d\windows-amd64;C:\Users\KL_Schweizer\.gradle\native\53dbd7edfb1c66fb8903c78663c9afc45aea4f116125fa6feffd364cf09443e8\windows-amd64;c:\Program Files\Common Files\Microsoft Shared\Windows Live

VM Arguments:
jvm_args: --add-opens=java.base/java.util=ALL-UNNAMED --add-opens=java.base/java.lang=ALL-UNNAMED --add-opens=java.base/java.lang.invoke=ALL-UNNAMED --add-opens=java.base/java.util=ALL-UNNAMED --add-opens=java.prefs/java.util.prefs=ALL-UNNAMED --add-opens=java.prefs/java.util.prefs=ALL-UNNAMED --add-opens=java.base/java.nio.charset=ALL-UNNAMED --add-opens=java.base/java.net=ALL-UNNAMED --add-opens=java.base/java.util.concurrent.atomic=ALL-UNNAMED -Xmx2048m -Dfile.encoding=UTF-8 -Duser.country=US -Duser.language=en -Duser.variant 
java_command: org.gradle.launcher.daemon.bootstrap.GradleDaemon 7.0.2
java_class_path (initial): C:\Users\KL_Schweizer\.gradle\wrapper\dists\gradle-7.0.2-bin\857tjihv64xamwrf0h14cai3r\gradle-7.0.2\lib\gradle-launcher-7.0.2.jar
Launcher Type: SUN_STANDARD

[Global flags]
     intx CICompilerCount                          = 3                                         {product} {ergonomic}
     uint ConcGCThreads                            = 1                                         {product} {ergonomic}
     uint G1ConcRefinementThreads                  = 4                                         {product} {ergonomic}
   size_t G1HeapRegionSize                         = 1048576                                   {product} {ergonomic}
    uintx GCDrainStackTargetSize                   = 64                                        {product} {ergonomic}
   size_t InitialHeapSize                          = 67108864                                  {product} {ergonomic}
   size_t MarkStackSize                            = 4194304                                   {product} {ergonomic}
   size_t MaxHeapSize                              = 2147483648                                {product} {command line}
   size_t MaxNewSize                               = 1287651328                                {product} {ergonomic}
   size_t MinHeapDeltaBytes                        = 1048576                                   {product} {ergonomic}
    uintx NonNMethodCodeHeapSize                   = 5830732                                {pd product} {ergonomic}
    uintx NonProfiledCodeHeapSize                  = 122913754                              {pd product} {ergonomic}
    uintx ProfiledCodeHeapSize                     = 122913754                              {pd product} {ergonomic}
    uintx ReservedCodeCacheSize                    = 251658240                              {pd product} {ergonomic}
     bool SegmentedCodeCache                       = true                                      {product} {ergonomic}
     bool UseCompressedClassPointers               = true                                 {lp64_product} {ergonomic}
     bool UseCompressedOops                        = true                                 {lp64_product} {ergonomic}
     bool UseG1GC                                  = true                                      {product} {ergonomic}
     bool UseLargePagesIndividualAllocation        = false                                  {pd product} {ergonomic}

Logging:
Log output configuration:
 #0: stdout all=warning uptime,level,tags
 #1: stderr all=off uptime,level,tags

Environment Variables:
PATH=C:\ProgramData\Oracle\Java\javapath;C:\Program Files\Common Files\Oracle\Java\javapath;C:\Program Files (x86)\Common Files\Microsoft Shared\Windows Live;C:\Windows\system32;C:\Windows;C:\Windows\System32\Wbem;C:\Windows\System32\WindowsPowerShell\v1.0\;C:\Program Files (x86)\NVIDIA Corporation\PhysX\Common;C:\Program Files\nodejs\;C:\xampp\php;C:\composer;C:\Program Files\dotnet\;C:\Program Files\Git\cmd;C:\Program Files\NVIDIA Corporation\NVIDIA NvDLISR;C:\Program Files\Common Files\Microsoft Shared\Windows Live;C:\Users\KL_Schweizer\AppData\Local\Programs\Microsoft VS Code\bin;C:\Users\KL_Schweizer\AppData\Roaming\npm;C:\Users\KL_Schweizer\AppData\Roaming\Composer\vendor\bin;C:\Users\KL_Schweizer\.dotnet\tools
USERNAME=KL_Schweizer
OS=Windows_NT
PROCESSOR_IDENTIFIER=Intel64 Family 6 Model 58 Stepping 9, GenuineIntel



---------------  S Y S T E M  ---------------

OS: Windows 7 , 64 bit Build 7601 (6.1.7601.24384)
OS uptime: 0 days 3:59 hours

CPU:total 4 (initial active 4) (2 cores per cpu, 2 threads per core) family 6 model 58 stepping 9 microcode 0x0, cmov, cx8, fxsr, mmx, sse, sse2, sse3, ssse3, sse4.1, sse4.2, popcnt, avx, clmul, erms, ht, tsc, tscinvbit, tscinv

Memory: 4k page, system-wide physical 3993M (239M free)
TotalPageFile size 7913M (AvailPageFile size 146M)
current process WorkingSet (physical memory assigned to process): 551M, peak: 589M
current process commit charge ("private bytes"): 722M, peak: 727M

vm_info: OpenJDK 64-Bit Server VM (11.0.10+0-b96-7249189) for windows-amd64 JRE (11.0.10+0-b96-7249189), built on Mar 31 2021 21:44:00 by "builder" with MS VC++ 14.0 (VS2015)

END.
