#
# There is insufficient memory for the Java Runtime Environment to continue.
# Native memory allocation (malloc) failed to allocate 2214896 bytes for Chunk::new
# Possible reasons:
#   The system is out of physical RAM or swap space
#   The process is running with CompressedOops enabled, and the Java Heap may be blocking the growth of the native heap
# Possible solutions:
#   Reduce memory load on the system
#   Increase physical memory or swap space
#   Check if swap backing store is full
#   Decrease Java heap size (-Xmx/-Xms)
#   Decrease number of Java threads
#   Decrease Java thread stack sizes (-Xss)
#   Set larger code cache with -XX:ReservedCodeCacheSize=
#   JVM is running with Unscaled Compressed Oops mode in which the Java heap is
#     placed in the first 4GB address space. The Java Heap base address is the
#     maximum limit for the native heap growth. Please use -XX:HeapBaseMinAddress
#     to set the Java Heap base and to place the Java Heap above 4GB virtual address.
# This output file may be truncated or incomplete.
#
#  Out of Memory Error (./src/hotspot/share/memory/arena.cpp:197), pid=2204, tid=8428
#
# JRE version: OpenJDK Runtime Environment (11.0.10) (build 11.0.10+0-b96-7249189)
# Java VM: OpenJDK 64-Bit Server VM (11.0.10+0-b96-7249189, mixed mode, tiered, compressed oops, g1 gc, windows-amd64)
# No core dump will be written. Minidumps are not enabled by default on client versions of Windows
#

---------------  S U M M A R Y ------------

Command Line: --add-opens=java.base/java.util=ALL-UNNAMED --add-opens=java.base/java.lang=ALL-UNNAMED --add-opens=java.base/java.lang.invoke=ALL-UNNAMED --add-opens=java.base/java.util=ALL-UNNAMED --add-opens=java.prefs/java.util.prefs=ALL-UNNAMED --add-opens=java.prefs/java.util.prefs=ALL-UNNAMED --add-opens=java.base/java.nio.charset=ALL-UNNAMED --add-opens=java.base/java.net=ALL-UNNAMED --add-opens=java.base/java.util.concurrent.atomic=ALL-UNNAMED -Xmx2048m -Dfile.encoding=UTF-8 -Duser.country=US -Duser.language=en -Duser.variant org.gradle.launcher.daemon.bootstrap.GradleDaemon 7.0.2

Host: Intel(R) Core(TM) i3-3240 CPU @ 3.40GHz, 4 cores, 3G,  Windows 7 , 64 bit Build 7601 (6.1.7601.24384)
Time: Wed Oct  6 05:54:46 2021 Taipei Standard Time elapsed time: 11.325787 seconds (0d 0h 0m 11s)

---------------  T H R E A D  ---------------

Current thread (0x000000005d923800):  JavaThread "C2 CompilerThread0" daemon [_thread_in_native, id=8428, stack(0x000000005e020000,0x000000005e120000)]


Current CompileTask:
C2:  11325 4652       4       java.net.URLClassLoader$1::run (5 bytes)

Stack: [0x000000005e020000,0x000000005e120000]
Native frames: (J=compiled Java code, j=interpreted, Vv=VM code, C=native code)
V  [jvm.dll+0x5ecfaa]
V  [jvm.dll+0x722bd5]
V  [jvm.dll+0x72412d]
V  [jvm.dll+0x7247e3]
V  [jvm.dll+0x242928]
V  [jvm.dll+0xbc4fc]
V  [jvm.dll+0xbca0c]
V  [jvm.dll+0x352d7d]
V  [jvm.dll+0x19800c]
V  [jvm.dll+0x1fb70e]
V  [jvm.dll+0x1fa7f4]
V  [jvm.dll+0x18354c]
V  [jvm.dll+0x208ee7]
V  [jvm.dll+0x207731]
V  [jvm.dll+0x6eb1cf]
V  [jvm.dll+0x6e3d45]
V  [jvm.dll+0x5ebe96]
C  [ucrtbase.DLL+0x682dd]
C  [kernel32.dll+0x1570d]
C  [ntdll.dll+0x5385d]


---------------  P R O C E S S  ---------------

Threads class SMR info:
_java_thread_list=0x0000000067313550, length=41, elements={
0x000000000038e000, 0x000000005d900800, 0x000000005d901800, 0x000000005d916800,
0x000000005d91a000, 0x000000005d91d000, 0x000000005d923800, 0x000000005d924800,
0x000000005d926000, 0x000000005e875000, 0x000000005fba0800, 0x00000000609e2800,
0x000000005f3b0000, 0x000000006064d000, 0x0000000060d26000, 0x0000000060e8a000,
0x000000006062c800, 0x000000006254e000, 0x000000006295a800, 0x00000000625a5800,
0x00000000625a6800, 0x00000000625a7800, 0x00000000625a8000, 0x00000000625a9000,
0x00000000625aa000, 0x00000000625aa800, 0x00000000625ab800, 0x00000000625ac000,
0x0000000060f02000, 0x0000000060f03000, 0x0000000060f04000, 0x0000000060f04800,
0x0000000060f05800, 0x0000000060f06800, 0x0000000060f08000, 0x0000000062e8d800,
0x0000000062e8e000, 0x0000000062e8f000, 0x0000000062e90000, 0x0000000062e90800,
0x0000000062e91800
}

Java Threads: ( => current thread )
  0x000000000038e000 JavaThread "main" [_thread_blocked, id=3392, stack(0x00000000020f0000,0x00000000021f0000)]
  0x000000005d900800 JavaThread "Reference Handler" daemon [_thread_blocked, id=5268, stack(0x000000005da20000,0x000000005db20000)]
  0x000000005d901800 JavaThread "Finalizer" daemon [_thread_blocked, id=4492, stack(0x000000005dd00000,0x000000005de00000)]
  0x000000005d916800 JavaThread "Signal Dispatcher" daemon [_thread_blocked, id=2240, stack(0x000000005df20000,0x000000005e020000)]
  0x000000005d91a000 JavaThread "Attach Listener" daemon [_thread_blocked, id=2484, stack(0x000000005e150000,0x000000005e250000)]
  0x000000005d91d000 JavaThread "Service Thread" daemon [_thread_blocked, id=4388, stack(0x000000005e2c0000,0x000000005e3c0000)]
=>0x000000005d923800 JavaThread "C2 CompilerThread0" daemon [_thread_in_native, id=8428, stack(0x000000005e020000,0x000000005e120000)]
  0x000000005d924800 JavaThread "C1 CompilerThread0" daemon [_thread_blocked, id=2132, stack(0x000000005e4c0000,0x000000005e5c0000)]
  0x000000005d926000 JavaThread "Sweeper thread" daemon [_thread_blocked, id=5000, stack(0x000000005e6b0000,0x000000005e7b0000)]
  0x000000005e875000 JavaThread "Common-Cleaner" daemon [_thread_blocked, id=9204, stack(0x000000005ec00000,0x000000005ed00000)]
  0x000000005fba0800 JavaThread "Daemon health stats" [_thread_blocked, id=7828, stack(0x0000000061cc0000,0x0000000061dc0000)]
  0x00000000609e2800 JavaThread "Incoming local TCP Connector on port 62770" [_thread_in_native, id=2360, stack(0x00000000634a0000,0x00000000635a0000)]
  0x000000005f3b0000 JavaThread "Daemon periodic checks" [_thread_blocked, id=6264, stack(0x0000000063600000,0x0000000063700000)]
  0x000000006064d000 JavaThread "Daemon" [_thread_blocked, id=4024, stack(0x000000005de20000,0x000000005df20000)]
  0x0000000060d26000 JavaThread "Handler for socket connection from /127.0.0.1:62770 to /127.0.0.1:62771" [_thread_in_native, id=7940, stack(0x0000000063960000,0x0000000063a60000)]
  0x0000000060e8a000 JavaThread "Cancel handler" [_thread_blocked, id=4828, stack(0x000000005e3c0000,0x000000005e4c0000)]
  0x000000006062c800 JavaThread "Daemon worker" [_thread_in_native, id=2052, stack(0x0000000063aa0000,0x0000000063ba0000)]
  0x000000006254e000 JavaThread "Asynchronous log dispatcher for DefaultDaemonConnection: socket connection from /127.0.0.1:62770 to /127.0.0.1:62771" [_thread_blocked, id=684, stack(0x0000000063d10000,0x0000000063e10000)]
  0x000000006295a800 JavaThread "Stdin handler" [_thread_blocked, id=4232, stack(0x0000000063e90000,0x0000000063f90000)]
  0x00000000625a5800 JavaThread "Daemon client event forwarder" [_thread_blocked, id=5468, stack(0x0000000063fe0000,0x00000000640e0000)]
  0x00000000625a6800 JavaThread "Cache worker for file hash cache (C:\Users\KL_Schweizer\.gradle\caches\7.0.2\fileHashes)" [_thread_blocked, id=3760, stack(0x00000000641b0000,0x00000000642b0000)]
  0x00000000625a7800 JavaThread "File lock request listener" [_thread_in_native, id=6036, stack(0x0000000064470000,0x0000000064570000)]
  0x00000000625a8000 JavaThread "Cache worker for journal cache (C:\Users\KL_Schweizer\.gradle\caches\journal-1)" [_thread_blocked, id=5156, stack(0x0000000064360000,0x0000000064460000)]
  0x00000000625a9000 JavaThread "Cache worker for file hash cache (D:\Programming Workspaces\Android Studio\Um-Online-Appointment-System\.gradle\7.0.2\fileHashes)" [_thread_blocked, id=3832, stack(0x0000000064850000,0x0000000064950000)]
  0x00000000625aa000 JavaThread "File watcher server" daemon [_thread_in_native, id=5436, stack(0x0000000064d40000,0x0000000064e40000)]
  0x00000000625aa800 JavaThread "File watcher consumer" daemon [_thread_blocked, id=368, stack(0x0000000064f30000,0x0000000065030000)]
  0x00000000625ab800 JavaThread "jar transforms" [_thread_blocked, id=5516, stack(0x0000000065310000,0x0000000065410000)]
  0x00000000625ac000 JavaThread "jar transforms Thread 2" [_thread_blocked, id=1764, stack(0x0000000064c30000,0x0000000064d30000)]
  0x0000000060f02000 JavaThread "jar transforms Thread 3" [_thread_blocked, id=5284, stack(0x0000000065470000,0x0000000065570000)]
  0x0000000060f03000 JavaThread "jar transforms Thread 4" [_thread_blocked, id=572, stack(0x00000000656b0000,0x00000000657b0000)]
  0x0000000060f04000 JavaThread "Cache worker for checksums cache (D:\Programming Workspaces\Android Studio\Um-Online-Appointment-System\.gradle\checksums)" [_thread_blocked, id=5380, stack(0x00000000658f0000,0x00000000659f0000)]
  0x0000000060f04800 JavaThread "Cache worker for cache directory md-supplier (C:\Users\KL_Schweizer\.gradle\caches\7.0.2\md-supplier)" [_thread_blocked, id=5344, stack(0x0000000065ac0000,0x0000000065bc0000)]
  0x0000000060f05800 JavaThread "Cache worker for cache directory md-rule (C:\Users\KL_Schweizer\.gradle\caches\7.0.2\md-rule)" [_thread_blocked, id=8768, stack(0x0000000065dc0000,0x0000000065ec0000)]
  0x0000000060f06800 JavaThread "Cache worker for execution history cache (C:\Users\KL_Schweizer\.gradle\caches\7.0.2\executionHistory)" [_thread_blocked, id=5836, stack(0x00000000655a0000,0x00000000656a0000)]
  0x0000000060f08000 JavaThread "Cache worker for file content cache (C:\Users\KL_Schweizer\.gradle\caches\7.0.2\fileContent)" [_thread_blocked, id=5488, stack(0x00000000657e0000,0x00000000658e0000)]
  0x0000000062e8d800 JavaThread "Cache worker for dependencies-accessors (D:\Programming Workspaces\Android Studio\Um-Online-Appointment-System\.gradle\7.0.2\dependencies-accessors)" [_thread_blocked, id=8772, stack(0x00000000680e0000,0x00000000681e0000)]
  0x0000000062e8e000 JavaThread "Cache worker for Build Output Cleanup Cache (D:\Programming Workspaces\Android Studio\Um-Online-Appointment-System\.gradle\buildOutputCleanup)" [_thread_blocked, id=8764, stack(0x0000000067f70000,0x0000000068070000)]
  0x0000000062e8f000 JavaThread "Build operations" [_thread_blocked, id=8760, stack(0x0000000068450000,0x0000000068550000)]
  0x0000000062e90000 JavaThread "Build operations Thread 2" [_thread_blocked, id=8296, stack(0x0000000068600000,0x0000000068700000)]
  0x0000000062e90800 JavaThread "Build operations Thread 3" [_thread_blocked, id=4132, stack(0x00000000687f0000,0x00000000688f0000)]
  0x0000000062e91800 JavaThread "Build operations Thread 4" [_thread_blocked, id=4472, stack(0x0000000068900000,0x0000000068a00000)]

Other Threads:
  0x000000005d8fd000 VMThread "VM Thread" [stack: 0x000000005dbe0000,0x000000005dce0000] [id=5308]
  0x000000005e890000 WatcherThread [stack: 0x000000005eeb0000,0x000000005efb0000] [id=9096]
  0x00000000003a6000 GCTaskThread "GC Thread#0" [stack: 0x00000000152f0000,0x00000000153f0000] [id=8704]
  0x000000005f3d3800 GCTaskThread "GC Thread#1" [stack: 0x000000005ed20000,0x000000005ee20000] [id=4192]
  0x00000000625a5000 GCTaskThread "GC Thread#2" [stack: 0x0000000063bb0000,0x0000000063cb0000] [id=592]
  0x000000006062f000 GCTaskThread "GC Thread#3" [stack: 0x00000000621d0000,0x00000000622d0000] [id=6600]
  0x00000000003d6000 ConcurrentGCThread "G1 Main Marker" [stack: 0x000000001a450000,0x000000001a550000] [id=9192]
  0x00000000003d7800 ConcurrentGCThread "G1 Conc#0" [stack: 0x000000001a730000,0x000000001a830000] [id=6916]
  0x000000001cb80800 ConcurrentGCThread "G1 Refine#0" [stack: 0x000000001cd50000,0x000000001ce50000] [id=8568]
  0x000000001cb81000 ConcurrentGCThread "G1 Young RemSet Sampling" [stack: 0x000000001cf00000,0x000000001d000000] [id=9028]

Threads with active compile tasks:
C2 CompilerThread0  11348 4652       4       java.net.URLClassLoader$1::run (5 bytes)

VM state:not at safepoint (normal execution)

VM Mutex/Monitor currently owned by a thread:  ([mutex/lock_event])
[0x0000000000389410] SystemDictionary_lock - owner thread: 0x0000000000000000

Heap address: 0x0000000080000000, size: 2048 MB, Compressed Oops mode: 32-bit
Narrow klass base: 0x0000000000000000, Narrow klass shift: 0
Compressed class space size: 1073741824 Address: 0x000000001d000000

Heap:
 garbage-first heap   total 143360K, used 74199K [0x0000000080000000, 0x0000000100000000)
  region size 1024K, 17 young (17408K), 3 survivors (3072K)
 Metaspace       used 50164K, capacity 51696K, committed 52044K, reserved 1093632K
  class space    used 6432K, capacity 6938K, committed 7040K, reserved 1048576K
Heap Regions: E=young(eden), S=young(survivor), O=old, HS=humongous(starts), HC=humongous(continues), CS=collection set, F=free, A=archive, TAMS=top-at-mark-start (previous, next)
|   0|0x0000000080000000, 0x0000000080100000, 0x0000000080100000|100%| O|  |TAMS 0x0000000080100000, 0x0000000080000000| Untracked 
|   1|0x0000000080100000, 0x0000000080200000, 0x0000000080200000|100%| O|  |TAMS 0x0000000080200000, 0x0000000080100000| Untracked 
|   2|0x0000000080200000, 0x0000000080300000, 0x0000000080300000|100%| O|  |TAMS 0x0000000080300000, 0x0000000080200000| Untracked 
|   3|0x0000000080300000, 0x0000000080400000, 0x0000000080400000|100%|HS|  |TAMS 0x0000000080400000, 0x0000000080300000| Complete 
|   4|0x0000000080400000, 0x0000000080500000, 0x0000000080500000|100%|HC|  |TAMS 0x0000000080500000, 0x0000000080400000| Complete 
|   5|0x0000000080500000, 0x0000000080600000, 0x0000000080600000|100%|HC|  |TAMS 0x0000000080600000, 0x0000000080500000| Complete 
|   6|0x0000000080600000, 0x0000000080700000, 0x0000000080700000|100%| O|  |TAMS 0x0000000080700000, 0x0000000080600000| Untracked 
|   7|0x0000000080700000, 0x0000000080800000, 0x0000000080800000|100%| O|  |TAMS 0x0000000080800000, 0x0000000080700000| Untracked 
|   8|0x0000000080800000, 0x0000000080900000, 0x0000000080900000|100%| O|  |TAMS 0x0000000080900000, 0x0000000080800000| Untracked 
|   9|0x0000000080900000, 0x0000000080a00000, 0x0000000080a00000|100%| O|  |TAMS 0x0000000080a00000, 0x0000000080900000| Untracked 
|  10|0x0000000080a00000, 0x0000000080b00000, 0x0000000080b00000|100%| O|  |TAMS 0x0000000080b00000, 0x0000000080a00000| Untracked 
|  11|0x0000000080b00000, 0x0000000080c00000, 0x0000000080c00000|100%| O|  |TAMS 0x0000000080c00000, 0x0000000080b00000| Untracked 
|  12|0x0000000080c00000, 0x0000000080d00000, 0x0000000080d00000|100%| O|  |TAMS 0x0000000080d00000, 0x0000000080c00000| Untracked 
|  13|0x0000000080d00000, 0x0000000080e00000, 0x0000000080e00000|100%| O|  |TAMS 0x0000000080e00000, 0x0000000080d00000| Untracked 
|  14|0x0000000080e00000, 0x0000000080f00000, 0x0000000080f00000|100%| O|  |TAMS 0x0000000080f00000, 0x0000000080e00000| Untracked 
|  15|0x0000000080f00000, 0x0000000081000000, 0x0000000081000000|100%|HS|  |TAMS 0x0000000081000000, 0x0000000080f00000| Complete 
|  16|0x0000000081000000, 0x0000000081100000, 0x0000000081100000|100%|HC|  |TAMS 0x0000000081100000, 0x0000000081000000| Complete 
|  17|0x0000000081100000, 0x0000000081200000, 0x0000000081200000|100%|HS|  |TAMS 0x0000000081200000, 0x0000000081100000| Complete 
|  18|0x0000000081200000, 0x0000000081300000, 0x0000000081300000|100%|HC|  |TAMS 0x0000000081300000, 0x0000000081200000| Complete 
|  19|0x0000000081300000, 0x0000000081400000, 0x0000000081400000|100%|HC|  |TAMS 0x0000000081400000, 0x0000000081300000| Complete 
|  20|0x0000000081400000, 0x0000000081500000, 0x0000000081500000|100%|HS|  |TAMS 0x0000000081500000, 0x0000000081400000| Complete 
|  21|0x0000000081500000, 0x0000000081600000, 0x0000000081600000|100%|HC|  |TAMS 0x0000000081600000, 0x0000000081500000| Complete 
|  22|0x0000000081600000, 0x0000000081700000, 0x0000000081700000|100%|HC|  |TAMS 0x0000000081700000, 0x0000000081600000| Complete 
|  23|0x0000000081700000, 0x0000000081800000, 0x0000000081800000|100%|HC|  |TAMS 0x0000000081800000, 0x0000000081700000| Complete 
|  24|0x0000000081800000, 0x0000000081900000, 0x0000000081900000|100%|HC|  |TAMS 0x0000000081900000, 0x0000000081800000| Complete 
|  25|0x0000000081900000, 0x0000000081a00000, 0x0000000081a00000|100%| O|  |TAMS 0x0000000081a00000, 0x0000000081900000| Untracked 
|  26|0x0000000081a00000, 0x0000000081b00000, 0x0000000081b00000|100%| O|  |TAMS 0x0000000081b00000, 0x0000000081a00000| Untracked 
|  27|0x0000000081b00000, 0x0000000081c00000, 0x0000000081c00000|100%| O|  |TAMS 0x0000000081c00000, 0x0000000081b00000| Untracked 
|  28|0x0000000081c00000, 0x0000000081d00000, 0x0000000081d00000|100%| O|  |TAMS 0x0000000081d00000, 0x0000000081c00000| Untracked 
|  29|0x0000000081d00000, 0x0000000081e00000, 0x0000000081e00000|100%| O|  |TAMS 0x0000000081e00000, 0x0000000081d00000| Untracked 
|  30|0x0000000081e00000, 0x0000000081f00000, 0x0000000081f00000|100%| O|  |TAMS 0x0000000081f00000, 0x0000000081e00000| Untracked 
|  31|0x0000000081f00000, 0x0000000082000000, 0x0000000082000000|100%| O|  |TAMS 0x0000000082000000, 0x0000000081f00000| Untracked 
|  32|0x0000000082000000, 0x0000000082100000, 0x0000000082100000|100%| O|  |TAMS 0x0000000082100000, 0x0000000082000000| Untracked 
|  33|0x0000000082100000, 0x0000000082200000, 0x0000000082200000|100%| O|  |TAMS 0x0000000082200000, 0x0000000082100000| Untracked 
|  34|0x0000000082200000, 0x0000000082300000, 0x0000000082300000|100%| O|  |TAMS 0x0000000082300000, 0x0000000082200000| Untracked 
|  35|0x0000000082300000, 0x0000000082400000, 0x0000000082400000|100%| O|  |TAMS 0x0000000082400000, 0x0000000082300000| Untracked 
|  36|0x0000000082400000, 0x0000000082500000, 0x0000000082500000|100%| O|  |TAMS 0x0000000082500000, 0x0000000082400000| Untracked 
|  37|0x0000000082500000, 0x0000000082600000, 0x0000000082600000|100%| O|  |TAMS 0x0000000082600000, 0x0000000082500000| Untracked 
|  38|0x0000000082600000, 0x0000000082700000, 0x0000000082700000|100%|HS|  |TAMS 0x0000000082700000, 0x0000000082600000| Complete 
|  39|0x0000000082700000, 0x0000000082800000, 0x0000000082800000|100%|HC|  |TAMS 0x0000000082800000, 0x0000000082700000| Complete 
|  40|0x0000000082800000, 0x0000000082900000, 0x0000000082900000|100%|HC|  |TAMS 0x0000000082900000, 0x0000000082800000| Complete 
|  41|0x0000000082900000, 0x0000000082a00000, 0x0000000082a00000|100%|HC|  |TAMS 0x0000000082a00000, 0x0000000082900000| Complete 
|  42|0x0000000082a00000, 0x0000000082b00000, 0x0000000082b00000|100%|HC|  |TAMS 0x0000000082b00000, 0x0000000082a00000| Complete 
|  43|0x0000000082b00000, 0x0000000082c00000, 0x0000000082c00000|100%|HS|  |TAMS 0x0000000082c00000, 0x0000000082b00000| Complete 
|  44|0x0000000082c00000, 0x0000000082d00000, 0x0000000082d00000|100%|HC|  |TAMS 0x0000000082d00000, 0x0000000082c00000| Complete 
|  45|0x0000000082d00000, 0x0000000082e00000, 0x0000000082e00000|100%|HC|  |TAMS 0x0000000082e00000, 0x0000000082d00000| Complete 
|  46|0x0000000082e00000, 0x0000000082f00000, 0x0000000082f00000|100%| O|  |TAMS 0x0000000082f00000, 0x0000000082e00000| Untracked 
|  47|0x0000000082f00000, 0x0000000083000000, 0x0000000083000000|100%| O|  |TAMS 0x0000000083000000, 0x0000000082f00000| Untracked 
|  48|0x0000000083000000, 0x0000000083100000, 0x0000000083100000|100%| O|  |TAMS 0x0000000083100000, 0x0000000083000000| Untracked 
|  49|0x0000000083100000, 0x0000000083200000, 0x0000000083200000|100%| O|  |TAMS 0x0000000083200000, 0x0000000083100000| Untracked 
|  50|0x0000000083200000, 0x0000000083300000, 0x0000000083300000|100%| O|  |TAMS 0x0000000083300000, 0x0000000083200000| Untracked 
|  51|0x0000000083300000, 0x0000000083400000, 0x0000000083400000|100%| O|  |TAMS 0x0000000083400000, 0x0000000083300000| Untracked 
|  52|0x0000000083400000, 0x0000000083500000, 0x0000000083500000|100%| O|  |TAMS 0x0000000083500000, 0x0000000083400000| Untracked 
|  53|0x0000000083500000, 0x00000000835c8a00, 0x0000000083600000| 78%| O|  |TAMS 0x00000000835c8a00, 0x0000000083500000| Untracked 
|  54|0x0000000083600000, 0x0000000083700000, 0x0000000083700000|100%|HS|  |TAMS 0x0000000083600000, 0x0000000083600000| Complete 
|  55|0x0000000083700000, 0x0000000083800000, 0x0000000083800000|100%|HS|  |TAMS 0x0000000083700000, 0x0000000083700000| Complete 
|  56|0x0000000083800000, 0x0000000083900000, 0x0000000083900000|100%|HS|  |TAMS 0x0000000083800000, 0x0000000083800000| Complete 
|  57|0x0000000083900000, 0x0000000083a00000, 0x0000000083a00000|100%|HC|  |TAMS 0x0000000083900000, 0x0000000083900000| Complete 
|  58|0x0000000083a00000, 0x0000000083a00000, 0x0000000083b00000|  0%| F|  |TAMS 0x0000000083a00000, 0x0000000083a00000| Untracked 
|  59|0x0000000083b00000, 0x0000000083b00000, 0x0000000083c00000|  0%| F|  |TAMS 0x0000000083b00000, 0x0000000083b00000| Untracked 
|  60|0x0000000083c00000, 0x0000000083c00000, 0x0000000083d00000|  0%| F|  |TAMS 0x0000000083c00000, 0x0000000083c00000| Untracked 
|  61|0x0000000083d00000, 0x0000000083d00000, 0x0000000083e00000|  0%| F|  |TAMS 0x0000000083d00000, 0x0000000083d00000| Untracked 
|  62|0x0000000083e00000, 0x0000000083e00000, 0x0000000083f00000|  0%| F|  |TAMS 0x0000000083e00000, 0x0000000083e00000| Untracked 
|  63|0x0000000083f00000, 0x0000000083f00000, 0x0000000084000000|  0%| F|  |TAMS 0x0000000083f00000, 0x0000000083f00000| Untracked 
|  64|0x0000000084000000, 0x0000000084000000, 0x0000000084100000|  0%| F|  |TAMS 0x0000000084000000, 0x0000000084000000| Untracked 
|  65|0x0000000084100000, 0x0000000084100000, 0x0000000084200000|  0%| F|  |TAMS 0x0000000084100000, 0x0000000084100000| Untracked 
|  66|0x0000000084200000, 0x0000000084200000, 0x0000000084300000|  0%| F|  |TAMS 0x0000000084200000, 0x0000000084200000| Untracked 
|  67|0x0000000084300000, 0x0000000084300000, 0x0000000084400000|  0%| F|  |TAMS 0x0000000084300000, 0x0000000084300000| Untracked 
|  68|0x0000000084400000, 0x0000000084400000, 0x0000000084500000|  0%| F|  |TAMS 0x0000000084400000, 0x0000000084400000| Untracked 
|  69|0x0000000084500000, 0x0000000084500000, 0x0000000084600000|  0%| F|  |TAMS 0x0000000084500000, 0x0000000084500000| Untracked 
|  70|0x0000000084600000, 0x0000000084600000, 0x0000000084700000|  0%| F|  |TAMS 0x0000000084600000, 0x0000000084600000| Untracked 
|  71|0x0000000084700000, 0x0000000084700000, 0x0000000084800000|  0%| F|  |TAMS 0x0000000084700000, 0x0000000084700000| Untracked 
|  72|0x0000000084800000, 0x0000000084800000, 0x0000000084900000|  0%| F|  |TAMS 0x0000000084800000, 0x0000000084800000| Untracked 
|  73|0x0000000084900000, 0x0000000084900000, 0x0000000084a00000|  0%| F|  |TAMS 0x0000000084900000, 0x0000000084900000| Untracked 
|  74|0x0000000084a00000, 0x0000000084a00000, 0x0000000084b00000|  0%| F|  |TAMS 0x0000000084a00000, 0x0000000084a00000| Untracked 
|  75|0x0000000084b00000, 0x0000000084b00000, 0x0000000084c00000|  0%| F|  |TAMS 0x0000000084b00000, 0x0000000084b00000| Untracked 
|  76|0x0000000084c00000, 0x0000000084c00000, 0x0000000084d00000|  0%| F|  |TAMS 0x0000000084c00000, 0x0000000084c00000| Untracked 
|  77|0x0000000084d00000, 0x0000000084d00000, 0x0000000084e00000|  0%| F|  |TAMS 0x0000000084d00000, 0x0000000084d00000| Untracked 
|  78|0x0000000084e00000, 0x0000000084e00000, 0x0000000084f00000|  0%| F|  |TAMS 0x0000000084e00000, 0x0000000084e00000| Untracked 
|  79|0x0000000084f00000, 0x0000000084f00000, 0x0000000085000000|  0%| F|  |TAMS 0x0000000084f00000, 0x0000000084f00000| Untracked 
|  80|0x0000000085000000, 0x0000000085000000, 0x0000000085100000|  0%| F|  |TAMS 0x0000000085000000, 0x0000000085000000| Untracked 
|  81|0x0000000085100000, 0x0000000085100000, 0x0000000085200000|  0%| F|  |TAMS 0x0000000085100000, 0x0000000085100000| Untracked 
|  82|0x0000000085200000, 0x0000000085200000, 0x0000000085300000|  0%| F|  |TAMS 0x0000000085200000, 0x0000000085200000| Untracked 
|  83|0x0000000085300000, 0x0000000085300000, 0x0000000085400000|  0%| F|  |TAMS 0x0000000085300000, 0x0000000085300000| Untracked 
|  84|0x0000000085400000, 0x0000000085400000, 0x0000000085500000|  0%| F|  |TAMS 0x0000000085400000, 0x0000000085400000| Untracked 
|  85|0x0000000085500000, 0x0000000085500000, 0x0000000085600000|  0%| F|  |TAMS 0x0000000085500000, 0x0000000085500000| Untracked 
|  86|0x0000000085600000, 0x0000000085600000, 0x0000000085700000|  0%| F|  |TAMS 0x0000000085600000, 0x0000000085600000| Untracked 
|  87|0x0000000085700000, 0x0000000085700000, 0x0000000085800000|  0%| F|  |TAMS 0x0000000085700000, 0x0000000085700000| Untracked 
|  88|0x0000000085800000, 0x00000000858ad3e0, 0x0000000085900000| 67%| S|CS|TAMS 0x0000000085800000, 0x0000000085800000| Complete 
|  89|0x0000000085900000, 0x0000000085a00000, 0x0000000085a00000|100%| S|CS|TAMS 0x0000000085900000, 0x0000000085900000| Complete 
|  90|0x0000000085a00000, 0x0000000085b00000, 0x0000000085b00000|100%| S|CS|TAMS 0x0000000085a00000, 0x0000000085a00000| Complete 
|  91|0x0000000085b00000, 0x0000000085b00000, 0x0000000085c00000|  0%| F|  |TAMS 0x0000000085b00000, 0x0000000085b00000| Untracked 
|  92|0x0000000085c00000, 0x0000000085c00000, 0x0000000085d00000|  0%| F|  |TAMS 0x0000000085c00000, 0x0000000085c00000| Untracked 
|  93|0x0000000085d00000, 0x0000000085d00000, 0x0000000085e00000|  0%| F|  |TAMS 0x0000000085d00000, 0x0000000085d00000| Untracked 
|  94|0x0000000085e00000, 0x0000000085e00000, 0x0000000085f00000|  0%| F|  |TAMS 0x0000000085e00000, 0x0000000085e00000| Untracked 
|  95|0x0000000085f00000, 0x0000000085f00000, 0x0000000086000000|  0%| F|  |TAMS 0x0000000085f00000, 0x0000000085f00000| Untracked 
|  96|0x0000000086000000, 0x0000000086000000, 0x0000000086100000|  0%| F|  |TAMS 0x0000000086000000, 0x0000000086000000| Untracked 
|  97|0x0000000086100000, 0x0000000086100000, 0x0000000086200000|  0%| F|  |TAMS 0x0000000086100000, 0x0000000086100000| Untracked 
|  98|0x0000000086200000, 0x0000000086200000, 0x0000000086300000|  0%| F|  |TAMS 0x0000000086200000, 0x0000000086200000| Untracked 
|  99|0x0000000086300000, 0x0000000086300000, 0x0000000086400000|  0%| F|  |TAMS 0x0000000086300000, 0x0000000086300000| Untracked 
| 100|0x0000000086400000, 0x0000000086400000, 0x0000000086500000|  0%| F|  |TAMS 0x0000000086400000, 0x0000000086400000| Untracked 
| 101|0x0000000086500000, 0x0000000086500000, 0x0000000086600000|  0%| F|  |TAMS 0x0000000086500000, 0x0000000086500000| Untracked 
| 102|0x0000000086600000, 0x0000000086600000, 0x0000000086700000|  0%| F|  |TAMS 0x0000000086600000, 0x0000000086600000| Untracked 
| 103|0x0000000086700000, 0x0000000086700000, 0x0000000086800000|  0%| F|  |TAMS 0x0000000086700000, 0x0000000086700000| Untracked 
| 104|0x0000000086800000, 0x0000000086800000, 0x0000000086900000|  0%| F|  |TAMS 0x0000000086800000, 0x0000000086800000| Untracked 
| 105|0x0000000086900000, 0x0000000086900000, 0x0000000086a00000|  0%| F|  |TAMS 0x0000000086900000, 0x0000000086900000| Untracked 
| 106|0x0000000086a00000, 0x0000000086a00000, 0x0000000086b00000|  0%| F|  |TAMS 0x0000000086a00000, 0x0000000086a00000| Untracked 
| 107|0x0000000086b00000, 0x0000000086b00000, 0x0000000086c00000|  0%| F|  |TAMS 0x0000000086b00000, 0x0000000086b00000| Untracked 
| 108|0x0000000086c00000, 0x0000000086c00000, 0x0000000086d00000|  0%| F|  |TAMS 0x0000000086c00000, 0x0000000086c00000| Untracked 
| 109|0x0000000086d00000, 0x0000000086d00000, 0x0000000086e00000|  0%| F|  |TAMS 0x0000000086d00000, 0x0000000086d00000| Untracked 
| 110|0x0000000086e00000, 0x0000000086e00000, 0x0000000086f00000|  0%| F|  |TAMS 0x0000000086e00000, 0x0000000086e00000| Untracked 
| 111|0x0000000086f00000, 0x0000000086f00000, 0x0000000087000000|  0%| F|  |TAMS 0x0000000086f00000, 0x0000000086f00000| Untracked 
| 112|0x0000000087000000, 0x0000000087000000, 0x0000000087100000|  0%| F|  |TAMS 0x0000000087000000, 0x0000000087000000| Untracked 
| 113|0x0000000087100000, 0x0000000087100000, 0x0000000087200000|  0%| F|  |TAMS 0x0000000087100000, 0x0000000087100000| Untracked 
| 114|0x0000000087200000, 0x0000000087200000, 0x0000000087300000|  0%| F|  |TAMS 0x0000000087200000, 0x0000000087200000| Untracked 
| 115|0x0000000087300000, 0x0000000087300000, 0x0000000087400000|  0%| F|  |TAMS 0x0000000087300000, 0x0000000087300000| Untracked 
| 116|0x0000000087400000, 0x0000000087400000, 0x0000000087500000|  0%| F|  |TAMS 0x0000000087400000, 0x0000000087400000| Untracked 
| 117|0x0000000087500000, 0x0000000087500000, 0x0000000087600000|  0%| F|  |TAMS 0x0000000087500000, 0x0000000087500000| Untracked 
| 118|0x0000000087600000, 0x0000000087600000, 0x0000000087700000|  0%| F|  |TAMS 0x0000000087600000, 0x0000000087600000| Untracked 
| 119|0x0000000087700000, 0x0000000087700000, 0x0000000087800000|  0%| F|  |TAMS 0x0000000087700000, 0x0000000087700000| Untracked 
| 120|0x0000000087800000, 0x0000000087800000, 0x0000000087900000|  0%| F|  |TAMS 0x0000000087800000, 0x0000000087800000| Untracked 
| 121|0x0000000087900000, 0x0000000087900000, 0x0000000087a00000|  0%| F|  |TAMS 0x0000000087900000, 0x0000000087900000| Untracked 
| 122|0x0000000087a00000, 0x0000000087a00000, 0x0000000087b00000|  0%| F|  |TAMS 0x0000000087a00000, 0x0000000087a00000| Untracked 
| 123|0x0000000087b00000, 0x0000000087b00000, 0x0000000087c00000|  0%| F|  |TAMS 0x0000000087b00000, 0x0000000087b00000| Untracked 
| 124|0x0000000087c00000, 0x0000000087c00000, 0x0000000087d00000|  0%| F|  |TAMS 0x0000000087c00000, 0x0000000087c00000| Untracked 
| 125|0x0000000087d00000, 0x0000000087d00000, 0x0000000087e00000|  0%| F|  |TAMS 0x0000000087d00000, 0x0000000087d00000| Untracked 
| 126|0x0000000087e00000, 0x0000000087f00000, 0x0000000087f00000|100%| E|  |TAMS 0x0000000087e00000, 0x0000000087e00000| Complete 
| 127|0x0000000087f00000, 0x0000000088000000, 0x0000000088000000|100%| E|CS|TAMS 0x0000000087f00000, 0x0000000087f00000| Complete 
| 128|0x0000000088000000, 0x0000000088100000, 0x0000000088100000|100%| E|CS|TAMS 0x0000000088000000, 0x0000000088000000| Complete 
| 129|0x0000000088100000, 0x0000000088200000, 0x0000000088200000|100%| E|CS|TAMS 0x0000000088100000, 0x0000000088100000| Complete 
| 130|0x0000000088200000, 0x0000000088300000, 0x0000000088300000|100%| E|CS|TAMS 0x0000000088200000, 0x0000000088200000| Complete 
| 131|0x0000000088300000, 0x0000000088400000, 0x0000000088400000|100%| E|CS|TAMS 0x0000000088300000, 0x0000000088300000| Complete 
| 132|0x0000000088400000, 0x0000000088500000, 0x0000000088500000|100%| E|CS|TAMS 0x0000000088400000, 0x0000000088400000| Complete 
| 133|0x0000000088500000, 0x0000000088600000, 0x0000000088600000|100%| E|CS|TAMS 0x0000000088500000, 0x0000000088500000| Complete 
| 134|0x0000000088600000, 0x0000000088700000, 0x0000000088700000|100%| E|CS|TAMS 0x0000000088600000, 0x0000000088600000| Complete 
| 135|0x0000000088700000, 0x0000000088800000, 0x0000000088800000|100%| E|CS|TAMS 0x0000000088700000, 0x0000000088700000| Complete 
| 136|0x0000000088800000, 0x0000000088900000, 0x0000000088900000|100%| E|  |TAMS 0x0000000088800000, 0x0000000088800000| Complete 
| 137|0x0000000088900000, 0x0000000088a00000, 0x0000000088a00000|100%| E|CS|TAMS 0x0000000088900000, 0x0000000088900000| Complete 
| 138|0x0000000088a00000, 0x0000000088b00000, 0x0000000088b00000|100%| E|CS|TAMS 0x0000000088a00000, 0x0000000088a00000| Complete 
| 139|0x0000000088b00000, 0x0000000088c00000, 0x0000000088c00000|100%| E|CS|TAMS 0x0000000088b00000, 0x0000000088b00000| Complete 

Card table byte_map: [0x0000000015c30000,0x0000000016030000] _byte_map_base: 0x0000000015830000

Marking Bits (Prev, Next): (CMBitMap*) 0x00000000003cd5c8, (CMBitMap*) 0x00000000003cd600
 Prev Bits: [0x0000000016430000, 0x0000000018430000)
 Next Bits: [0x0000000018430000, 0x000000001a430000)

Polling page: 0x0000000000230000

Metaspace:

Usage:
  Non-class:     43.71 MB capacity,    42.72 MB ( 98%) used,   873.90 KB (  2%) free+waste,   134.50 KB ( <1%) overhead. 
      Class:      6.78 MB capacity,     6.29 MB ( 93%) used,   428.74 KB (  6%) free+waste,    64.56 KB ( <1%) overhead. 
       Both:     50.48 MB capacity,    49.02 MB ( 97%) used,     1.27 MB (  3%) free+waste,   199.06 KB ( <1%) overhead. 

Virtual space:
  Non-class space:       44.00 MB reserved,      43.95 MB (>99%) committed 
      Class space:        1.00 GB reserved,       6.88 MB ( <1%) committed 
             Both:        1.04 GB reserved,      50.82 MB (  5%) committed 

Chunk freelists:
   Non-Class:  54.00 KB
       Class:  6.00 KB
        Both:  60.00 KB

MaxMetaspaceSize: 17179869184.00 GB
CompressedClassSpaceSize: 1.00 GB

CodeHeap 'non-profiled nmethods': size=120064Kb used=1928Kb max_used=1928Kb free=118136Kb
 bounds [0x000000000daf0000, 0x000000000dd60000, 0x0000000015030000]
CodeHeap 'profiled nmethods': size=120000Kb used=9544Kb max_used=9544Kb free=110455Kb
 bounds [0x00000000065c0000, 0x0000000006f20000, 0x000000000daf0000]
CodeHeap 'non-nmethods': size=5696Kb used=2214Kb max_used=2250Kb free=3481Kb
 bounds [0x0000000006030000, 0x00000000062a0000, 0x00000000065c0000]
 total_blobs=5950 nmethods=5158 adapters=703
 compilation: enabled
              stopped_count=0, restarted_count=0
 full_count=0

Compilation events (20 events):
Event: 11.268 Thread 0x000000005d924800 5234       2       java.util.concurrent.ConcurrentHashMap::containsKey (14 bytes)
Event: 11.268 Thread 0x000000005d924800 nmethod 5234 0x0000000006f0be10 code [0x0000000006f0bfc0, 0x0000000006f0c0e8]
Event: 11.268 Thread 0x000000005d924800 5236       2       org.gradle.internal.operations.DefaultBuildOperationAncestryTracker::started (26 bytes)
Event: 11.269 Thread 0x000000005d924800 nmethod 5236 0x0000000006f0c190 code [0x0000000006f0c340, 0x0000000006f0c468]
Event: 11.269 Thread 0x000000005d924800 5237       2       java.util.Collections$EmptyMap::entrySet (4 bytes)
Event: 11.269 Thread 0x000000005d924800 nmethod 5237 0x0000000006f0c590 code [0x0000000006f0c740, 0x0000000006f0c838]
Event: 11.280 Thread 0x000000005d924800 5238       2       java.lang.invoke.InnerClassLambdaMetafactory$ForwardingMethodGenerator::generate (181 bytes)
Event: 11.281 Thread 0x000000005d924800 nmethod 5238 0x0000000006f0c910 code [0x0000000006f0cba0, 0x0000000006f0d118]
Event: 11.291 Thread 0x000000005d924800 5239       2       java.lang.invoke.InnerClassLambdaMetafactory::spinInnerClass (521 bytes)
Event: 11.294 Thread 0x000000005d924800 nmethod 5239 0x0000000006f0d590 code [0x0000000006f0d960, 0x0000000006f0eb18]
Event: 11.295 Thread 0x000000005d924800 5241   !   2       java.lang.invoke.InnerClassLambdaMetafactory::buildCallSite (168 bytes)
Event: 11.297 Thread 0x000000005d924800 nmethod 5241 0x0000000006f0f610 code [0x0000000006f0f980, 0x0000000006f10848]
Event: 11.297 Thread 0x000000005d924800 5242       2       java.lang.invoke.LambdaForm$DMH/0x000000001d29b440::invokeStatic (30 bytes)
Event: 11.297 Thread 0x000000005d924800 nmethod 5242 0x0000000006f11290 code [0x0000000006f11460, 0x0000000006f11648]
Event: 11.297 Thread 0x000000005d924800 5243       2       java.lang.invoke.LambdaFormEditor::bindArgumentType (101 bytes)
Event: 11.298 Thread 0x000000005d924800 nmethod 5243 0x0000000006f11790 code [0x0000000006f11940, 0x0000000006f11a68]
Event: 11.301 Thread 0x000000005d924800 5244       2       java.lang.invoke.MemberName::equals (24 bytes)
Event: 11.301 Thread 0x000000005d924800 nmethod 5244 0x0000000006f11b90 code [0x0000000006f11d40, 0x0000000006f11ee8]
Event: 11.308 Thread 0x000000005d924800 5245       2       java.lang.reflect.Modifier::isVolatile (13 bytes)
Event: 11.308 Thread 0x000000005d924800 nmethod 5245 0x0000000006f11f90 code [0x0000000006f12140, 0x0000000006f12238]

GC Heap History (20 events):
Event: 5.080 GC heap before
{Heap before GC invocations=8 (full 0):
 garbage-first heap   total 78848K, used 58683K [0x0000000080000000, 0x0000000100000000)
  region size 1024K, 34 young (34816K), 3 survivors (3072K)
 Metaspace       used 26738K, capacity 27470K, committed 27648K, reserved 1073152K
  class space    used 3525K, capacity 3806K, committed 3840K, reserved 1048576K
}
Event: 5.097 GC heap after
{Heap after GC invocations=9 (full 0):
 garbage-first heap   total 78848K, used 31845K [0x0000000080000000, 0x0000000100000000)
  region size 1024K, 5 young (5120K), 5 survivors (5120K)
 Metaspace       used 26738K, capacity 27470K, committed 27648K, reserved 1073152K
  class space    used 3525K, capacity 3806K, committed 3840K, reserved 1048576K
}
Event: 5.851 GC heap before
{Heap before GC invocations=9 (full 0):
 garbage-first heap   total 78848K, used 57445K [0x0000000080000000, 0x0000000100000000)
  region size 1024K, 30 young (30720K), 5 survivors (5120K)
 Metaspace       used 29034K, capacity 29841K, committed 30080K, reserved 1075200K
  class space    used 3881K, capacity 4171K, committed 4224K, reserved 1048576K
}
Event: 5.882 GC heap after
{Heap after GC invocations=10 (full 0):
 garbage-first heap   total 95232K, used 32930K [0x0000000080000000, 0x0000000100000000)
  region size 1024K, 1 young (1024K), 1 survivors (1024K)
 Metaspace       used 29034K, capacity 29841K, committed 30080K, reserved 1075200K
  class space    used 3881K, capacity 4171K, committed 4224K, reserved 1048576K
}
Event: 7.477 GC heap before
{Heap before GC invocations=10 (full 0):
 garbage-first heap   total 95232K, used 58530K [0x0000000080000000, 0x0000000100000000)
  region size 1024K, 27 young (27648K), 1 survivors (1024K)
 Metaspace       used 34700K, capacity 35623K, committed 35840K, reserved 1081344K
  class space    used 4531K, capacity 4863K, committed 4864K, reserved 1048576K
}
Event: 7.505 GC heap after
{Heap after GC invocations=11 (full 0):
 garbage-first heap   total 95232K, used 34909K [0x0000000080000000, 0x0000000100000000)
  region size 1024K, 3 young (3072K), 3 survivors (3072K)
 Metaspace       used 34700K, capacity 35623K, committed 35840K, reserved 1081344K
  class space    used 4531K, capacity 4863K, committed 4864K, reserved 1048576K
}
Event: 8.166 GC heap before
{Heap before GC invocations=12 (full 0):
 garbage-first heap   total 95232K, used 64605K [0x0000000080000000, 0x0000000100000000)
  region size 1024K, 33 young (33792K), 3 survivors (3072K)
 Metaspace       used 37247K, capacity 38253K, committed 38476K, reserved 1083392K
  class space    used 4823K, capacity 5204K, committed 5248K, reserved 1048576K
}
Event: 8.175 GC heap after
{Heap after GC invocations=13 (full 0):
 garbage-first heap   total 95232K, used 38371K [0x0000000080000000, 0x0000000100000000)
  region size 1024K, 5 young (5120K), 5 survivors (5120K)
 Metaspace       used 37247K, capacity 38253K, committed 38476K, reserved 1083392K
  class space    used 4823K, capacity 5204K, committed 5248K, reserved 1048576K
}
Event: 8.637 GC heap before
{Heap before GC invocations=13 (full 0):
 garbage-first heap   total 95232K, used 72163K [0x0000000080000000, 0x0000000100000000)
  region size 1024K, 35 young (35840K), 5 survivors (5120K)
 Metaspace       used 40412K, capacity 41472K, committed 41676K, reserved 1085440K
  class space    used 5199K, capacity 5575K, committed 5632K, reserved 1048576K
}
Event: 8.647 GC heap after
{Heap after GC invocations=14 (full 0):
 garbage-first heap   total 95232K, used 39261K [0x0000000080000000, 0x0000000100000000)
  region size 1024K, 4 young (4096K), 4 survivors (4096K)
 Metaspace       used 40412K, capacity 41472K, committed 41676K, reserved 1085440K
  class space    used 5199K, capacity 5575K, committed 5632K, reserved 1048576K
}
Event: 8.983 GC heap before
{Heap before GC invocations=14 (full 0):
 garbage-first heap   total 95232K, used 62813K [0x0000000080000000, 0x0000000100000000)
  region size 1024K, 23 young (23552K), 4 survivors (4096K)
 Metaspace       used 41662K, capacity 42826K, committed 42956K, reserved 1087488K
  class space    used 5367K, capacity 5787K, committed 5888K, reserved 1048576K
}
Event: 8.996 GC heap after
{Heap after GC invocations=15 (full 0):
 garbage-first heap   total 118784K, used 46784K [0x0000000080000000, 0x0000000100000000)
  region size 1024K, 4 young (4096K), 4 survivors (4096K)
 Metaspace       used 41662K, capacity 42826K, committed 42956K, reserved 1087488K
  class space    used 5367K, capacity 5787K, committed 5888K, reserved 1048576K
}
Event: 9.534 GC heap before
{Heap before GC invocations=16 (full 0):
 garbage-first heap   total 118784K, used 85696K [0x0000000080000000, 0x0000000100000000)
  region size 1024K, 38 young (38912K), 4 survivors (4096K)
 Metaspace       used 44045K, capacity 45287K, committed 45388K, reserved 1089536K
  class space    used 5556K, capacity 5985K, committed 6016K, reserved 1048576K
}
Event: 9.547 GC heap after
{Heap after GC invocations=17 (full 0):
 garbage-first heap   total 118784K, used 53020K [0x0000000080000000, 0x0000000100000000)
  region size 1024K, 5 young (5120K), 5 survivors (5120K)
 Metaspace       used 44045K, capacity 45287K, committed 45388K, reserved 1089536K
  class space    used 5556K, capacity 5985K, committed 6016K, reserved 1048576K
}
Event: 9.897 GC heap before
{Heap before GC invocations=17 (full 0):
 garbage-first heap   total 118784K, used 86812K [0x0000000080000000, 0x0000000100000000)
  region size 1024K, 38 young (38912K), 5 survivors (5120K)
 Metaspace       used 46084K, capacity 47395K, committed 47564K, reserved 1091584K
  class space    used 5878K, capacity 6346K, committed 6400K, reserved 1048576K
}
Event: 9.909 GC heap after
{Heap after GC invocations=18 (full 0):
 garbage-first heap   total 118784K, used 55357K [0x0000000080000000, 0x0000000100000000)
  region size 1024K, 3 young (3072K), 3 survivors (3072K)
 Metaspace       used 46084K, capacity 47395K, committed 47564K, reserved 1091584K
  class space    used 5878K, capacity 6346K, committed 6400K, reserved 1048576K
}
Event: 10.328 GC heap before
{Heap before GC invocations=18 (full 0):
 garbage-first heap   total 118784K, used 89149K [0x0000000080000000, 0x0000000100000000)
  region size 1024K, 36 young (36864K), 3 survivors (3072K)
 Metaspace       used 48256K, capacity 49687K, committed 49996K, reserved 1093632K
  class space    used 6218K, capacity 6705K, committed 6784K, reserved 1048576K
}
Event: 10.336 GC heap after
{Heap after GC invocations=19 (full 0):
 garbage-first heap   total 118784K, used 56435K [0x0000000080000000, 0x0000000100000000)
  region size 1024K, 4 young (4096K), 4 survivors (4096K)
 Metaspace       used 48256K, capacity 49687K, committed 49996K, reserved 1093632K
  class space    used 6218K, capacity 6705K, committed 6784K, reserved 1048576K
}
Event: 11.014 GC heap before
{Heap before GC invocations=19 (full 0):
 garbage-first heap   total 118784K, used 79987K [0x0000000080000000, 0x0000000100000000)
  region size 1024K, 29 young (29696K), 4 survivors (4096K)
 Metaspace       used 49263K, capacity 50759K, committed 50892K, reserved 1093632K
  class space    used 6307K, capacity 6817K, committed 6912K, reserved 1048576K
}
Event: 11.024 GC heap after
{Heap after GC invocations=20 (full 0):
 garbage-first heap   total 143360K, used 57815K [0x0000000080000000, 0x0000000100000000)
  region size 1024K, 3 young (3072K), 3 survivors (3072K)
 Metaspace       used 49263K, capacity 50759K, committed 50892K, reserved 1093632K
  class space    used 6307K, capacity 6817K, committed 6912K, reserved 1048576K
}

Deoptimization events (20 events):
Event: 10.660 Thread 0x0000000062e90000 DEOPT PACKING pc=0x0000000006cb8f69 sp=0x00000000686fd030
Event: 10.660 Thread 0x0000000062e90000 DEOPT UNPACKING pc=0x00000000060574ce sp=0x00000000686fc4d0 mode 0
Event: 10.663 Thread 0x0000000062e90800 DEOPT PACKING pc=0x0000000006c896d4 sp=0x00000000688edd00
Event: 10.663 Thread 0x0000000062e90800 DEOPT UNPACKING pc=0x00000000060574ce sp=0x00000000688ed2a0 mode 0
Event: 10.701 Thread 0x0000000062e91800 DEOPT PACKING pc=0x0000000006c896d4 sp=0x00000000689fd5c0
Event: 10.701 Thread 0x0000000062e91800 DEOPT UNPACKING pc=0x00000000060574ce sp=0x00000000689fcb60 mode 0
Event: 10.727 Thread 0x0000000062e8f000 DEOPT PACKING pc=0x0000000006c896d4 sp=0x000000006854da20
Event: 10.727 Thread 0x0000000062e8f000 DEOPT UNPACKING pc=0x00000000060574ce sp=0x000000006854cfc0 mode 0
Event: 10.885 Thread 0x000000006062c800 DEOPT PACKING pc=0x0000000006c896d4 sp=0x0000000063b9a290
Event: 10.885 Thread 0x000000006062c800 DEOPT UNPACKING pc=0x00000000060574ce sp=0x0000000063b99830 mode 0
Event: 10.968 Thread 0x000000006062c800 DEOPT PACKING pc=0x00000000066518a4 sp=0x0000000063b99f50
Event: 10.968 Thread 0x000000006062c800 DEOPT UNPACKING pc=0x00000000060574ce sp=0x0000000063b994a0 mode 0
Event: 11.035 Thread 0x000000006062c800 DEOPT PACKING pc=0x0000000006c896d4 sp=0x0000000063b90320
Event: 11.035 Thread 0x000000006062c800 DEOPT UNPACKING pc=0x00000000060574ce sp=0x0000000063b8f8c0 mode 0
Event: 11.185 Thread 0x000000006062c800 DEOPT PACKING pc=0x0000000006c896d4 sp=0x0000000063b90180
Event: 11.185 Thread 0x000000006062c800 DEOPT UNPACKING pc=0x00000000060574ce sp=0x0000000063b8f720 mode 0
Event: 11.262 Thread 0x000000006062c800 Uncommon trap: trap_request=0xffffff4d fr.pc=0x000000000dbbfc70 relative=0x00000000000001b0
Event: 11.262 Thread 0x000000006062c800 Uncommon trap: reason=unstable_if action=reinterpret pc=0x000000000dbbfc70 method=java.util.HashMap.getNode(ILjava/lang/Object;)Ljava/util/HashMap$Node; @ 53 c2
Event: 11.262 Thread 0x000000006062c800 DEOPT PACKING pc=0x000000000dbbfc70 sp=0x0000000063b99390
Event: 11.262 Thread 0x000000006062c800 DEOPT UNPACKING pc=0x00000000060576af sp=0x0000000063b99300 mode 2

Classes redefined (0 events):
No events

Internal exceptions (20 events):
Event: 11.094 Thread 0x000000006062c800 Exception <a 'java/security/PrivilegedActionException'{0x0000000088afe430}> (0x0000000088afe430) thrown at [./src/hotspot/share/prims/jvm.cpp, line 1306]
Event: 11.094 Thread 0x000000006062c800 Exception <a 'java/security/PrivilegedActionException'{0x0000000088901900}> (0x0000000088901900) thrown at [./src/hotspot/share/prims/jvm.cpp, line 1306]
Event: 11.094 Thread 0x000000006062c800 Exception <a 'java/security/PrivilegedActionException'{0x0000000088902bc0}> (0x0000000088902bc0) thrown at [./src/hotspot/share/prims/jvm.cpp, line 1306]
Event: 11.094 Thread 0x000000006062c800 Exception <a 'java/security/PrivilegedActionException'{0x0000000088905af0}> (0x0000000088905af0) thrown at [./src/hotspot/share/prims/jvm.cpp, line 1306]
Event: 11.094 Thread 0x000000006062c800 Exception <a 'java/security/PrivilegedActionException'{0x0000000088906db0}> (0x0000000088906db0) thrown at [./src/hotspot/share/prims/jvm.cpp, line 1306]
Event: 11.094 Thread 0x000000006062c800 Exception <a 'java/security/PrivilegedActionException'{0x0000000088909d30}> (0x0000000088909d30) thrown at [./src/hotspot/share/prims/jvm.cpp, line 1306]
Event: 11.094 Thread 0x000000006062c800 Exception <a 'java/security/PrivilegedActionException'{0x000000008890aff0}> (0x000000008890aff0) thrown at [./src/hotspot/share/prims/jvm.cpp, line 1306]
Event: 11.095 Thread 0x000000006062c800 Exception <a 'java/security/PrivilegedActionException'{0x000000008890dfc8}> (0x000000008890dfc8) thrown at [./src/hotspot/share/prims/jvm.cpp, line 1306]
Event: 11.095 Thread 0x000000006062c800 Exception <a 'java/security/PrivilegedActionException'{0x000000008890f288}> (0x000000008890f288) thrown at [./src/hotspot/share/prims/jvm.cpp, line 1306]
Event: 11.237 Thread 0x000000006062c800 Exception <a 'java/lang/ClassNotFoundException'{0x00000000885bc010}: org/gradle/api/tasks/Delete_DecoratedBeanInfo> (0x00000000885bc010) thrown at [./src/hotspot/share/classfile/systemDictionary.cpp, line 231]
Event: 11.238 Thread 0x000000006062c800 Exception <a 'java/lang/ClassNotFoundException'{0x00000000885e7d70}: org/gradle/api/tasks/DeleteBeanInfo> (0x00000000885e7d70) thrown at [./src/hotspot/share/classfile/systemDictionary.cpp, line 231]
Event: 11.239 Thread 0x000000006062c800 Exception <a 'java/lang/ClassNotFoundException'{0x0000000088416f78}: org/gradle/api/internal/ConventionTaskBeanInfo> (0x0000000088416f78) thrown at [./src/hotspot/share/classfile/systemDictionary.cpp, line 231]
Event: 11.239 Thread 0x000000006062c800 Exception <a 'java/lang/ClassNotFoundException'{0x00000000884424b8}: org/gradle/api/DefaultTaskBeanInfo> (0x00000000884424b8) thrown at [./src/hotspot/share/classfile/systemDictionary.cpp, line 231]
Event: 11.240 Thread 0x000000006062c800 Exception <a 'java/lang/ClassNotFoundException'{0x0000000088471a80}: org/gradle/api/internal/AbstractTaskBeanInfo> (0x0000000088471a80) thrown at [./src/hotspot/share/classfile/systemDictionary.cpp, line 231]
Event: 11.241 Thread 0x000000006062c800 Exception <a 'java/lang/ClassNotFoundException'{0x00000000884a1448}: org/gradle/api/internal/AbstractTaskCustomizer> (0x00000000884a1448) thrown at [./src/hotspot/share/classfile/systemDictionary.cpp, line 231]
Event: 11.244 Thread 0x000000006062c800 Exception <a 'java/lang/ClassNotFoundException'{0x0000000088315520}: org/gradle/api/DefaultTaskCustomizer> (0x0000000088315520) thrown at [./src/hotspot/share/classfile/systemDictionary.cpp, line 231]
Event: 11.247 Thread 0x000000006062c800 Exception <a 'java/lang/ClassNotFoundException'{0x0000000088398e60}: org/gradle/api/internal/ConventionTaskCustomizer> (0x0000000088398e60) thrown at [./src/hotspot/share/classfile/systemDictionary.cpp, line 231]
Event: 11.249 Thread 0x000000006062c800 Exception <a 'java/lang/ClassNotFoundException'{0x00000000883d38f8}: org/gradle/api/tasks/DeleteCustomizer> (0x00000000883d38f8) thrown at [./src/hotspot/share/classfile/systemDictionary.cpp, line 231]
Event: 11.252 Thread 0x000000006062c800 Exception <a 'java/lang/ClassNotFoundException'{0x0000000088215c10}: org/gradle/api/tasks/Delete_DecoratedCustomizer> (0x0000000088215c10) thrown at [./src/hotspot/share/classfile/systemDictionary.cpp, line 231]
Event: 11.294 Thread 0x000000006062c800 Exception <a 'java/lang/NoSuchMethodError'{0x00000000881e85b8}: 'void java.lang.invoke.DirectMethodHandle$Holder.invokeVirtual(java.lang.Object, java.lang.Object)'> (0x00000000881e85b8) thrown at [./src/hotspot/share/interpreter/linkResolver.cpp, line 773]

Events (20 events):
Event: 11.312 loading class org/codehaus/groovy/control/SourceUnit
Event: 11.312 loading class org/codehaus/groovy/control/SourceUnit done
Event: 11.312 loading class org/codehaus/groovy/control/CompilationUnit
Event: 11.312 loading class org/codehaus/groovy/control/CompilationUnit done
Event: 11.312 loading class org/codehaus/groovy/control/ParserPluginFactory
Event: 11.312 loading class org/codehaus/groovy/control/ParserPluginFactory done
Event: 11.313 loading class org/codehaus/groovy/antlr/AntlrParserPluginFactory
Event: 11.313 loading class org/codehaus/groovy/antlr/AntlrParserPluginFactory done
Event: 11.314 loading class org/apache/groovy/parser/antlr4/Antlr4PluginFactory
Event: 11.314 loading class org/apache/groovy/parser/antlr4/Antlr4PluginFactory done
Event: 11.315 loading class org/codehaus/groovy/control/ParserPlugin
Event: 11.315 loading class org/codehaus/groovy/control/ParserPlugin done
Event: 11.315 loading class org/apache/groovy/parser/antlr4/Antlr4ParserPlugin
Event: 11.315 loading class org/apache/groovy/parser/antlr4/Antlr4ParserPlugin done
Event: 11.315 loading class org/codehaus/groovy/ast/ModuleNode
Event: 11.315 loading class org/codehaus/groovy/ast/ModuleNode done
Event: 11.315 loading class org/codehaus/groovy/ast/ModuleNode
Event: 11.315 loading class org/codehaus/groovy/ast/ModuleNode done
Event: 11.317 loading class org/apache/groovy/parser/antlr4/AstBuilder
Event: 11.317 loading class org/apache/groovy/parser/antlr4/AstBuilder done


Dynamic libraries:
0x000000013fd40000 - 0x000000013fd4a000 	C:\Program Files\Android\Android Studio\jre\bin\java.exe
0x00000000775d0000 - 0x000000007776f000 	C:\Windows\SYSTEM32\ntdll.dll
0x00000000773b0000 - 0x00000000774cf000 	C:\Windows\system32\kernel32.dll
0x000007fefd650000 - 0x000007fefd6ba000 	C:\Windows\system32\KERNELBASE.dll
0x000007fef6d70000 - 0x000007fef6d89000 	C:\Program Files\Android\Android Studio\jre\bin\jli.dll
0x000007fefb950000 - 0x000007fefbb44000 	C:\Windows\WinSxS\amd64_microsoft.windows.common-controls_6595b64144ccf1df_6.0.7601.17514_none_fa396087175ac9ac\COMCTL32.dll
0x000007feff820000 - 0x000007feff8bf000 	C:\Windows\system32\msvcrt.dll
0x000007fefe130000 - 0x000007fefe197000 	C:\Windows\system32\GDI32.dll
0x00000000774d0000 - 0x00000000775ca000 	C:\Windows\system32\USER32.dll
0x000007fefe860000 - 0x000007fefe86e000 	C:\Windows\system32\LPK.dll
0x000007fefe660000 - 0x000007fefe729000 	C:\Windows\system32\USP10.dll
0x000007fefd8d0000 - 0x000007fefd941000 	C:\Windows\system32\SHLWAPI.dll
0x000007fef5a30000 - 0x000007fef5a47000 	C:\Program Files\Android\Android Studio\jre\bin\VCRUNTIME140.dll
0x000007fef9570000 - 0x000007fef9574000 	C:\Windows\system32\api-ms-win-crt-runtime-l1-1-0.dll
0x000007fef9470000 - 0x000007fef9562000 	C:\Windows\system32\ucrtbase.DLL
0x000007fef9460000 - 0x000007fef9463000 	C:\Windows\system32\api-ms-win-core-timezone-l1-1-0.dll
0x000007fef9450000 - 0x000007fef9453000 	C:\Windows\system32\api-ms-win-core-file-l2-1-0.dll
0x000007fef9440000 - 0x000007fef9443000 	C:\Windows\system32\api-ms-win-core-localization-l1-2-0.dll
0x000007fefc7e0000 - 0x000007fefc7e3000 	C:\Windows\system32\api-ms-win-core-synch-l1-2-0.dll
0x000007fef9430000 - 0x000007fef9433000 	C:\Windows\system32\api-ms-win-core-processthreads-l1-1-1.dll
0x000007fef9420000 - 0x000007fef9423000 	C:\Windows\system32\api-ms-win-core-file-l1-2-0.dll
0x000007fef9400000 - 0x000007fef9404000 	C:\Windows\system32\api-ms-win-crt-string-l1-1-0.dll
0x000007fef9410000 - 0x000007fef9413000 	C:\Windows\system32\api-ms-win-crt-heap-l1-1-0.dll
0x000007fef93f0000 - 0x000007fef93f4000 	C:\Windows\system32\api-ms-win-crt-stdio-l1-1-0.dll
0x000007fef93e0000 - 0x000007fef93e4000 	C:\Windows\system32\api-ms-win-crt-convert-l1-1-0.dll
0x000007fef93c0000 - 0x000007fef93c3000 	C:\Windows\system32\api-ms-win-crt-environment-l1-1-0.dll
0x000007fef7460000 - 0x000007fef7463000 	C:\Windows\system32\api-ms-win-crt-filesystem-l1-1-0.dll
0x000007fef93a0000 - 0x000007fef93a5000 	C:\Windows\system32\api-ms-win-crt-math-l1-1-0.dll
0x000007fef9380000 - 0x000007fef9383000 	C:\Windows\system32\api-ms-win-crt-locale-l1-1-0.dll
0x000007fefe000000 - 0x000007fefe02e000 	C:\Windows\system32\IMM32.DLL
0x000007fefd950000 - 0x000007fefda59000 	C:\Windows\system32\MSCTF.dll
0x000007fee9570000 - 0x000007fee960d000 	C:\Program Files\Android\Android Studio\jre\bin\msvcp140.dll
0x000007fef5a50000 - 0x000007fef5a55000 	C:\Windows\system32\api-ms-win-crt-multibyte-l1-1-0.dll
0x000007fef9390000 - 0x000007fef9393000 	C:\Windows\system32\api-ms-win-crt-time-l1-1-0.dll
0x000007fef93d0000 - 0x000007fef93d3000 	C:\Windows\system32\api-ms-win-crt-utility-l1-1-0.dll
0x000007fee4910000 - 0x000007fee53df000 	C:\Program Files\Android\Android Studio\jre\bin\server\jvm.dll
0x000007fefe780000 - 0x000007fefe85b000 	C:\Windows\system32\ADVAPI32.dll
0x000007fefe870000 - 0x000007fefe88f000 	C:\Windows\SYSTEM32\sechost.dll
0x000007fefe1a0000 - 0x000007fefe2cc000 	C:\Windows\system32\RPCRT4.dll
0x000007fed8ad0000 - 0x000007fed8ad9000 	C:\Windows\system32\WSOCK32.dll
0x000007fefe730000 - 0x000007fefe77d000 	C:\Windows\system32\WS2_32.dll
0x000007fefdff0000 - 0x000007fefdff8000 	C:\Windows\system32\NSI.dll
0x000007fef9c70000 - 0x000007fef9cab000 	C:\Windows\system32\WINMM.dll
0x000007fefc7a0000 - 0x000007fefc7ac000 	C:\Windows\system32\VERSION.dll
0x0000000077780000 - 0x0000000077787000 	C:\Windows\system32\PSAPI.DLL
0x000007fefa960000 - 0x000007fefa971000 	C:\Program Files\Android\Android Studio\jre\bin\verify.dll
0x000007fef0210000 - 0x000007fef0335000 	C:\Windows\system32\DBGHELP.DLL
0x000007fefa740000 - 0x000007fefa769000 	C:\Program Files\Android\Android Studio\jre\bin\java.dll
0x000007fefa950000 - 0x000007fefa95b000 	C:\Program Files\Android\Android Studio\jre\bin\jimage.dll
0x000007fef6e60000 - 0x000007fef6e78000 	C:\Program Files\Android\Android Studio\jre\bin\zip.dll
0x000007fefea90000 - 0x000007feff818000 	C:\Windows\system32\SHELL32.dll
0x000007fefdde0000 - 0x000007fefdfe3000 	C:\Windows\system32\ole32.dll
0x000007fefd500000 - 0x000007fefd50f000 	C:\Windows\system32\profapi.dll
0x000007fef6c70000 - 0x000007fef6c8a000 	C:\Program Files\Android\Android Studio\jre\bin\net.dll
0x000007fef25f0000 - 0x000007fef2661000 	C:\Windows\system32\WINHTTP.dll
0x000007fef2580000 - 0x000007fef25e4000 	C:\Windows\system32\webio.dll
0x000007fefcce0000 - 0x000007fefcd35000 	C:\Windows\system32\mswsock.dll
0x000007fefccd0000 - 0x000007fefccd7000 	C:\Windows\System32\wship6.dll
0x000007fef6c50000 - 0x000007fef6c64000 	C:\Program Files\Android\Android Studio\jre\bin\nio.dll
0x000007fef6ea0000 - 0x000007fef6ec7000 	C:\Users\KL_Schweizer\.gradle\native\8bec1ad78214c89d9ad589b4d07fe93259594b29d510b10fafb7a158f7737e5d\windows-amd64\native-platform.dll
0x000007fee89f0000 - 0x000007fee8b2d000 	C:\Users\KL_Schweizer\.gradle\native\53dbd7edfb1c66fb8903c78663c9afc45aea4f116125fa6feffd364cf09443e8\windows-amd64\native-platform-file-events.dll
0x000007fefa940000 - 0x000007fefa94a000 	C:\Program Files\Android\Android Studio\jre\bin\management.dll
0x000007fefa730000 - 0x000007fefa73c000 	C:\Program Files\Android\Android Studio\jre\bin\management_ext.dll
0x000007fefcd40000 - 0x000007fefcd58000 	C:\Windows\system32\CRYPTSP.dll
0x000007fefca40000 - 0x000007fefca87000 	C:\Windows\system32\rsaenh.dll
0x000007fefc840000 - 0x000007fefc85e000 	C:\Windows\system32\USERENV.dll
0x000007fefd430000 - 0x000007fefd43f000 	C:\Windows\system32\CRYPTBASE.dll
0x000007fefc520000 - 0x000007fefc547000 	C:\Windows\system32\IPHLPAPI.DLL
0x000007fefc510000 - 0x000007fefc51b000 	C:\Windows\system32\WINNSI.DLL
0x000007fefa200000 - 0x000007fefa211000 	C:\Windows\system32\dhcpcsvc6.DLL
0x000007fefa1e0000 - 0x000007fefa1f8000 	C:\Windows\system32\dhcpcsvc.DLL

dbghelp: loaded successfully - version: 4.0.5 - missing functions: none
symbol engine: initialized successfully - sym options: 0x614 - pdb path: .;C:\Program Files\Android\Android Studio\jre\bin;C:\Windows\SYSTEM32;C:\Windows\WinSxS\amd64_microsoft.windows.common-controls_6595b64144ccf1df_6.0.7601.17514_none_fa396087175ac9ac;C:\Program Files\Android\Android Studio\jre\bin\server;C:\Users\KL_Schweizer\.gradle\native\8bec1ad78214c89d9ad589b4d07fe93259594b29d510b10fafb7a158f7737e5d\windows-amd64;C:\Users\KL_Schweizer\.gradle\native\53dbd7edfb1c66fb8903c78663c9afc45aea4f116125fa6feffd364cf09443e8\windows-amd64

VM Arguments:
jvm_args: --add-opens=java.base/java.util=ALL-UNNAMED --add-opens=java.base/java.lang=ALL-UNNAMED --add-opens=java.base/java.lang.invoke=ALL-UNNAMED --add-opens=java.base/java.util=ALL-UNNAMED --add-opens=java.prefs/java.util.prefs=ALL-UNNAMED --add-opens=java.prefs/java.util.prefs=ALL-UNNAMED --add-opens=java.base/java.nio.charset=ALL-UNNAMED --add-opens=java.base/java.net=ALL-UNNAMED --add-opens=java.base/java.util.concurrent.atomic=ALL-UNNAMED -Xmx2048m -Dfile.encoding=UTF-8 -Duser.country=US -Duser.language=en -Duser.variant 
java_command: org.gradle.launcher.daemon.bootstrap.GradleDaemon 7.0.2
java_class_path (initial): C:\Users\KL_Schweizer\.gradle\wrapper\dists\gradle-7.0.2-bin\857tjihv64xamwrf0h14cai3r\gradle-7.0.2\lib\gradle-launcher-7.0.2.jar
Launcher Type: SUN_STANDARD

[Global flags]
     intx CICompilerCount                          = 3                                         {product} {ergonomic}
     uint ConcGCThreads                            = 1                                         {product} {ergonomic}
     uint G1ConcRefinementThreads                  = 4                                         {product} {ergonomic}
   size_t G1HeapRegionSize                         = 1048576                                   {product} {ergonomic}
    uintx GCDrainStackTargetSize                   = 64                                        {product} {ergonomic}
   size_t InitialHeapSize                          = 67108864                                  {product} {ergonomic}
   size_t MarkStackSize                            = 4194304                                   {product} {ergonomic}
   size_t MaxHeapSize                              = 2147483648                                {product} {command line}
   size_t MaxNewSize                               = 1287651328                                {product} {ergonomic}
   size_t MinHeapDeltaBytes                        = 1048576                                   {product} {ergonomic}
    uintx NonNMethodCodeHeapSize                   = 5830732                                {pd product} {ergonomic}
    uintx NonProfiledCodeHeapSize                  = 122913754                              {pd product} {ergonomic}
    uintx ProfiledCodeHeapSize                     = 122913754                              {pd product} {ergonomic}
    uintx ReservedCodeCacheSize                    = 251658240                              {pd product} {ergonomic}
     bool SegmentedCodeCache                       = true                                      {product} {ergonomic}
     bool UseCompressedClassPointers               = true                                 {lp64_product} {ergonomic}
     bool UseCompressedOops                        = true                                 {lp64_product} {ergonomic}
     bool UseG1GC                                  = true                                      {product} {ergonomic}
     bool UseLargePagesIndividualAllocation        = false                                  {pd product} {ergonomic}

Logging:
Log output configuration:
 #0: stdout all=warning uptime,level,tags
 #1: stderr all=off uptime,level,tags

Environment Variables:
PATH=C:\ProgramData\Oracle\Java\javapath;C:\Program Files\Common Files\Oracle\Java\javapath;C:\Program Files (x86)\Common Files\Microsoft Shared\Windows Live;C:\Windows\system32;C:\Windows;C:\Windows\System32\Wbem;C:\Windows\System32\WindowsPowerShell\v1.0\;C:\Program Files (x86)\NVIDIA Corporation\PhysX\Common;C:\Program Files\nodejs\;C:\xampp\php;C:\composer;C:\Program Files\dotnet\;C:\Program Files\Git\cmd;C:\Program Files\NVIDIA Corporation\NVIDIA NvDLISR;C:\Program Files\Common Files\Microsoft Shared\Windows Live;C:\Users\KL_Schweizer\AppData\Local\Programs\Microsoft VS Code\bin;C:\Users\KL_Schweizer\AppData\Roaming\npm;C:\Users\KL_Schweizer\AppData\Roaming\Composer\vendor\bin;C:\Users\KL_Schweizer\.dotnet\tools
USERNAME=KL_Schweizer
OS=Windows_NT
PROCESSOR_IDENTIFIER=Intel64 Family 6 Model 58 Stepping 9, GenuineIntel



---------------  S Y S T E M  ---------------

OS: Windows 7 , 64 bit Build 7601 (6.1.7601.24384)
OS uptime: 0 days 0:39 hours

CPU:total 4 (initial active 4) (2 cores per cpu, 2 threads per core) family 6 model 58 stepping 9 microcode 0x0, cmov, cx8, fxsr, mmx, sse, sse2, sse3, ssse3, sse4.1, sse4.2, popcnt, avx, clmul, erms, ht, tsc, tscinvbit, tscinv

Memory: 4k page, system-wide physical 3993M (100M free)
TotalPageFile size 6108M (AvailPageFile size 6M)
current process WorkingSet (physical memory assigned to process): 291M, peak: 292M
current process commit charge ("private bytes"): 339M, peak: 341M

vm_info: OpenJDK 64-Bit Server VM (11.0.10+0-b96-7249189) for windows-amd64 JRE (11.0.10+0-b96-7249189), built on Mar 31 2021 21:44:00 by "builder" with MS VC++ 14.0 (VS2015)

END.
